[${project.name}][${env:SERVER_PORT}] 2023-03-09 20:54:59,536 INFO [main][StartupInfoLogger.java:50] - Starting SailingBootstrap on jim.lan with PID 27382 (/Users/hsk/Documents/GitHub/-Java-/sailing/target/classes started by hsk in /Users/hsk/Documents/GitHub/-Java-/sailing)
[${project.name}][${env:SERVER_PORT}] 2023-03-09 20:54:59,542 INFO [main][SpringApplication.java:675] - No active profile set, falling back to default profiles: default
[${project.name}][${env:SERVER_PORT}] 2023-03-09 20:55:00,763 INFO [main][RepositoryConfigurationDelegate.java:244] - Multiple Spring Data modules found, entering strict repository configuration mode!
[${project.name}][${env:SERVER_PORT}] 2023-03-09 20:55:00,768 INFO [main][RepositoryConfigurationDelegate.java:126] - Bootstrapping Spring Data repositories in DEFAULT mode.
[${project.name}][${env:SERVER_PORT}] 2023-03-09 20:55:00,835 INFO [main][RepositoryConfigurationDelegate.java:182] - Finished Spring Data repository scanning in 32ms. Found 0 repository interfaces.
[${project.name}][${env:SERVER_PORT}] 2023-03-09 20:55:01,434 INFO [main][TomcatWebServer.java:90] - Tomcat initialized with port(s): 56085 (http)
[${project.name}][${env:SERVER_PORT}] 2023-03-09 20:55:01,453 INFO [main][DirectJDKLog.java:173] - Initializing ProtocolHandler ["http-nio-56085"]
[${project.name}][${env:SERVER_PORT}] 2023-03-09 20:55:01,460 INFO [main][DirectJDKLog.java:173] - Starting service [Tomcat]
[${project.name}][${env:SERVER_PORT}] 2023-03-09 20:55:01,461 INFO [main][DirectJDKLog.java:173] - Starting Servlet engine: [Apache Tomcat/9.0.16]
[${project.name}][${env:SERVER_PORT}] 2023-03-09 20:55:01,571 INFO [main][DirectJDKLog.java:173] - The APR based Apache Tomcat Native library which allows optimal performance in production environments was not found on the java.library.path: [/Users/hsk/Library/Java/Extensions:/Library/Java/Extensions:/Network/Library/Java/Extensions:/System/Library/Java/Extensions:/usr/lib/java:.]
[${project.name}][${env:SERVER_PORT}] 2023-03-09 20:55:01,697 INFO [main][DirectJDKLog.java:173] - Initializing Spring embedded WebApplicationContext
[${project.name}][${env:SERVER_PORT}] 2023-03-09 20:55:01,698 INFO [main][ServletWebServerApplicationContext.java:296] - Root WebApplicationContext: initialization completed in 2108 ms
[${project.name}][${env:SERVER_PORT}] 2023-03-09 20:55:02,476 INFO [main][EndpointLinksResolver.java:59] - Exposing 2 endpoint(s) beneath base path '/actuator'
[${project.name}][${env:SERVER_PORT}] 2023-03-09 20:55:02,543 INFO [main][PropertySourcedRequestMappingHandlerMapping.java:69] - Mapped URL path [/v2/api-docs] onto method [public org.springframework.http.ResponseEntity<springfox.documentation.spring.web.json.Json> springfox.documentation.swagger2.web.Swagger2Controller.getDocumentation(java.lang.String,javax.servlet.http.HttpServletRequest)]
[${project.name}][${env:SERVER_PORT}] 2023-03-09 20:55:02,670 INFO [main][ExecutorConfigurationSupport.java:171] - Initializing ExecutorService 'applicationTaskExecutor'
[${project.name}][${env:SERVER_PORT}] 2023-03-09 20:55:02,971 INFO [main][DocumentationPluginsBootstrapper.java:160] - Context refreshed
[${project.name}][${env:SERVER_PORT}] 2023-03-09 20:55:02,983 INFO [main][DocumentationPluginsBootstrapper.java:163] - Found 1 custom documentation plugin(s)
[${project.name}][${env:SERVER_PORT}] 2023-03-09 20:55:03,002 INFO [main][ApiListingReferenceScanner.java:41] - Scanning for api listing references
[${project.name}][${env:SERVER_PORT}] 2023-03-09 20:55:03,139 INFO [main][DirectJDKLog.java:173] - Starting ProtocolHandler ["http-nio-56085"]
[${project.name}][${env:SERVER_PORT}] 2023-03-09 20:55:03,187 INFO [main][TomcatWebServer.java:204] - Tomcat started on port(s): 56085 (http) with context path '/sailing'
[${project.name}][${env:SERVER_PORT}] 2023-03-09 20:55:03,197 INFO [main][StartupInfoLogger.java:59] - Started SailingBootstrap in 4.115 seconds (JVM running for 5.766)
[${project.name}][${env:SERVER_PORT}] 2023-03-09 20:55:03,862 INFO [RMI TCP Connection(3)-192.168.199.177][DirectJDKLog.java:173] - Initializing Spring DispatcherServlet 'dispatcherServlet'
[${project.name}][${env:SERVER_PORT}] 2023-03-09 20:55:03,865 INFO [RMI TCP Connection(3)-192.168.199.177][FrameworkServlet.java:524] - Initializing Servlet 'dispatcherServlet'
[${project.name}][${env:SERVER_PORT}] 2023-03-09 20:55:03,892 INFO [RMI TCP Connection(3)-192.168.199.177][FrameworkServlet.java:546] - Completed initialization in 27 ms
[${project.name}][${env:SERVER_PORT}] 2023-03-09 20:55:03,971 INFO [RMI TCP Connection(2)-192.168.199.177][EpollProvider.java:68] - Starting without optional epoll library
[${project.name}][${env:SERVER_PORT}] 2023-03-09 20:55:03,975 INFO [RMI TCP Connection(2)-192.168.199.177][KqueueProvider.java:70] - Starting without optional kqueue library
