[${project.name}][${env:SERVER_PORT}] 2023‐03‐06
            16:00:00,770 [36mDEBUG[m [main][AdaptiveClassCodeGenerator.java:104] ‐  [DUBBO] package org.apache.dubbo.rpc;
import org.apache.dubbo.common.extension.ExtensionLoader;
public class Protocol$Adaptive implements org.apache.dubbo.rpc.Protocol {
public org.apache.dubbo.rpc.Invoker refer(java.lang.Class arg0, org.apache.dubbo.common.URL arg1) throws org.apache.dubbo.rpc.RpcException {
if (arg1 == null) throw new IllegalArgumentException("url == null");
org.apache.dubbo.common.URL url = arg1;
String extName = ( url.getProtocol() == null ? "dubbo" : url.getProtocol() );
if(extName == null) throw new IllegalStateException("Failed to get extension (org.apache.dubbo.rpc.Protocol) name from url (" + url.toString() + ") use keys([protocol])");
org.apache.dubbo.rpc.Protocol extension = (org.apache.dubbo.rpc.Protocol)ExtensionLoader.getExtensionLoader(org.apache.dubbo.rpc.Protocol.class).getExtension(extName);
return extension.refer(arg0, arg1);
}
public void destroy()  {
throw new UnsupportedOperationException("The method public abstract void org.apache.dubbo.rpc.Protocol.destroy() of interface org.apache.dubbo.rpc.Protocol is not adaptive method!");
}
public int getDefaultPort()  {
throw new UnsupportedOperationException("The method public abstract int org.apache.dubbo.rpc.Protocol.getDefaultPort() of interface org.apache.dubbo.rpc.Protocol is not adaptive method!");
}
public org.apache.dubbo.rpc.Exporter export(org.apache.dubbo.rpc.Invoker arg0) throws org.apache.dubbo.rpc.RpcException {
if (arg0 == null) throw new IllegalArgumentException("org.apache.dubbo.rpc.Invoker argument == null");
if (arg0.getUrl() == null) throw new IllegalArgumentException("org.apache.dubbo.rpc.Invoker argument getUrl() == null");
org.apache.dubbo.common.URL url = arg0.getUrl();
String extName = ( url.getProtocol() == null ? "dubbo" : url.getProtocol() );
if(extName == null) throw new IllegalStateException("Failed to get extension (org.apache.dubbo.rpc.Protocol) name from url (" + url.toString() + ") use keys([protocol])");
org.apache.dubbo.rpc.Protocol extension = (org.apache.dubbo.rpc.Protocol)ExtensionLoader.getExtensionLoader(org.apache.dubbo.rpc.Protocol.class).getExtension(extName);
return extension.export(arg0);
}
}, dubbo version: 2.7.3, current host: 192.168.199.177
[${project.name}][${env:SERVER_PORT}] 2023‐03‐06
            16:00:00,833 [36mDEBUG[m [main][AdaptiveClassCodeGenerator.java:104] ‐  [DUBBO] package org.apache.dubbo.rpc.cluster;
import org.apache.dubbo.common.extension.ExtensionLoader;
public class Cluster$Adaptive implements org.apache.dubbo.rpc.cluster.Cluster {
public org.apache.dubbo.rpc.Invoker join(org.apache.dubbo.rpc.cluster.Directory arg0) throws org.apache.dubbo.rpc.RpcException {
if (arg0 == null) throw new IllegalArgumentException("org.apache.dubbo.rpc.cluster.Directory argument == null");
if (arg0.getUrl() == null) throw new IllegalArgumentException("org.apache.dubbo.rpc.cluster.Directory argument getUrl() == null");
org.apache.dubbo.common.URL url = arg0.getUrl();
String extName = url.getParameter("cluster", "failover");
if(extName == null) throw new IllegalStateException("Failed to get extension (org.apache.dubbo.rpc.cluster.Cluster) name from url (" + url.toString() + ") use keys([cluster])");
org.apache.dubbo.rpc.cluster.Cluster extension = (org.apache.dubbo.rpc.cluster.Cluster)ExtensionLoader.getExtensionLoader(org.apache.dubbo.rpc.cluster.Cluster.class).getExtension(extName);
return extension.join(arg0);
}
}, dubbo version: 2.7.3, current host: 192.168.199.177
[${project.name}][${env:SERVER_PORT}] 2023‐03‐06
            16:00:00,843 [36mDEBUG[m [main][AdaptiveClassCodeGenerator.java:104] ‐  [DUBBO] package org.apache.dubbo.rpc;
import org.apache.dubbo.common.extension.ExtensionLoader;
public class ProxyFactory$Adaptive implements org.apache.dubbo.rpc.ProxyFactory {
public java.lang.Object getProxy(org.apache.dubbo.rpc.Invoker arg0) throws org.apache.dubbo.rpc.RpcException {
if (arg0 == null) throw new IllegalArgumentException("org.apache.dubbo.rpc.Invoker argument == null");
if (arg0.getUrl() == null) throw new IllegalArgumentException("org.apache.dubbo.rpc.Invoker argument getUrl() == null");
org.apache.dubbo.common.URL url = arg0.getUrl();
String extName = url.getParameter("proxy", "javassist");
if(extName == null) throw new IllegalStateException("Failed to get extension (org.apache.dubbo.rpc.ProxyFactory) name from url (" + url.toString() + ") use keys([proxy])");
org.apache.dubbo.rpc.ProxyFactory extension = (org.apache.dubbo.rpc.ProxyFactory)ExtensionLoader.getExtensionLoader(org.apache.dubbo.rpc.ProxyFactory.class).getExtension(extName);
return extension.getProxy(arg0);
}
public java.lang.Object getProxy(org.apache.dubbo.rpc.Invoker arg0, boolean arg1) throws org.apache.dubbo.rpc.RpcException {
if (arg0 == null) throw new IllegalArgumentException("org.apache.dubbo.rpc.Invoker argument == null");
if (arg0.getUrl() == null) throw new IllegalArgumentException("org.apache.dubbo.rpc.Invoker argument getUrl() == null");
org.apache.dubbo.common.URL url = arg0.getUrl();
String extName = url.getParameter("proxy", "javassist");
if(extName == null) throw new IllegalStateException("Failed to get extension (org.apache.dubbo.rpc.ProxyFactory) name from url (" + url.toString() + ") use keys([proxy])");
org.apache.dubbo.rpc.ProxyFactory extension = (org.apache.dubbo.rpc.ProxyFactory)ExtensionLoader.getExtensionLoader(org.apache.dubbo.rpc.ProxyFactory.class).getExtension(extName);
return extension.getProxy(arg0, arg1);
}
public org.apache.dubbo.rpc.Invoker getInvoker(java.lang.Object arg0, java.lang.Class arg1, org.apache.dubbo.common.URL arg2) throws org.apache.dubbo.rpc.RpcException {
if (arg2 == null) throw new IllegalArgumentException("url == null");
org.apache.dubbo.common.URL url = arg2;
String extName = url.getParameter("proxy", "javassist");
if(extName == null) throw new IllegalStateException("Failed to get extension (org.apache.dubbo.rpc.ProxyFactory) name from url (" + url.toString() + ") use keys([proxy])");
org.apache.dubbo.rpc.ProxyFactory extension = (org.apache.dubbo.rpc.ProxyFactory)ExtensionLoader.getExtensionLoader(org.apache.dubbo.rpc.ProxyFactory.class).getExtension(extName);
return extension.getInvoker(arg0, arg1, arg2);
}
}, dubbo version: 2.7.3, current host: 192.168.199.177
[${project.name}][${env:SERVER_PORT}] 2023‐03‐06
            16:00:00,886 [32mINFO[m [main][DubboConfigBindingBeanPostProcessor.java:109] ‐ The properties of bean [name : org.apache.dubbo.config.ConsumerConfig#0] have been binding by prefix of configuration properties : dubbo.consumer
[${project.name}][${env:SERVER_PORT}] 2023‐03‐06
            16:00:00,916 [32mINFO[m [main][DubboConfigBindingBeanPostProcessor.java:109] ‐ The properties of bean [name : org.apache.dubbo.config.RegistryConfig#0] have been binding by prefix of configuration properties : dubbo.registry
[${project.name}][${env:SERVER_PORT}] 2023‐03‐06
            16:00:00,919 [32mINFO[m [main][AnnotatedInterfaceConfigBeanBuilder.java:84] ‐ The configBean[type:ReferenceBean] has been built.
[${project.name}][${env:SERVER_PORT}] 2023‐03‐06
            16:00:00,939 [33mWARN[m [main][AbstractInterfaceConfig.java:265] ‐  [DUBBO] There's no valid metadata config found, if you are using the simplified mode of registry url, please make sure you have a metadata address configured properly., dubbo version: 2.7.3, current host: 192.168.199.177
[${project.name}][${env:SERVER_PORT}] 2023‐03‐06
            16:00:00,969 [32mINFO[m [main][AbstractInterfaceConfig.java:237] ‐  [DUBBO] There's no valid monitor config found, if you want to open monitor statistics for Dubbo, please make sure your monitor is configured properly., dubbo version: 2.7.3, current host: 192.168.199.177
[${project.name}][${env:SERVER_PORT}] 2023‐03‐06
            16:00:00,970 [32mINFO[m [main][AbstractInterfaceConfig.java:237] ‐  [DUBBO] There's no valid monitor config found, if you want to open monitor statistics for Dubbo, please make sure your monitor is configured properly., dubbo version: 2.7.3, current host: 192.168.199.177
[${project.name}][${env:SERVER_PORT}] 2023‐03‐06
            16:00:00,977 [36mDEBUG[m [main][AdaptiveClassCodeGenerator.java:104] ‐  [DUBBO] package org.apache.dubbo.registry;
import org.apache.dubbo.common.extension.ExtensionLoader;
public class RegistryFactory$Adaptive implements org.apache.dubbo.registry.RegistryFactory {
public org.apache.dubbo.registry.Registry getRegistry(org.apache.dubbo.common.URL arg0)  {
if (arg0 == null) throw new IllegalArgumentException("url == null");
org.apache.dubbo.common.URL url = arg0;
String extName = ( url.getProtocol() == null ? "dubbo" : url.getProtocol() );
if(extName == null) throw new IllegalStateException("Failed to get extension (org.apache.dubbo.registry.RegistryFactory) name from url (" + url.toString() + ") use keys([protocol])");
org.apache.dubbo.registry.RegistryFactory extension = (org.apache.dubbo.registry.RegistryFactory)ExtensionLoader.getExtensionLoader(org.apache.dubbo.registry.RegistryFactory.class).getExtension(extName);
return extension.getRegistry(arg0);
}
}, dubbo version: 2.7.3, current host: 192.168.199.177
[${project.name}][${env:SERVER_PORT}] 2023‐03‐06
            16:00:00,983 [32mINFO[m [main][QosProtocolWrapper.java:89] ‐  [DUBBO] qos won't be started because it is disabled. Please check dubbo.application.qos.enable is configured either in system property, dubbo.properties or XML/spring-boot configuration., dubbo version: 2.7.3, current host: 192.168.199.177
[${project.name}][${env:SERVER_PORT}] 2023‐03‐06
            16:00:00,984 [33mWARN[m [main][SpringExtensionFactory.java:86] ‐  [DUBBO] No spring extension (bean) named:applicationContext, try to find an extension (bean) of type org.springframework.context.ConfigurableApplicationContext, dubbo version: 2.7.3, current host: 192.168.199.177
[${project.name}][${env:SERVER_PORT}] 2023‐03‐06
            16:00:00,986 [36mDEBUG[m [main][SpringExtensionFactory.java:99] ‐  [DUBBO] Error when get spring extension(bean) for type:org.springframework.context.ConfigurableApplicationContext, dubbo version: 2.7.3, current host: 192.168.199.177
org.springframework.beans.factory.NoSuchBeanDefinitionException: No qualifying bean of type 'org.springframework.context.ConfigurableApplicationContext' available
	at org.springframework.beans.factory.support.DefaultListableBeanFactory.getBean(DefaultListableBeanFactory.java:343)
	at org.springframework.beans.factory.support.DefaultListableBeanFactory.getBean(DefaultListableBeanFactory.java:335)
	at org.springframework.context.support.AbstractApplicationContext.getBean(AbstractApplicationContext.java:1123)
	at org.apache.dubbo.config.spring.extension.SpringExtensionFactory.getExtension(SpringExtensionFactory.java:94)
	at org.apache.dubbo.common.extension.factory.AdaptiveExtensionFactory.getExtension(AdaptiveExtensionFactory.java:47)
	at org.apache.dubbo.common.extension.ExtensionLoader.injectExtension(ExtensionLoader.java:566)
	at org.apache.dubbo.common.extension.ExtensionLoader.createExtension(ExtensionLoader.java:535)
	at org.apache.dubbo.common.extension.ExtensionLoader.getExtension(ExtensionLoader.java:351)
	at org.apache.dubbo.registry.RegistryFactory$Adaptive.getRegistry(RegistryFactory$Adaptive.java)
	at org.apache.dubbo.registry.integration.RegistryProtocol.refer(RegistryProtocol.java:379)
	at org.apache.dubbo.rpc.protocol.ProtocolFilterWrapper.refer(ProtocolFilterWrapper.java:128)
	at org.apache.dubbo.rpc.protocol.ProtocolListenerWrapper.refer(ProtocolListenerWrapper.java:69)
	at org.apache.dubbo.qos.protocol.QosProtocolWrapper.refer(QosProtocolWrapper.java:70)
	at org.apache.dubbo.rpc.Protocol$Adaptive.refer(Protocol$Adaptive.java)
	at org.apache.dubbo.config.ReferenceConfig.createProxy(ReferenceConfig.java:401)
	at org.apache.dubbo.config.ReferenceConfig.init(ReferenceConfig.java:329)
	at org.apache.dubbo.config.ReferenceConfig.get(ReferenceConfig.java:250)
	at org.apache.dubbo.config.spring.beans.factory.annotation.ReferenceAnnotationBeanPostProcessor$ReferenceBeanInvocationHandler.init(ReferenceAnnotationBeanPostProcessor.java:269)
	at org.apache.dubbo.config.spring.beans.factory.annotation.ReferenceAnnotationBeanPostProcessor$ReferenceBeanInvocationHandler.access$100(ReferenceAnnotationBeanPostProcessor.java:242)
	at org.apache.dubbo.config.spring.beans.factory.annotation.ReferenceAnnotationBeanPostProcessor.buildInvocationHandler(ReferenceAnnotationBeanPostProcessor.java:236)
	at org.apache.dubbo.config.spring.beans.factory.annotation.ReferenceAnnotationBeanPostProcessor.buildProxy(ReferenceAnnotationBeanPostProcessor.java:219)
	at org.apache.dubbo.config.spring.beans.factory.annotation.ReferenceAnnotationBeanPostProcessor.doGetInjectedBean(ReferenceAnnotationBeanPostProcessor.java:134)
	at org.apache.dubbo.config.spring.beans.factory.annotation.AnnotationInjectedBeanPostProcessor.getInjectedObject(AnnotationInjectedBeanPostProcessor.java:360)
	at org.apache.dubbo.config.spring.beans.factory.annotation.AnnotationInjectedBeanPostProcessor$AnnotatedFieldElement.inject(AnnotationInjectedBeanPostProcessor.java:540)
	at org.springframework.beans.factory.annotation.InjectionMetadata.inject(InjectionMetadata.java:90)
	at org.apache.dubbo.config.spring.beans.factory.annotation.AnnotationInjectedBeanPostProcessor.postProcessPropertyValues(AnnotationInjectedBeanPostProcessor.java:147)
	at org.springframework.beans.factory.support.AbstractAutowireCapableBeanFactory.populateBean(AbstractAutowireCapableBeanFactory.java:1400)
	at org.springframework.beans.factory.support.AbstractAutowireCapableBeanFactory.doCreateBean(AbstractAutowireCapableBeanFactory.java:592)
	at org.springframework.beans.factory.support.AbstractAutowireCapableBeanFactory.createBean(AbstractAutowireCapableBeanFactory.java:515)
	at org.springframework.beans.factory.support.AbstractBeanFactory.lambda$doGetBean$0(AbstractBeanFactory.java:320)
	at org.springframework.beans.factory.support.DefaultSingletonBeanRegistry.getSingleton(DefaultSingletonBeanRegistry.java:222)
	at org.springframework.beans.factory.support.AbstractBeanFactory.doGetBean(AbstractBeanFactory.java:318)
	at org.springframework.beans.factory.support.AbstractBeanFactory.getBean(AbstractBeanFactory.java:199)
	at org.springframework.beans.factory.support.DefaultListableBeanFactory.preInstantiateSingletons(DefaultListableBeanFactory.java:849)
	at org.springframework.context.support.AbstractApplicationContext.finishBeanFactoryInitialization(AbstractApplicationContext.java:877)
	at org.springframework.context.support.AbstractApplicationContext.refresh(AbstractApplicationContext.java:549)
	at org.springframework.boot.web.servlet.context.ServletWebServerApplicationContext.refresh(ServletWebServerApplicationContext.java:142)
	at org.springframework.boot.SpringApplication.refresh(SpringApplication.java:775)
	at org.springframework.boot.SpringApplication.refreshContext(SpringApplication.java:397)
	at org.springframework.boot.SpringApplication.run(SpringApplication.java:316)
	at org.springframework.boot.SpringApplication.run(SpringApplication.java:1260)
	at org.springframework.boot.SpringApplication.run(SpringApplication.java:1248)
	at com.jim.shanjupay.merchant.MerchantApplicationBootstrap.main(MerchantApplicationBootstrap.java:23)
[${project.name}][${env:SERVER_PORT}] 2023‐03‐06
            16:00:00,991 [33mWARN[m [main][SpringExtensionFactory.java:104] ‐  [DUBBO] No spring extension (bean) named:applicationContext, type:org.springframework.context.ConfigurableApplicationContext found, stop get bean., dubbo version: 2.7.3, current host: 192.168.199.177
[${project.name}][${env:SERVER_PORT}] 2023‐03‐06
            16:00:01,008 [36mDEBUG[m [main][AdaptiveClassCodeGenerator.java:104] ‐  [DUBBO] package org.apache.dubbo.rpc.cluster;
import org.apache.dubbo.common.extension.ExtensionLoader;
public class RouterFactory$Adaptive implements org.apache.dubbo.rpc.cluster.RouterFactory {
public org.apache.dubbo.rpc.cluster.Router getRouter(org.apache.dubbo.common.URL arg0)  {
if (arg0 == null) throw new IllegalArgumentException("url == null");
org.apache.dubbo.common.URL url = arg0;
String extName = url.getProtocol();
if(extName == null) throw new IllegalStateException("Failed to get extension (org.apache.dubbo.rpc.cluster.RouterFactory) name from url (" + url.toString() + ") use keys([protocol])");
org.apache.dubbo.rpc.cluster.RouterFactory extension = (org.apache.dubbo.rpc.cluster.RouterFactory)ExtensionLoader.getExtensionLoader(org.apache.dubbo.rpc.cluster.RouterFactory.class).getExtension(extName);
return extension.getRouter(arg0);
}
}, dubbo version: 2.7.3, current host: 192.168.199.177
[${project.name}][${env:SERVER_PORT}] 2023‐03‐06
            16:00:01,015 [32mINFO[m [main][AbstractRegistry.java:280] ‐  [DUBBO] Register: consumer://192.168.199.177/com.shanjupay.merchant.api.MerchantService?application=merchant-application&category=consumers&check=false&dubbo=2.0.2&generic=false&interface=com.shanjupay.merchant.api.MerchantService&lazy=false&methods=queryMerchantByID,createMerchant&pid=9919&qos.enable=false&qos.port=22310&release=2.7.3&retries=-1&side=consumer&sticky=false&timeout=3000&timestamp=1678089600940, dubbo version: 2.7.3, current host: 192.168.199.177
[${project.name}][${env:SERVER_PORT}] 2023‐03‐06
            16:00:01,016 [36mDEBUG[m [main][AbstractSpringCloudRegistry.java:116] ‐ The URL[consumer://192.168.199.177/com.shanjupay.merchant.api.MerchantService?application=merchant-application&category=consumers&check=false&dubbo=2.0.2&generic=false&interface=com.shanjupay.merchant.api.MerchantService&lazy=false&methods=queryMerchantByID,createMerchant&pid=9919&qos.enable=false&qos.port=22310&release=2.7.3&retries=-1&side=consumer&sticky=false&timeout=3000&timestamp=1678089600940] should not be registered.
[${project.name}][${env:SERVER_PORT}] 2023‐03‐06
            16:00:01,022 [32mINFO[m [main][AbstractRegistry.java:305] ‐  [DUBBO] Subscribe: consumer://192.168.199.177/com.shanjupay.merchant.api.MerchantService?application=merchant-application&category=providers,configurators,routers&check=false&dubbo=2.0.2&generic=false&interface=com.shanjupay.merchant.api.MerchantService&lazy=false&methods=queryMerchantByID,createMerchant&pid=9919&qos.enable=false&qos.port=22310&release=2.7.3&retries=-1&side=consumer&sticky=false&timeout=3000&timestamp=1678089600940, dubbo version: 2.7.3, current host: 192.168.199.177
[${project.name}][${env:SERVER_PORT}] 2023‐03‐06
            16:00:01,024 [32mINFO[m [main][AbstractSpringCloudRegistry.java:213] ‐ The Dubbo Service URL[ID : consumer://192.168.199.177/com.shanjupay.merchant.api.MerchantService] is being subscribed for service[name : merchant-service]
[${project.name}][${env:SERVER_PORT}] 2023‐03‐06
            16:00:01,024 [32mINFO[m [main][AbstractSpringCloudRegistry.java:223] ‐ The metadata of Dubbo service[key : com.shanjupay.merchant.api.MerchantService] can't be found when the subscribed service[name : merchant-service], and then try to initialize it
[${project.name}][${env:SERVER_PORT}] 2023‐03‐06
            16:00:01,024 [32mINFO[m [main][DubboServiceMetadataRepository.java:280] ‐ The metadata of Dubbo service[name : merchant-service] is about to be initialized
[${project.name}][${env:SERVER_PORT}] 2023‐03‐06
            16:00:01,096 [33mWARN[m [main][AbstractInterfaceConfig.java:265] ‐  [DUBBO] There's no valid metadata config found, if you are using the simplified mode of registry url, please make sure you have a metadata address configured properly., dubbo version: 2.7.3, current host: 192.168.199.177
[${project.name}][${env:SERVER_PORT}] 2023‐03‐06
            16:00:01,099 [32mINFO[m [main][AbstractInterfaceConfig.java:237] ‐  [DUBBO] There's no valid monitor config found, if you want to open monitor statistics for Dubbo, please make sure your monitor is configured properly., dubbo version: 2.7.3, current host: 192.168.199.177
[${project.name}][${env:SERVER_PORT}] 2023‐03‐06
            16:00:01,101 [32mINFO[m [main][AbstractInterfaceConfig.java:237] ‐  [DUBBO] There's no valid monitor config found, if you want to open monitor statistics for Dubbo, please make sure your monitor is configured properly., dubbo version: 2.7.3, current host: 192.168.199.177
[${project.name}][${env:SERVER_PORT}] 2023‐03‐06
            16:00:01,103 [32mINFO[m [main][AbstractRegistry.java:280] ‐  [DUBBO] Register: consumer://192.168.199.177/org.apache.dubbo.rpc.service.GenericService?application=merchant-application&category=consumers&check=false&dubbo=2.0.2&generic=true&group=merchant-service&interface=com.alibaba.cloud.dubbo.service.DubboMetadataService&lazy=false&pid=9919&qos.enable=false&qos.port=22310&release=2.7.3&retries=-1&side=consumer&sticky=false&timeout=3000&timestamp=1678089601097&version=1.0.0, dubbo version: 2.7.3, current host: 192.168.199.177
[${project.name}][${env:SERVER_PORT}] 2023‐03‐06
            16:00:01,104 [36mDEBUG[m [main][AbstractSpringCloudRegistry.java:116] ‐ The URL[consumer://192.168.199.177/org.apache.dubbo.rpc.service.GenericService?application=merchant-application&category=consumers&check=false&dubbo=2.0.2&generic=true&group=merchant-service&interface=com.alibaba.cloud.dubbo.service.DubboMetadataService&lazy=false&pid=9919&qos.enable=false&qos.port=22310&release=2.7.3&retries=-1&side=consumer&sticky=false&timeout=3000&timestamp=1678089601097&version=1.0.0] should not be registered.
[${project.name}][${env:SERVER_PORT}] 2023‐03‐06
            16:00:01,106 [32mINFO[m [main][AbstractRegistry.java:305] ‐  [DUBBO] Subscribe: consumer://192.168.199.177/org.apache.dubbo.rpc.service.GenericService?application=merchant-application&category=providers,configurators,routers&check=false&dubbo=2.0.2&generic=true&group=merchant-service&interface=com.alibaba.cloud.dubbo.service.DubboMetadataService&lazy=false&pid=9919&qos.enable=false&qos.port=22310&release=2.7.3&retries=-1&side=consumer&sticky=false&timeout=3000&timestamp=1678089601097&version=1.0.0, dubbo version: 2.7.3, current host: 192.168.199.177
[${project.name}][${env:SERVER_PORT}] 2023‐03‐06
            16:00:01,119 [36mDEBUG[m [main][AdaptiveClassCodeGenerator.java:104] ‐  [DUBBO] package org.apache.dubbo.remoting;
import org.apache.dubbo.common.extension.ExtensionLoader;
public class Transporter$Adaptive implements org.apache.dubbo.remoting.Transporter {
public org.apache.dubbo.remoting.Client connect(org.apache.dubbo.common.URL arg0, org.apache.dubbo.remoting.ChannelHandler arg1) throws org.apache.dubbo.remoting.RemotingException {
if (arg0 == null) throw new IllegalArgumentException("url == null");
org.apache.dubbo.common.URL url = arg0;
String extName = url.getParameter("client", url.getParameter("transporter", "netty"));
if(extName == null) throw new IllegalStateException("Failed to get extension (org.apache.dubbo.remoting.Transporter) name from url (" + url.toString() + ") use keys([client, transporter])");
org.apache.dubbo.remoting.Transporter extension = (org.apache.dubbo.remoting.Transporter)ExtensionLoader.getExtensionLoader(org.apache.dubbo.remoting.Transporter.class).getExtension(extName);
return extension.connect(arg0, arg1);
}
public org.apache.dubbo.remoting.Server bind(org.apache.dubbo.common.URL arg0, org.apache.dubbo.remoting.ChannelHandler arg1) throws org.apache.dubbo.remoting.RemotingException {
if (arg0 == null) throw new IllegalArgumentException("url == null");
org.apache.dubbo.common.URL url = arg0;
String extName = url.getParameter("server", url.getParameter("transporter", "netty"));
if(extName == null) throw new IllegalStateException("Failed to get extension (org.apache.dubbo.remoting.Transporter) name from url (" + url.toString() + ") use keys([server, transporter])");
org.apache.dubbo.remoting.Transporter extension = (org.apache.dubbo.remoting.Transporter)ExtensionLoader.getExtensionLoader(org.apache.dubbo.remoting.Transporter.class).getExtension(extName);
return extension.bind(arg0, arg1);
}
}, dubbo version: 2.7.3, current host: 192.168.199.177
[${project.name}][${env:SERVER_PORT}] 2023‐03‐06
            16:00:01,134 [36mDEBUG[m [main][InternalLoggerFactory.java:43] ‐ Using SLF4J as the default logging framework
[${project.name}][${env:SERVER_PORT}] 2023‐03‐06
            16:00:01,136 [36mDEBUG[m [main][MultithreadEventLoopGroup.java:44] ‐ -Dio.netty.eventLoopThreads: 16
[${project.name}][${env:SERVER_PORT}] 2023‐03‐06
            16:00:01,147 [36mDEBUG[m [main][NioEventLoop.java:105] ‐ -Dio.netty.noKeySetOptimization: false
[${project.name}][${env:SERVER_PORT}] 2023‐03‐06
            16:00:01,147 [36mDEBUG[m [main][NioEventLoop.java:106] ‐ -Dio.netty.selectorAutoRebuildThreshold: 512
[${project.name}][${env:SERVER_PORT}] 2023‐03‐06
            16:00:01,149 [36mDEBUG[m [main][PlatformDependent.java:966] ‐ Platform: MacOS
[${project.name}][${env:SERVER_PORT}] 2023‐03‐06
            16:00:01,150 [36mDEBUG[m [main][PlatformDependent0.java:395] ‐ -Dio.netty.noUnsafe: false
[${project.name}][${env:SERVER_PORT}] 2023‐03‐06
            16:00:01,150 [36mDEBUG[m [main][PlatformDependent0.java:871] ‐ Java version: 8
[${project.name}][${env:SERVER_PORT}] 2023‐03‐06
            16:00:01,151 [36mDEBUG[m [main][PlatformDependent0.java:120] ‐ sun.misc.Unsafe.theUnsafe: available
[${project.name}][${env:SERVER_PORT}] 2023‐03‐06
            16:00:01,152 [36mDEBUG[m [main][PlatformDependent0.java:144] ‐ sun.misc.Unsafe.copyMemory: available
[${project.name}][${env:SERVER_PORT}] 2023‐03‐06
            16:00:01,154 [36mDEBUG[m [main][PlatformDependent0.java:182] ‐ java.nio.Buffer.address: available
[${project.name}][${env:SERVER_PORT}] 2023‐03‐06
            16:00:01,154 [36mDEBUG[m [main][PlatformDependent0.java:243] ‐ direct buffer constructor: available
[${project.name}][${env:SERVER_PORT}] 2023‐03‐06
            16:00:01,155 [36mDEBUG[m [main][PlatformDependent0.java:313] ‐ java.nio.Bits.unaligned: available, true
[${project.name}][${env:SERVER_PORT}] 2023‐03‐06
            16:00:01,155 [36mDEBUG[m [main][PlatformDependent0.java:378] ‐ jdk.internal.misc.Unsafe.allocateUninitializedArray(int): unavailable prior to Java9
[${project.name}][${env:SERVER_PORT}] 2023‐03‐06
            16:00:01,155 [36mDEBUG[m [main][PlatformDependent0.java:385] ‐ java.nio.DirectByteBuffer.<init>(long, int): available
[${project.name}][${env:SERVER_PORT}] 2023‐03‐06
            16:00:01,155 [36mDEBUG[m [main][PlatformDependent.java:992] ‐ sun.misc.Unsafe: available
[${project.name}][${env:SERVER_PORT}] 2023‐03‐06
            16:00:01,156 [36mDEBUG[m [main][PlatformDependent.java:1086] ‐ -Dio.netty.tmpdir: /var/folders/s5/f4r047851kd1np0tsvnsgyx00000gn/T (java.io.tmpdir)
[${project.name}][${env:SERVER_PORT}] 2023‐03‐06
            16:00:01,156 [36mDEBUG[m [main][PlatformDependent.java:1165] ‐ -Dio.netty.bitMode: 64 (sun.arch.data.model)
[${project.name}][${env:SERVER_PORT}] 2023‐03‐06
            16:00:01,157 [36mDEBUG[m [main][PlatformDependent.java:157] ‐ -Dio.netty.maxDirectMemory: 1908932608 bytes
[${project.name}][${env:SERVER_PORT}] 2023‐03‐06
            16:00:01,157 [36mDEBUG[m [main][PlatformDependent.java:164] ‐ -Dio.netty.uninitializedArrayAllocationThreshold: -1
[${project.name}][${env:SERVER_PORT}] 2023‐03‐06
            16:00:01,158 [36mDEBUG[m [main][CleanerJava6.java:92] ‐ java.nio.ByteBuffer.cleaner(): available
[${project.name}][${env:SERVER_PORT}] 2023‐03‐06
            16:00:01,159 [36mDEBUG[m [main][PlatformDependent.java:184] ‐ -Dio.netty.noPreferDirect: false
[${project.name}][${env:SERVER_PORT}] 2023‐03‐06
            16:00:01,159 [36mDEBUG[m [main][PlatformDependent.java:860] ‐ org.jctools-core.MpscChunkedArrayQueue: available
[${project.name}][${env:SERVER_PORT}] 2023‐03‐06
            16:00:01,171 [36mDEBUG[m [main][AdaptiveClassCodeGenerator.java:104] ‐  [DUBBO] package org.apache.dubbo.remoting;
import org.apache.dubbo.common.extension.ExtensionLoader;
public class Dispatcher$Adaptive implements org.apache.dubbo.remoting.Dispatcher {
public org.apache.dubbo.remoting.ChannelHandler dispatch(org.apache.dubbo.remoting.ChannelHandler arg0, org.apache.dubbo.common.URL arg1)  {
if (arg1 == null) throw new IllegalArgumentException("url == null");
org.apache.dubbo.common.URL url = arg1;
String extName = url.getParameter("dispatcher", url.getParameter("dispather", url.getParameter("channel.handler", "all")));
if(extName == null) throw new IllegalStateException("Failed to get extension (org.apache.dubbo.remoting.Dispatcher) name from url (" + url.toString() + ") use keys([dispatcher, dispather, channel.handler])");
org.apache.dubbo.remoting.Dispatcher extension = (org.apache.dubbo.remoting.Dispatcher)ExtensionLoader.getExtensionLoader(org.apache.dubbo.remoting.Dispatcher.class).getExtension(extName);
return extension.dispatch(arg0, arg1);
}
}, dubbo version: 2.7.3, current host: 192.168.199.177
[${project.name}][${env:SERVER_PORT}] 2023‐03‐06
            16:00:01,182 [36mDEBUG[m [main][AdaptiveClassCodeGenerator.java:104] ‐  [DUBBO] package org.apache.dubbo.common.threadpool;
import org.apache.dubbo.common.extension.ExtensionLoader;
public class ThreadPool$Adaptive implements org.apache.dubbo.common.threadpool.ThreadPool {
public java.util.concurrent.Executor getExecutor(org.apache.dubbo.common.URL arg0)  {
if (arg0 == null) throw new IllegalArgumentException("url == null");
org.apache.dubbo.common.URL url = arg0;
String extName = url.getParameter("threadpool", "fixed");
if(extName == null) throw new IllegalStateException("Failed to get extension (org.apache.dubbo.common.threadpool.ThreadPool) name from url (" + url.toString() + ") use keys([threadpool])");
org.apache.dubbo.common.threadpool.ThreadPool extension = (org.apache.dubbo.common.threadpool.ThreadPool)ExtensionLoader.getExtensionLoader(org.apache.dubbo.common.threadpool.ThreadPool.class).getExtension(extName);
return extension.getExecutor(arg0);
}
}, dubbo version: 2.7.3, current host: 192.168.199.177
[${project.name}][${env:SERVER_PORT}] 2023‐03‐06
            16:00:01,200 [36mDEBUG[m [main][ResourceLeakDetector.java:129] ‐ -Dio.netty.leakDetection.level: simple
[${project.name}][${env:SERVER_PORT}] 2023‐03‐06
            16:00:01,200 [36mDEBUG[m [main][ResourceLeakDetector.java:130] ‐ -Dio.netty.leakDetection.targetRecords: 4
[${project.name}][${env:SERVER_PORT}] 2023‐03‐06
            16:00:01,204 [36mDEBUG[m [main][PooledByteBufAllocator.java:126] ‐ -Dio.netty.allocator.numHeapArenas: 16
[${project.name}][${env:SERVER_PORT}] 2023‐03‐06
            16:00:01,204 [36mDEBUG[m [main][PooledByteBufAllocator.java:127] ‐ -Dio.netty.allocator.numDirectArenas: 16
[${project.name}][${env:SERVER_PORT}] 2023‐03‐06
            16:00:01,204 [36mDEBUG[m [main][PooledByteBufAllocator.java:129] ‐ -Dio.netty.allocator.pageSize: 8192
[${project.name}][${env:SERVER_PORT}] 2023‐03‐06
            16:00:01,205 [36mDEBUG[m [main][PooledByteBufAllocator.java:134] ‐ -Dio.netty.allocator.maxOrder: 11
[${project.name}][${env:SERVER_PORT}] 2023‐03‐06
            16:00:01,205 [36mDEBUG[m [main][PooledByteBufAllocator.java:138] ‐ -Dio.netty.allocator.chunkSize: 16777216
[${project.name}][${env:SERVER_PORT}] 2023‐03‐06
            16:00:01,205 [36mDEBUG[m [main][PooledByteBufAllocator.java:139] ‐ -Dio.netty.allocator.tinyCacheSize: 512
[${project.name}][${env:SERVER_PORT}] 2023‐03‐06
            16:00:01,205 [36mDEBUG[m [main][PooledByteBufAllocator.java:140] ‐ -Dio.netty.allocator.smallCacheSize: 256
[${project.name}][${env:SERVER_PORT}] 2023‐03‐06
            16:00:01,205 [36mDEBUG[m [main][PooledByteBufAllocator.java:141] ‐ -Dio.netty.allocator.normalCacheSize: 64
[${project.name}][${env:SERVER_PORT}] 2023‐03‐06
            16:00:01,205 [36mDEBUG[m [main][PooledByteBufAllocator.java:142] ‐ -Dio.netty.allocator.maxCachedBufferCapacity: 32768
[${project.name}][${env:SERVER_PORT}] 2023‐03‐06
            16:00:01,205 [36mDEBUG[m [main][PooledByteBufAllocator.java:143] ‐ -Dio.netty.allocator.cacheTrimInterval: 8192
[${project.name}][${env:SERVER_PORT}] 2023‐03‐06
            16:00:01,206 [36mDEBUG[m [main][PooledByteBufAllocator.java:144] ‐ -Dio.netty.allocator.useCacheForAllThreads: true
[${project.name}][${env:SERVER_PORT}] 2023‐03‐06
            16:00:01,206 [36mDEBUG[m [main][PooledByteBufAllocator.java:145] ‐ -Dio.netty.allocator.maxCachedByteBuffersPerChunk: 1023
[${project.name}][${env:SERVER_PORT}] 2023‐03‐06
            16:00:01,208 [36mDEBUG[m [main][InternalThreadLocalMap.java:54] ‐ -Dio.netty.threadLocalMap.stringBuilder.initialSize: 1024
[${project.name}][${env:SERVER_PORT}] 2023‐03‐06
            16:00:01,208 [36mDEBUG[m [main][InternalThreadLocalMap.java:57] ‐ -Dio.netty.threadLocalMap.stringBuilder.maxSize: 4096
[${project.name}][${env:SERVER_PORT}] 2023‐03‐06
            16:00:01,223 [36mDEBUG[m [main][DefaultChannelId.java:79] ‐ -Dio.netty.processId: 9919 (auto-detected)
[${project.name}][${env:SERVER_PORT}] 2023‐03‐06
            16:00:01,225 [36mDEBUG[m [main][NetUtil.java:139] ‐ -Djava.net.preferIPv4Stack: false
[${project.name}][${env:SERVER_PORT}] 2023‐03‐06
            16:00:01,225 [36mDEBUG[m [main][NetUtil.java:140] ‐ -Djava.net.preferIPv6Addresses: false
[${project.name}][${env:SERVER_PORT}] 2023‐03‐06
            16:00:01,226 [36mDEBUG[m [main][NetUtil.java:224] ‐ Loopback interface: [lo0, lo0, 0:0:0:0:0:0:0:1%lo0] ([lo0, lo0, 0:0:0:0:0:0:0:1%lo0], {})
[${project.name}][${env:SERVER_PORT}] 2023‐03‐06
            16:00:01,227 [36mDEBUG[m [main][NetUtil.java:289] ‐ Failed to get SOMAXCONN from sysctl and file /proc/sys/net/core/somaxconn. Default: 128
[${project.name}][${env:SERVER_PORT}] 2023‐03‐06
            16:00:01,230 [36mDEBUG[m [main][DefaultChannelId.java:101] ‐ -Dio.netty.machineId: 3c:a6:f6:ff:fe:27:42:1c (auto-detected)
[${project.name}][${env:SERVER_PORT}] 2023‐03‐06
            16:00:01,241 [36mDEBUG[m [main][ByteBufUtil.java:83] ‐ -Dio.netty.allocator.type: pooled
[${project.name}][${env:SERVER_PORT}] 2023‐03‐06
            16:00:01,242 [36mDEBUG[m [main][ByteBufUtil.java:92] ‐ -Dio.netty.threadLocalDirectBufferSize: 0
[${project.name}][${env:SERVER_PORT}] 2023‐03‐06
            16:00:01,243 [36mDEBUG[m [main][ByteBufUtil.java:95] ‐ -Dio.netty.maxThreadLocalCharBufferSize: 16384
[${project.name}][${env:SERVER_PORT}] 2023‐03‐06
            16:00:01,313 [36mDEBUG[m [NettyClientWorker-1-1][Recycler.java:96] ‐ -Dio.netty.recycler.maxCapacityPerThread: 4096
[${project.name}][${env:SERVER_PORT}] 2023‐03‐06
            16:00:01,315 [36mDEBUG[m [NettyClientWorker-1-1][Recycler.java:97] ‐ -Dio.netty.recycler.maxSharedCapacityFactor: 2
[${project.name}][${env:SERVER_PORT}] 2023‐03‐06
            16:00:01,315 [36mDEBUG[m [NettyClientWorker-1-1][Recycler.java:98] ‐ -Dio.netty.recycler.linkCapacity: 16
[${project.name}][${env:SERVER_PORT}] 2023‐03‐06
            16:00:01,315 [36mDEBUG[m [NettyClientWorker-1-1][Recycler.java:99] ‐ -Dio.netty.recycler.ratio: 8
[${project.name}][${env:SERVER_PORT}] 2023‐03‐06
            16:00:01,317 [32mINFO[m [main][AbstractClient.java:199] ‐  [DUBBO] Succeed connect to server /127.0.0.1:7890 from NettyClient 192.168.199.177 using dubbo version 2.7.3, channel is NettyChannel [channel=[id: 0xafa24ade, L:/127.0.0.1:50983 - R:/127.0.0.1:7890]], dubbo version: 2.7.3, current host: 192.168.199.177
[${project.name}][${env:SERVER_PORT}] 2023‐03‐06
            16:00:01,317 [32mINFO[m [main][AbstractClient.java:71] ‐  [DUBBO] Start NettyClient jim.lan/192.168.199.177 connect to the server /127.0.0.1:7890, dubbo version: 2.7.3, current host: 192.168.199.177
[${project.name}][${env:SERVER_PORT}] 2023‐03‐06
            16:00:01,323 [36mDEBUG[m [NettyClientWorker-1-1][AbstractByteBuf.java:61] ‐ -Dio.netty.buffer.checkAccessible: true
[${project.name}][${env:SERVER_PORT}] 2023‐03‐06
            16:00:01,323 [36mDEBUG[m [NettyClientWorker-1-1][AbstractByteBuf.java:62] ‐ -Dio.netty.buffer.checkBounds: true
[${project.name}][${env:SERVER_PORT}] 2023‐03‐06
            16:00:01,324 [36mDEBUG[m [NettyClientWorker-1-1][ResourceLeakDetectorFactory.java:202] ‐ Loaded default ResourceLeakDetector: io.netty.util.ResourceLeakDetector@1eacd399
[${project.name}][${env:SERVER_PORT}] 2023‐03‐06
            16:00:01,354 [36mDEBUG[m [main][AdaptiveClassCodeGenerator.java:104] ‐  [DUBBO] package org.apache.dubbo.cache;
import org.apache.dubbo.common.extension.ExtensionLoader;
public class CacheFactory$Adaptive implements org.apache.dubbo.cache.CacheFactory {
public org.apache.dubbo.cache.Cache getCache(org.apache.dubbo.common.URL arg0, org.apache.dubbo.rpc.Invocation arg1)  {
if (arg0 == null) throw new IllegalArgumentException("url == null");
org.apache.dubbo.common.URL url = arg0;
if (arg1 == null) throw new IllegalArgumentException("invocation == null"); String methodName = arg1.getMethodName();
String extName = url.getMethodParameter(methodName, "cache", "lru");
if(extName == null) throw new IllegalStateException("Failed to get extension (org.apache.dubbo.cache.CacheFactory) name from url (" + url.toString() + ") use keys([cache])");
org.apache.dubbo.cache.CacheFactory extension = (org.apache.dubbo.cache.CacheFactory)ExtensionLoader.getExtensionLoader(org.apache.dubbo.cache.CacheFactory.class).getExtension(extName);
return extension.getCache(arg0, arg1);
}
}, dubbo version: 2.7.3, current host: 192.168.199.177
[${project.name}][${env:SERVER_PORT}] 2023‐03‐06
            16:00:01,369 [36mDEBUG[m [main][AdaptiveClassCodeGenerator.java:104] ‐  [DUBBO] package org.apache.dubbo.monitor;
import org.apache.dubbo.common.extension.ExtensionLoader;
public class MonitorFactory$Adaptive implements org.apache.dubbo.monitor.MonitorFactory {
public org.apache.dubbo.monitor.Monitor getMonitor(org.apache.dubbo.common.URL arg0)  {
if (arg0 == null) throw new IllegalArgumentException("url == null");
org.apache.dubbo.common.URL url = arg0;
String extName = ( url.getProtocol() == null ? "dubbo" : url.getProtocol() );
if(extName == null) throw new IllegalStateException("Failed to get extension (org.apache.dubbo.monitor.MonitorFactory) name from url (" + url.toString() + ") use keys([protocol])");
org.apache.dubbo.monitor.MonitorFactory extension = (org.apache.dubbo.monitor.MonitorFactory)ExtensionLoader.getExtensionLoader(org.apache.dubbo.monitor.MonitorFactory.class).getExtension(extName);
return extension.getMonitor(arg0);
}
}, dubbo version: 2.7.3, current host: 192.168.199.177
[${project.name}][${env:SERVER_PORT}] 2023‐03‐06
            16:00:01,384 [36mDEBUG[m [main][AdaptiveClassCodeGenerator.java:104] ‐  [DUBBO] package org.apache.dubbo.validation;
import org.apache.dubbo.common.extension.ExtensionLoader;
public class Validation$Adaptive implements org.apache.dubbo.validation.Validation {
public org.apache.dubbo.validation.Validator getValidator(org.apache.dubbo.common.URL arg0)  {
if (arg0 == null) throw new IllegalArgumentException("url == null");
org.apache.dubbo.common.URL url = arg0;
String extName = url.getParameter("validation", "jvalidation");
if(extName == null) throw new IllegalStateException("Failed to get extension (org.apache.dubbo.validation.Validation) name from url (" + url.toString() + ") use keys([validation])");
org.apache.dubbo.validation.Validation extension = (org.apache.dubbo.validation.Validation)ExtensionLoader.getExtensionLoader(org.apache.dubbo.validation.Validation.class).getExtension(extName);
return extension.getValidator(arg0);
}
}, dubbo version: 2.7.3, current host: 192.168.199.177
[${project.name}][${env:SERVER_PORT}] 2023‐03‐06
            16:00:01,404 [32mINFO[m [main][AbstractRegistry.java:212] ‐  [DUBBO] Load registry cache file /Users/hsk/.dubbo/dubbo-registry-merchant-application-127.0.0.1:8848.cache, data: {com.shanjupay.merchant.api.MerchantService=dubbo://192.168.199.177:20893/com.shanjupay.merchant.api.MerchantService?anyhost=true&application=merchant-service&bean.name=ServiceBean:com.shanjupay.merchant.api.MerchantService&category=providers&deprecated=false&dubbo=2.0.2&dynamic=true&generic=false&interface=com.shanjupay.merchant.api.MerchantService&methods=queryMerchantByID&path=com.shanjupay.merchant.api.MerchantService&pid=3336&protocol=dubbo&register=true&release=2.7.3&side=provider&timestamp=1678079349303, merchant-service/com.alibaba.cloud.dubbo.service.DubboMetadataService:1.0.0=dubbo://192.168.199.177:20893/com.alibaba.cloud.dubbo.service.DubboMetadataService?anyhost=true&application=merchant-service&category=providers&deprecated=false&dubbo=2.0.2&dynamic=true&generic=false&group=merchant-service&interface=com.alibaba.cloud.dubbo.service.DubboMetadataService&methods=getAllServiceKeys,getServiceRestMetadata,getExportedURLs,getAllExportedURLs&path=com.alibaba.cloud.dubbo.service.DubboMetadataService&pid=3336&protocol=dubbo&register=true&release=2.7.3&revision=2.1.0.RELEASE&side=provider&timestamp=1678079350202&version=1.0.0}, dubbo version: 2.7.3, current host: 192.168.199.177
[${project.name}][${env:SERVER_PORT}] 2023‐03‐06
            16:00:01,406 [32mINFO[m [main][AbstractRegistry.java:280] ‐  [DUBBO] Register: consumer://192.168.199.177/org.apache.dubbo.rpc.service.GenericService?application=merchant-application&category=consumers&check=false&dubbo=2.0.2&generic=true&group=merchant-service&interface=com.alibaba.cloud.dubbo.service.DubboMetadataService&lazy=false&pid=9919&qos.enable=false&qos.port=22310&release=2.7.3&retries=-1&side=consumer&sticky=false&timeout=3000&timestamp=1678089601097&version=1.0.0, dubbo version: 2.7.3, current host: 192.168.199.177
[${project.name}][${env:SERVER_PORT}] 2023‐03‐06
            16:00:01,418 [32mINFO[m [main][AbstractRegistry.java:305] ‐  [DUBBO] Subscribe: consumer://192.168.199.177/org.apache.dubbo.rpc.service.GenericService?application=merchant-application&category=providers,configurators,routers&check=false&dubbo=2.0.2&generic=true&group=merchant-service&interface=com.alibaba.cloud.dubbo.service.DubboMetadataService&lazy=false&pid=9919&qos.enable=false&qos.port=22310&release=2.7.3&retries=-1&side=consumer&sticky=false&timeout=3000&timestamp=1678089601097&version=1.0.0, dubbo version: 2.7.3, current host: 192.168.199.177
[${project.name}][${env:SERVER_PORT}] 2023‐03‐06
            16:00:01,428 [32mINFO[m [main][AbstractRegistry.java:399] ‐  [DUBBO] Notify urls for subscribe url consumer://192.168.199.177/org.apache.dubbo.rpc.service.GenericService?application=merchant-application&category=providers,configurators,routers&check=false&dubbo=2.0.2&generic=true&group=merchant-service&interface=com.alibaba.cloud.dubbo.service.DubboMetadataService&lazy=false&pid=9919&qos.enable=false&qos.port=22310&release=2.7.3&retries=-1&side=consumer&sticky=false&timeout=3000&timestamp=1678089601097&version=1.0.0, urls: [dubbo://192.168.199.177:20893/com.alibaba.cloud.dubbo.service.DubboMetadataService?anyhost=true&application=merchant-service&category=providers&deprecated=false&dubbo=2.0.2&dynamic=true&generic=false&group=merchant-service&interface=com.alibaba.cloud.dubbo.service.DubboMetadataService&methods=getAllServiceKeys,getServiceRestMetadata,getExportedURLs,getAllExportedURLs&path=com.alibaba.cloud.dubbo.service.DubboMetadataService&pid=3336&protocol=dubbo&register=true&release=2.7.3&revision=2.1.0.RELEASE&side=provider&timestamp=1678079350202&version=1.0.0], dubbo version: 2.7.3, current host: 192.168.199.177
[${project.name}][${env:SERVER_PORT}] 2023‐03‐06
            16:00:01,433 [32mINFO[m [com.alibaba.nacos.naming.client.listener][AbstractRegistry.java:399] ‐  [DUBBO] Notify urls for subscribe url consumer://192.168.199.177/org.apache.dubbo.rpc.service.GenericService?application=merchant-application&category=providers,configurators,routers&check=false&dubbo=2.0.2&generic=true&group=merchant-service&interface=com.alibaba.cloud.dubbo.service.DubboMetadataService&lazy=false&pid=9919&qos.enable=false&qos.port=22310&release=2.7.3&retries=-1&side=consumer&sticky=false&timeout=3000&timestamp=1678089601097&version=1.0.0, urls: [dubbo://192.168.199.177:20893/com.alibaba.cloud.dubbo.service.DubboMetadataService?anyhost=true&application=merchant-service&category=providers&deprecated=false&dubbo=2.0.2&dynamic=true&generic=false&group=merchant-service&interface=com.alibaba.cloud.dubbo.service.DubboMetadataService&methods=getAllServiceKeys,getServiceRestMetadata,getExportedURLs,getAllExportedURLs&path=com.alibaba.cloud.dubbo.service.DubboMetadataService&pid=3336&protocol=dubbo&register=true&release=2.7.3&revision=2.1.0.RELEASE&side=provider&timestamp=1678079350202&version=1.0.0], dubbo version: 2.7.3, current host: 192.168.199.177
[${project.name}][${env:SERVER_PORT}] 2023‐03‐06
            16:00:01,435 [32mINFO[m [main][ReferenceConfig.java:421] ‐  [DUBBO] Refer dubbo service org.apache.dubbo.rpc.service.GenericService from url registry://127.0.0.1:8848/org.apache.dubbo.registry.RegistryService?application=merchant-application&check=false&cluster=registryaware&dubbo=2.0.2&generic=true&group=merchant-service&interface=com.alibaba.cloud.dubbo.service.DubboMetadataService&lazy=false&pid=9919&qos.enable=false&qos.port=22310&refer=application%3Dmerchant-application%26check%3Dfalse%26dubbo%3D2.0.2%26generic%3Dtrue%26group%3Dmerchant-service%26interface%3Dcom.alibaba.cloud.dubbo.service.DubboMetadataService%26lazy%3Dfalse%26pid%3D9919%26qos.enable%3Dfalse%26qos.port%3D22310%26register.ip%3D192.168.199.177%26release%3D2.7.3%26retries%3D-1%26side%3Dconsumer%26sticky%3Dfalse%26timeout%3D3000%26timestamp%3D1678089601097%26version%3D1.0.0&register.ip=192.168.199.177&registry=nacos&release=2.7.3&retries=-1&side=consumer&sticky=false&timeout=3000&timestamp=1678089601097&version=1.0.0, dubbo version: 2.7.3, current host: 192.168.199.177
[${project.name}][${env:SERVER_PORT}] 2023‐03‐06
            16:00:01,538 [36mDEBUG[m [DubboClientHandler-192.168.199.177:20893-thread-1][DecodeHandler.java:59] ‐  [DUBBO] Decode decodeable message org.apache.dubbo.rpc.protocol.dubbo.DecodeableRpcResult, dubbo version: 2.7.3, current host: 192.168.199.177
[${project.name}][${env:SERVER_PORT}] 2023‐03‐06
            16:00:01,543 [33mWARN[m [main][DubboServiceMetadataRepository.java:484] ‐ The Spring application[name : merchant-service] does not expose The REST metadata in the Dubbo services.
[${project.name}][${env:SERVER_PORT}] 2023‐03‐06
            16:00:01,560 [36mDEBUG[m [DubboClientHandler-192.168.199.177:20893-thread-1][DecodeHandler.java:59] ‐  [DUBBO] Decode decodeable message org.apache.dubbo.rpc.protocol.dubbo.DecodeableRpcResult, dubbo version: 2.7.3, current host: 192.168.199.177
[${project.name}][${env:SERVER_PORT}] 2023‐03‐06
            16:00:01,576 [36mDEBUG[m [main][AbstractSpringCloudRegistry.java:289] ‐ The subscribed URL[consumer://192.168.199.177/com.shanjupay.merchant.api.MerchantService?application=merchant-application&category=providers,configurators,routers&check=false&dubbo=2.0.2&generic=false&interface=com.shanjupay.merchant.api.MerchantService&lazy=false&methods=queryMerchantByID,createMerchant&pid=9919&qos.enable=false&qos.port=22310&release=2.7.3&retries=-1&side=consumer&sticky=false&timeout=3000&timestamp=1678089600940] will notify all URLs : [dubbo://192.168.199.177:20893?anyhost=true&application=merchant-service&bean.name=ServiceBean:com.shanjupay.merchant.api.MerchantService&deprecated=false&dubbo=2.0.2&dynamic=true&generic=false&interface=com.shanjupay.merchant.api.MerchantService&methods=queryMerchantByID&pid=3336&register=true&release=2.7.3&side=provider&timestamp=1678079349303]
[${project.name}][${env:SERVER_PORT}] 2023‐03‐06
            16:00:01,581 [32mINFO[m [main][AbstractRegistry.java:280] ‐  [DUBBO] Register: consumer://192.168.199.177/com.shanjupay.merchant.api.MerchantService?application=merchant-application&category=consumers&check=false&dubbo=2.0.2&generic=false&interface=com.shanjupay.merchant.api.MerchantService&lazy=false&methods=queryMerchantByID,createMerchant&pid=9919&qos.enable=false&qos.port=22310&release=2.7.3&retries=-1&side=consumer&sticky=false&timeout=3000&timestamp=1678089600940, dubbo version: 2.7.3, current host: 192.168.199.177
[${project.name}][${env:SERVER_PORT}] 2023‐03‐06
            16:00:01,588 [32mINFO[m [main][AbstractRegistry.java:305] ‐  [DUBBO] Subscribe: consumer://192.168.199.177/com.shanjupay.merchant.api.MerchantService?application=merchant-application&category=providers,configurators,routers&check=false&dubbo=2.0.2&generic=false&interface=com.shanjupay.merchant.api.MerchantService&lazy=false&methods=queryMerchantByID,createMerchant&pid=9919&qos.enable=false&qos.port=22310&release=2.7.3&retries=-1&side=consumer&sticky=false&timeout=3000&timestamp=1678089600940, dubbo version: 2.7.3, current host: 192.168.199.177
[${project.name}][${env:SERVER_PORT}] 2023‐03‐06
            16:00:01,593 [32mINFO[m [main][AbstractRegistry.java:399] ‐  [DUBBO] Notify urls for subscribe url consumer://192.168.199.177/com.shanjupay.merchant.api.MerchantService?application=merchant-application&category=providers,configurators,routers&check=false&dubbo=2.0.2&generic=false&interface=com.shanjupay.merchant.api.MerchantService&lazy=false&methods=queryMerchantByID,createMerchant&pid=9919&qos.enable=false&qos.port=22310&release=2.7.3&retries=-1&side=consumer&sticky=false&timeout=3000&timestamp=1678089600940, urls: [dubbo://192.168.199.177:20893/com.shanjupay.merchant.api.MerchantService?anyhost=true&application=merchant-service&bean.name=ServiceBean:com.shanjupay.merchant.api.MerchantService&category=providers&deprecated=false&dubbo=2.0.2&dynamic=true&generic=false&interface=com.shanjupay.merchant.api.MerchantService&methods=queryMerchantByID&path=com.shanjupay.merchant.api.MerchantService&pid=3336&protocol=dubbo&register=true&release=2.7.3&side=provider&timestamp=1678079349303], dubbo version: 2.7.3, current host: 192.168.199.177
[${project.name}][${env:SERVER_PORT}] 2023‐03‐06
            16:00:01,594 [32mINFO[m [com.alibaba.nacos.naming.client.listener][AbstractRegistry.java:399] ‐  [DUBBO] Notify urls for subscribe url consumer://192.168.199.177/com.shanjupay.merchant.api.MerchantService?application=merchant-application&category=providers,configurators,routers&check=false&dubbo=2.0.2&generic=false&interface=com.shanjupay.merchant.api.MerchantService&lazy=false&methods=queryMerchantByID,createMerchant&pid=9919&qos.enable=false&qos.port=22310&release=2.7.3&retries=-1&side=consumer&sticky=false&timeout=3000&timestamp=1678089600940, urls: [dubbo://192.168.199.177:20893/com.shanjupay.merchant.api.MerchantService?anyhost=true&application=merchant-service&bean.name=ServiceBean:com.shanjupay.merchant.api.MerchantService&category=providers&deprecated=false&dubbo=2.0.2&dynamic=true&generic=false&interface=com.shanjupay.merchant.api.MerchantService&methods=queryMerchantByID&path=com.shanjupay.merchant.api.MerchantService&pid=3336&protocol=dubbo&register=true&release=2.7.3&side=provider&timestamp=1678079349303], dubbo version: 2.7.3, current host: 192.168.199.177
[${project.name}][${env:SERVER_PORT}] 2023‐03‐06
            16:00:01,595 [32mINFO[m [main][ReferenceConfig.java:421] ‐  [DUBBO] Refer dubbo service com.shanjupay.merchant.api.MerchantService from url registry://127.0.0.1:8848/org.apache.dubbo.registry.RegistryService?application=merchant-application&check=false&cluster=registryaware&dubbo=2.0.2&generic=false&interface=com.shanjupay.merchant.api.MerchantService&lazy=false&methods=queryMerchantByID,createMerchant&pid=9919&qos.enable=false&qos.port=22310&refer=application%3Dmerchant-application%26check%3Dfalse%26dubbo%3D2.0.2%26generic%3Dfalse%26interface%3Dcom.shanjupay.merchant.api.MerchantService%26lazy%3Dfalse%26methods%3DqueryMerchantByID%2CcreateMerchant%26pid%3D9919%26qos.enable%3Dfalse%26qos.port%3D22310%26register.ip%3D192.168.199.177%26release%3D2.7.3%26retries%3D-1%26side%3Dconsumer%26sticky%3Dfalse%26timeout%3D3000%26timestamp%3D1678089600940&register.ip=192.168.199.177&registry=nacos&release=2.7.3&retries=-1&side=consumer&sticky=false&timeout=3000&timestamp=1678089600940, dubbo version: 2.7.3, current host: 192.168.199.177
[${project.name}][${env:SERVER_PORT}] 2023‐03‐06
            16:00:02,198 [32mINFO[m [main][EndpointLinksResolver.java:59] ‐ Exposing 4 endpoint(s) beneath base path '/actuator'
[${project.name}][${env:SERVER_PORT}] 2023‐03‐06
            16:00:02,359 [32mINFO[m [main][PropertySourcedRequestMappingHandlerMapping.java:69] ‐ Mapped URL path [/v2/api-docs] onto method [public org.springframework.http.ResponseEntity<springfox.documentation.spring.web.json.Json> springfox.documentation.swagger2.web.Swagger2Controller.getDocumentation(java.lang.String,javax.servlet.http.HttpServletRequest)]
[${project.name}][${env:SERVER_PORT}] 2023‐03‐06
            16:00:02,386 [33mWARN[m [main][URLConfigurationSource.java:121] ‐ No URLs will be polled as dynamic configuration sources.
[${project.name}][${env:SERVER_PORT}] 2023‐03‐06
            16:00:02,386 [32mINFO[m [main][URLConfigurationSource.java:122] ‐ To enable URLs as dynamic configuration sources, define System property archaius.configurationSource.additionalUrls or make config.properties available on classpath.
[${project.name}][${env:SERVER_PORT}] 2023‐03‐06
            16:00:02,389 [33mWARN[m [main][URLConfigurationSource.java:121] ‐ No URLs will be polled as dynamic configuration sources.
[${project.name}][${env:SERVER_PORT}] 2023‐03‐06
            16:00:02,389 [32mINFO[m [main][URLConfigurationSource.java:122] ‐ To enable URLs as dynamic configuration sources, define System property archaius.configurationSource.additionalUrls or make config.properties available on classpath.
[${project.name}][${env:SERVER_PORT}] 2023‐03‐06
            16:00:02,419 [36mDEBUG[m [main][TraversableResolvers.java:60] ‐ Cannot find javax.persistence.Persistence on classpath. Assuming non JPA 2 environment. All properties will per default be traversable.
[${project.name}][${env:SERVER_PORT}] 2023‐03‐06
            16:00:02,420 [36mDEBUG[m [main][ResourceBundleMessageInterpolator.java:89] ‐ Loaded expression factory via original TCCL
[${project.name}][${env:SERVER_PORT}] 2023‐03‐06
            16:00:02,460 [36mDEBUG[m [main][TraversableResolvers.java:60] ‐ Cannot find javax.persistence.Persistence on classpath. Assuming non JPA 2 environment. All properties will per default be traversable.
[${project.name}][${env:SERVER_PORT}] 2023‐03‐06
            16:00:02,469 [36mDEBUG[m [main][ConfigurationImpl.java:148] ‐ Setting custom MessageInterpolator of type org.springframework.validation.beanvalidation.LocaleContextMessageInterpolator
[${project.name}][${env:SERVER_PORT}] 2023‐03‐06
            16:00:02,470 [36mDEBUG[m [main][ConfigurationImpl.java:180] ‐ Setting custom ConstraintValidatorFactory of type org.springframework.validation.beanvalidation.SpringConstraintValidatorFactory
[${project.name}][${env:SERVER_PORT}] 2023‐03‐06
            16:00:02,471 [36mDEBUG[m [main][ConfigurationImpl.java:194] ‐ Setting custom ParameterNameProvider of type org.springframework.validation.beanvalidation.LocalValidatorFactoryBean$1
[${project.name}][${env:SERVER_PORT}] 2023‐03‐06
            16:00:02,474 [36mDEBUG[m [main][ValidationXmlParser.java:120] ‐ Trying to load META-INF/validation.xml for XML based Validator configuration.
[${project.name}][${env:SERVER_PORT}] 2023‐03‐06
            16:00:02,475 [36mDEBUG[m [main][ResourceLoaderHelper.java:53] ‐ Trying to load META-INF/validation.xml via user class loader
[${project.name}][${env:SERVER_PORT}] 2023‐03‐06
            16:00:02,475 [36mDEBUG[m [main][ResourceLoaderHelper.java:60] ‐ Trying to load META-INF/validation.xml via TCCL
[${project.name}][${env:SERVER_PORT}] 2023‐03‐06
            16:00:02,476 [36mDEBUG[m [main][ResourceLoaderHelper.java:66] ‐ Trying to load META-INF/validation.xml via Hibernate Validator's class loader
[${project.name}][${env:SERVER_PORT}] 2023‐03‐06
            16:00:02,476 [36mDEBUG[m [main][ValidationXmlParser.java:127] ‐ No META-INF/validation.xml found. Using annotation based configuration only.
[${project.name}][${env:SERVER_PORT}] 2023‐03‐06
            16:00:02,486 [36mDEBUG[m [main][ValidatorFactoryImpl.java:578] ‐ HV000234: Using org.springframework.validation.beanvalidation.LocaleContextMessageInterpolator as ValidatorFactory-scoped message interpolator.
[${project.name}][${env:SERVER_PORT}] 2023‐03‐06
            16:00:02,487 [36mDEBUG[m [main][ValidatorFactoryImpl.java:579] ‐ HV000234: Using org.hibernate.validator.internal.engine.resolver.TraverseAllTraversableResolver as ValidatorFactory-scoped traversable resolver.
[${project.name}][${env:SERVER_PORT}] 2023‐03‐06
            16:00:02,487 [36mDEBUG[m [main][ValidatorFactoryImpl.java:580] ‐ HV000234: Using org.hibernate.validator.internal.util.ExecutableParameterNameProvider as ValidatorFactory-scoped parameter name provider.
[${project.name}][${env:SERVER_PORT}] 2023‐03‐06
            16:00:02,487 [36mDEBUG[m [main][ValidatorFactoryImpl.java:581] ‐ HV000234: Using org.hibernate.validator.internal.engine.DefaultClockProvider as ValidatorFactory-scoped clock provider.
[${project.name}][${env:SERVER_PORT}] 2023‐03‐06
            16:00:02,487 [36mDEBUG[m [main][ValidatorFactoryImpl.java:582] ‐ HV000234: Using org.hibernate.validator.internal.engine.scripting.DefaultScriptEvaluatorFactory as ValidatorFactory-scoped script evaluator factory.
[${project.name}][${env:SERVER_PORT}] 2023‐03‐06
            16:00:02,595 [32mINFO[m [main][ExecutorConfigurationSupport.java:171] ‐ Initializing ExecutorService 'applicationTaskExecutor'
[${project.name}][${env:SERVER_PORT}] 2023‐03‐06
            16:00:02,806 [32mINFO[m [main][ExecutorConfigurationSupport.java:171] ‐ Initializing ExecutorService
[${project.name}][${env:SERVER_PORT}] 2023‐03‐06
            16:00:02,824 [32mINFO[m [main][DubboConfigBindingBeanPostProcessor.java:109] ‐ The properties of bean [name : org.apache.dubbo.config.ProtocolConfig#0] have been binding by prefix of configuration properties : dubbo.protocol
[${project.name}][${env:SERVER_PORT}] 2023‐03‐06
            16:00:03,082 [36mDEBUG[m [main][DubboServiceMetadataRepository.java:273] ‐ The metadata of Dubbo service[name : merchant-service] has been initialized
[${project.name}][${env:SERVER_PORT}] 2023‐03‐06
            16:00:03,082 [32mINFO[m [main][DubboServiceMetadataRepository.java:262] ‐ The metadata of Dubbo services has been initialized
[${project.name}][${env:SERVER_PORT}] 2023‐03‐06
            16:00:03,130 [32mINFO[m [main][DocumentationPluginsBootstrapper.java:160] ‐ Context refreshed
[${project.name}][${env:SERVER_PORT}] 2023‐03‐06
            16:00:03,134 [33mWARN[m [ThreadPoolTaskScheduler-1][DubboServiceMetadataRepository.java:216] ‐ Current application will subscribe all services(size:2) in registry, a lot of memory and CPU cycles may be used, thus it's strongly recommend you using the externalized property 'dubbo.cloud.subscribed-services' to specify the services
[${project.name}][${env:SERVER_PORT}] 2023‐03‐06
            16:00:03,138 [32mINFO[m [com.alibaba.nacos.naming.client.listener][DubboServiceDiscoveryAutoConfiguration.java:157] ‐ The event of the service instances[name : merchant-service , size : 1] change is about to be dispatched
[${project.name}][${env:SERVER_PORT}] 2023‐03‐06
            16:00:03,142 [32mINFO[m [main][DocumentationPluginsBootstrapper.java:163] ‐ Found 1 custom documentation plugin(s)
[${project.name}][${env:SERVER_PORT}] 2023‐03‐06
            16:00:03,143 [32mINFO[m [com.alibaba.nacos.naming.client.listener][AbstractSpringCloudRegistry.java:213] ‐ The Dubbo Service URL[ID : consumer://192.168.199.177/com.shanjupay.merchant.api.MerchantService] is being subscribed for service[name : merchant-service]
[${project.name}][${env:SERVER_PORT}] 2023‐03‐06
            16:00:03,150 [36mDEBUG[m [DubboClientHandler-192.168.199.177:20893-thread-1][DecodeHandler.java:59] ‐  [DUBBO] Decode decodeable message org.apache.dubbo.rpc.protocol.dubbo.DecodeableRpcResult, dubbo version: 2.7.3, current host: 192.168.199.177
[${project.name}][${env:SERVER_PORT}] 2023‐03‐06
            16:00:03,151 [36mDEBUG[m [com.alibaba.nacos.naming.client.listener][AbstractSpringCloudRegistry.java:289] ‐ The subscribed URL[consumer://192.168.199.177/com.shanjupay.merchant.api.MerchantService?application=merchant-application&category=providers,configurators,routers&check=false&dubbo=2.0.2&generic=false&interface=com.shanjupay.merchant.api.MerchantService&lazy=false&methods=queryMerchantByID,createMerchant&pid=9919&qos.enable=false&qos.port=22310&release=2.7.3&retries=-1&side=consumer&sticky=false&timeout=3000&timestamp=1678089600940] will notify all URLs : [dubbo://192.168.199.177:20893?anyhost=true&application=merchant-service&bean.name=ServiceBean:com.shanjupay.merchant.api.MerchantService&deprecated=false&dubbo=2.0.2&dynamic=true&generic=false&interface=com.shanjupay.merchant.api.MerchantService&methods=queryMerchantByID&pid=3336&register=true&release=2.7.3&side=provider&timestamp=1678079349303]
[${project.name}][${env:SERVER_PORT}] 2023‐03‐06
            16:00:03,165 [32mINFO[m [main][ApiListingReferenceScanner.java:41] ‐ Scanning for api listing references
[${project.name}][${env:SERVER_PORT}] 2023‐03‐06
            16:00:03,490 [32mINFO[m [main][DirectJDKLog.java:173] ‐ Starting ProtocolHandler ["http-nio-57010"]
[${project.name}][${env:SERVER_PORT}] 2023‐03‐06
            16:00:03,509 [32mINFO[m [main][TomcatWebServer.java:204] ‐ Tomcat started on port(s): 57010 (http) with context path '/merchant'
[${project.name}][${env:SERVER_PORT}] 2023‐03‐06
            16:00:03,535 [33mWARN[m [main][AbstractInterfaceConfig.java:265] ‐  [DUBBO] There's no valid metadata config found, if you are using the simplified mode of registry url, please make sure you have a metadata address configured properly., dubbo version: 2.7.3, current host: 192.168.199.177
[${project.name}][${env:SERVER_PORT}] 2023‐03‐06
            16:00:03,567 [32mINFO[m [main][ServiceConfig.java:643] ‐  [DUBBO] Export dubbo service com.alibaba.cloud.dubbo.service.DubboMetadataService to local registry url : injvm://127.0.0.1/com.alibaba.cloud.dubbo.service.DubboMetadataService?anyhost=true&application=merchant-application&bind.ip=192.168.199.177&bind.port=20891&deprecated=false&dubbo=2.0.2&dynamic=true&generic=false&group=merchant-application&interface=com.alibaba.cloud.dubbo.service.DubboMetadataService&methods=getAllServiceKeys,getServiceRestMetadata,getExportedURLs,getAllExportedURLs&pid=9919&qos.enable=false&qos.port=22310&register=true&release=2.7.3&revision=2.1.0.RELEASE&side=provider&timestamp=1678089603537&version=1.0.0, dubbo version: 2.7.3, current host: 192.168.199.177
[${project.name}][${env:SERVER_PORT}] 2023‐03‐06
            16:00:03,568 [32mINFO[m [main][ServiceConfig.java:581] ‐  [DUBBO] Export dubbo service com.alibaba.cloud.dubbo.service.DubboMetadataService to url dubbo://192.168.199.177:20891/com.alibaba.cloud.dubbo.service.DubboMetadataService?anyhost=true&application=merchant-application&bind.ip=192.168.199.177&bind.port=20891&deprecated=false&dubbo=2.0.2&dynamic=true&generic=false&group=merchant-application&interface=com.alibaba.cloud.dubbo.service.DubboMetadataService&methods=getAllServiceKeys,getServiceRestMetadata,getExportedURLs,getAllExportedURLs&pid=9919&qos.enable=false&qos.port=22310&register=true&release=2.7.3&revision=2.1.0.RELEASE&side=provider&timestamp=1678089603537&version=1.0.0, dubbo version: 2.7.3, current host: 192.168.199.177
[${project.name}][${env:SERVER_PORT}] 2023‐03‐06
            16:00:03,568 [32mINFO[m [main][AbstractInterfaceConfig.java:237] ‐  [DUBBO] There's no valid monitor config found, if you want to open monitor statistics for Dubbo, please make sure your monitor is configured properly., dubbo version: 2.7.3, current host: 192.168.199.177
[${project.name}][${env:SERVER_PORT}] 2023‐03‐06
            16:00:03,568 [32mINFO[m [main][ServiceConfig.java:595] ‐  [DUBBO] Register dubbo service com.alibaba.cloud.dubbo.service.DubboMetadataService url dubbo://192.168.199.177:20891/com.alibaba.cloud.dubbo.service.DubboMetadataService?anyhost=true&application=merchant-application&bind.ip=192.168.199.177&bind.port=20891&deprecated=false&dubbo=2.0.2&dynamic=true&generic=false&group=merchant-application&interface=com.alibaba.cloud.dubbo.service.DubboMetadataService&methods=getAllServiceKeys,getServiceRestMetadata,getExportedURLs,getAllExportedURLs&pid=9919&qos.enable=false&qos.port=22310&register=true&release=2.7.3&revision=2.1.0.RELEASE&side=provider&timestamp=1678089603537&version=1.0.0 to registry registry://127.0.0.1:8848/org.apache.dubbo.registry.RegistryService?application=merchant-application&dubbo=2.0.2&pid=9919&qos.enable=false&qos.port=22310&registry=nacos&release=2.7.3&timestamp=1678089603536, dubbo version: 2.7.3, current host: 192.168.199.177
[${project.name}][${env:SERVER_PORT}] 2023‐03‐06
            16:00:03,580 [32mINFO[m [main][AbstractServer.java:73] ‐  [DUBBO] Start NettyServer bind /0.0.0.0:20891, export /192.168.199.177:20891, dubbo version: 2.7.3, current host: 192.168.199.177
[${project.name}][${env:SERVER_PORT}] 2023‐03‐06
            16:00:03,582 [32mINFO[m [main][AbstractRegistry.java:280] ‐  [DUBBO] Register: dubbo://192.168.199.177:20891/com.alibaba.cloud.dubbo.service.DubboMetadataService?anyhost=true&application=merchant-application&deprecated=false&dubbo=2.0.2&dynamic=true&generic=false&group=merchant-application&interface=com.alibaba.cloud.dubbo.service.DubboMetadataService&methods=getAllServiceKeys,getServiceRestMetadata,getExportedURLs,getAllExportedURLs&pid=9919&register=true&release=2.7.3&revision=2.1.0.RELEASE&side=provider&timestamp=1678089603537&version=1.0.0, dubbo version: 2.7.3, current host: 192.168.199.177
[${project.name}][${env:SERVER_PORT}] 2023‐03‐06
            16:00:03,588 [32mINFO[m [main][AbstractRegistry.java:305] ‐  [DUBBO] Subscribe: provider://192.168.199.177:20891/com.alibaba.cloud.dubbo.service.DubboMetadataService?anyhost=true&application=merchant-application&bind.ip=192.168.199.177&bind.port=20891&category=configurators&check=false&deprecated=false&dubbo=2.0.2&dynamic=true&generic=false&group=merchant-application&interface=com.alibaba.cloud.dubbo.service.DubboMetadataService&methods=getAllServiceKeys,getServiceRestMetadata,getExportedURLs,getAllExportedURLs&pid=9919&qos.enable=false&qos.port=22310&register=true&release=2.7.3&revision=2.1.0.RELEASE&side=provider&timestamp=1678089603537&version=1.0.0, dubbo version: 2.7.3, current host: 192.168.199.177
[${project.name}][${env:SERVER_PORT}] 2023‐03‐06
            16:00:03,592 [33mWARN[m [main][AbstractRegistry.java:395] ‐  [DUBBO] Ignore empty notify urls for subscribe url provider://192.168.199.177:20891/com.alibaba.cloud.dubbo.service.DubboMetadataService?anyhost=true&application=merchant-application&bind.ip=192.168.199.177&bind.port=20891&category=configurators&check=false&deprecated=false&dubbo=2.0.2&dynamic=true&generic=false&group=merchant-application&interface=com.alibaba.cloud.dubbo.service.DubboMetadataService&methods=getAllServiceKeys,getServiceRestMetadata,getExportedURLs,getAllExportedURLs&pid=9919&qos.enable=false&qos.port=22310&register=true&release=2.7.3&revision=2.1.0.RELEASE&side=provider&timestamp=1678089603537&version=1.0.0, dubbo version: 2.7.3, current host: 192.168.199.177
[${project.name}][${env:SERVER_PORT}] 2023‐03‐06
            16:00:03,593 [33mWARN[m [com.alibaba.nacos.naming.client.listener][AbstractRegistry.java:395] ‐  [DUBBO] Ignore empty notify urls for subscribe url provider://192.168.199.177:20891/com.alibaba.cloud.dubbo.service.DubboMetadataService?anyhost=true&application=merchant-application&bind.ip=192.168.199.177&bind.port=20891&category=configurators&check=false&deprecated=false&dubbo=2.0.2&dynamic=true&generic=false&group=merchant-application&interface=com.alibaba.cloud.dubbo.service.DubboMetadataService&methods=getAllServiceKeys,getServiceRestMetadata,getExportedURLs,getAllExportedURLs&pid=9919&qos.enable=false&qos.port=22310&register=true&release=2.7.3&revision=2.1.0.RELEASE&side=provider&timestamp=1678089603537&version=1.0.0, dubbo version: 2.7.3, current host: 192.168.199.177
[${project.name}][${env:SERVER_PORT}] 2023‐03‐06
            16:00:03,597 [32mINFO[m [main][DubboMetadataServiceExporter.java:86] ‐ The Dubbo service[<dubbo:service exported="true" unexported="false" interface="com.alibaba.cloud.dubbo.service.DubboMetadataService" generic="false" path="com.alibaba.cloud.dubbo.service.DubboMetadataService" ref="com.alibaba.cloud.dubbo.service.IntrospectiveDubboMetadataService@63d0e8d" prefix="dubbo.service.com.alibaba.cloud.dubbo.service.DubboMetadataService" group="merchant-application" deprecated="false" register="true" dynamic="true" version="1.0.0" id="com.alibaba.cloud.dubbo.service.DubboMetadataService" valid="true" />] has been exported.
[${project.name}][${env:SERVER_PORT}] 2023‐03‐06
            16:00:03,641 [32mINFO[m [main][NacosServiceRegistry.java:62] ‐ nacos registry, merchant-application 192.168.199.177:57010 register finished
[${project.name}][${env:SERVER_PORT}] 2023‐03‐06
            16:00:03,651 [32mINFO[m [main][StartupInfoLogger.java:59] ‐ Started MerchantApplicationBootstrap in 7.647 seconds (JVM running for 8.63)
[${project.name}][${env:SERVER_PORT}] 2023‐03‐06
            16:00:03,985 [32mINFO[m [RMI TCP Connection(2)-192.168.199.177][DirectJDKLog.java:173] ‐ Initializing Spring DispatcherServlet 'dispatcherServlet'
[${project.name}][${env:SERVER_PORT}] 2023‐03‐06
            16:00:03,997 [32mINFO[m [RMI TCP Connection(2)-192.168.199.177][FrameworkServlet.java:524] ‐ Initializing Servlet 'dispatcherServlet'
[${project.name}][${env:SERVER_PORT}] 2023‐03‐06
            16:00:04,107 [32mINFO[m [RMI TCP Connection(2)-192.168.199.177][FrameworkServlet.java:546] ‐ Completed initialization in 107 ms
[${project.name}][${env:SERVER_PORT}] 2023‐03‐06
            16:00:04,610 [33mWARN[m [com.alibaba.nacos.naming.push.receiver][HostReactor.java:110] ‐ out of date data received, old-t: 1678089604600, new-t: 1678089604592
[${project.name}][${env:SERVER_PORT}] 2023‐03‐06
            16:00:16,879 [32mINFO[m [http-nio-57010-exec-1][SmsServiceImpl.java:50] ‐ 请求验证码服务得到相应{}{"body":{"code":0,"msg":"","result":{"key":"sms:b1cfdcd4a5f847ffb785ebdb491b9016"}},"headers":{"Date":["Mon, 06 Mar 2023 08:00:16 GMT"],"Content-Type":["application/json;charset=UTF-8"],"Transfer-Encoding":["chunked"]},"statusCode":"OK","statusCodeValue":200}
[${project.name}][${env:SERVER_PORT}] 2023‐03‐06
            16:00:16,890 [32mINFO[m [http-nio-57010-exec-1][SmsServiceImpl.java:61] ‐ 得到发送验证码的KEY:sms:b1cfdcd4a5f847ffb785ebdb491b9016
[${project.name}][${env:SERVER_PORT}] 2023‐03‐06
            16:00:16,942 [32mINFO[m [http-nio-57010-exec-1][SmsServiceImpl.java:50] ‐ 请求验证码服务得到相应{}{"body":{"code":0,"msg":"","result":{"key":"sms:71af600628f343feaa3472d9f1895673"}},"headers":{"Date":["Mon, 06 Mar 2023 08:00:16 GMT"],"Content-Type":["application/json;charset=UTF-8"],"Transfer-Encoding":["chunked"]},"statusCode":"OK","statusCodeValue":200}
[${project.name}][${env:SERVER_PORT}] 2023‐03‐06
            16:00:16,942 [32mINFO[m [http-nio-57010-exec-1][SmsServiceImpl.java:61] ‐ 得到发送验证码的KEY:sms:71af600628f343feaa3472d9f1895673
[${project.name}][${env:SERVER_PORT}] 2023‐03‐06
            16:00:33,149 [33mWARN[m [ThreadPoolTaskScheduler-1][DubboServiceMetadataRepository.java:216] ‐ Current application will subscribe all services(size:2) in registry, a lot of memory and CPU cycles may be used, thus it's strongly recommend you using the externalized property 'dubbo.cloud.subscribed-services' to specify the services
[${project.name}][${env:SERVER_PORT}] 2023‐03‐06
            16:00:34,293 [32mINFO[m [Thread-21][AbstractRegistry.java:291] ‐  [DUBBO] Unregister: dubbo://192.168.199.177:20891/com.alibaba.cloud.dubbo.service.DubboMetadataService?anyhost=true&application=merchant-application&deprecated=false&dubbo=2.0.2&dynamic=true&generic=false&group=merchant-application&interface=com.alibaba.cloud.dubbo.service.DubboMetadataService&methods=getAllServiceKeys,getServiceRestMetadata,getExportedURLs,getAllExportedURLs&pid=9919&register=true&release=2.7.3&revision=2.1.0.RELEASE&side=provider&timestamp=1678089603537&version=1.0.0, dubbo version: 2.7.3, current host: 192.168.199.177
[${project.name}][${env:SERVER_PORT}] 2023‐03‐06
            16:00:34,312 [32mINFO[m [Thread-21][AbstractRegistry.java:320] ‐  [DUBBO] Unsubscribe: provider://192.168.199.177:20891/com.alibaba.cloud.dubbo.service.DubboMetadataService?anyhost=true&application=merchant-application&bind.ip=192.168.199.177&bind.port=20891&category=configurators&check=false&deprecated=false&dubbo=2.0.2&dynamic=true&generic=false&group=merchant-application&interface=com.alibaba.cloud.dubbo.service.DubboMetadataService&methods=getAllServiceKeys,getServiceRestMetadata,getExportedURLs,getAllExportedURLs&pid=9919&qos.enable=false&qos.port=22310&register=true&release=2.7.3&revision=2.1.0.RELEASE&side=provider&timestamp=1678089603537&version=1.0.0, dubbo version: 2.7.3, current host: 192.168.199.177
[${project.name}][${env:SERVER_PORT}] 2023‐03‐06
            16:00:34,317 [32mINFO[m [Exporter-Unexport-thread-1][RegistryProtocol.java:689] ‐  [DUBBO] Waiting 10000ms for registry to notify all consumers before unexport. Usually, this is called when you use dubbo API, dubbo version: 2.7.3, current host: 192.168.199.177
[${project.name}][${env:SERVER_PORT}] 2023‐03‐06
            16:00:34,317 [32mINFO[m [Thread-21][DubboMetadataServiceExporter.java:107] ‐ The Dubbo service[<dubbo:service exported="true" unexported="true" interface="com.alibaba.cloud.dubbo.service.DubboMetadataService" generic="false" path="com.alibaba.cloud.dubbo.service.DubboMetadataService" ref="com.alibaba.cloud.dubbo.service.IntrospectiveDubboMetadataService@63d0e8d" prefix="dubbo.service.com.alibaba.cloud.dubbo.service.DubboMetadataService" group="merchant-application" deprecated="false" register="true" dynamic="true" version="1.0.0" id="com.alibaba.cloud.dubbo.service.DubboMetadataService" valid="true" />] has been unexported.
[${project.name}][${env:SERVER_PORT}] 2023‐03‐06
            16:00:34,318 [32mINFO[m [Thread-21][AwaitingNonWebApplicationListener.java:155] ‐  [Dubbo] Current Spring Boot Application is about to shutdown...
[${project.name}][${env:SERVER_PORT}] 2023‐03‐06
            16:00:34,319 [32mINFO[m [Thread-21][AbstractRegistryFactory.java:68] ‐  [DUBBO] Close all registries [nacos://127.0.0.1:8848/org.apache.dubbo.registry.RegistryService?application=merchant-application&dubbo=2.0.2&interface=org.apache.dubbo.registry.RegistryService&pid=9919&qos.enable=false&qos.port=22310&release=2.7.3&timestamp=1678089601099], dubbo version: 2.7.3, current host: 192.168.199.177
[${project.name}][${env:SERVER_PORT}] 2023‐03‐06
            16:00:34,319 [32mINFO[m [Thread-21][AbstractRegistry.java:458] ‐  [DUBBO] Destroy registry:nacos://127.0.0.1:8848/org.apache.dubbo.registry.RegistryService?application=merchant-application&dubbo=2.0.2&interface=org.apache.dubbo.registry.RegistryService&pid=9919&qos.enable=false&qos.port=22310&release=2.7.3&timestamp=1678089601099, dubbo version: 2.7.3, current host: 192.168.199.177
[${project.name}][${env:SERVER_PORT}] 2023‐03‐06
            16:00:34,319 [32mINFO[m [Thread-21][AbstractRegistry.java:291] ‐  [DUBBO] Unregister: consumer://192.168.199.177/org.apache.dubbo.rpc.service.GenericService?application=merchant-application&category=consumers&check=false&dubbo=2.0.2&generic=true&group=merchant-service&interface=com.alibaba.cloud.dubbo.service.DubboMetadataService&lazy=false&pid=9919&qos.enable=false&qos.port=22310&release=2.7.3&retries=-1&side=consumer&sticky=false&timeout=3000&timestamp=1678089601097&version=1.0.0, dubbo version: 2.7.3, current host: 192.168.199.177
[${project.name}][${env:SERVER_PORT}] 2023‐03‐06
            16:00:34,322 [32mINFO[m [Thread-21][AbstractRegistry.java:467] ‐  [DUBBO] Destroy unregister url consumer://192.168.199.177/org.apache.dubbo.rpc.service.GenericService?application=merchant-application&category=consumers&check=false&dubbo=2.0.2&generic=true&group=merchant-service&interface=com.alibaba.cloud.dubbo.service.DubboMetadataService&lazy=false&pid=9919&qos.enable=false&qos.port=22310&release=2.7.3&retries=-1&side=consumer&sticky=false&timeout=3000&timestamp=1678089601097&version=1.0.0, dubbo version: 2.7.3, current host: 192.168.199.177
[${project.name}][${env:SERVER_PORT}] 2023‐03‐06
            16:00:34,322 [32mINFO[m [Thread-21][AbstractRegistry.java:291] ‐  [DUBBO] Unregister: consumer://192.168.199.177/com.shanjupay.merchant.api.MerchantService?application=merchant-application&category=consumers&check=false&dubbo=2.0.2&generic=false&interface=com.shanjupay.merchant.api.MerchantService&lazy=false&methods=queryMerchantByID,createMerchant&pid=9919&qos.enable=false&qos.port=22310&release=2.7.3&retries=-1&side=consumer&sticky=false&timeout=3000&timestamp=1678089600940, dubbo version: 2.7.3, current host: 192.168.199.177
[${project.name}][${env:SERVER_PORT}] 2023‐03‐06
            16:00:34,323 [32mINFO[m [Thread-21][AbstractRegistry.java:467] ‐  [DUBBO] Destroy unregister url consumer://192.168.199.177/com.shanjupay.merchant.api.MerchantService?application=merchant-application&category=consumers&check=false&dubbo=2.0.2&generic=false&interface=com.shanjupay.merchant.api.MerchantService&lazy=false&methods=queryMerchantByID,createMerchant&pid=9919&qos.enable=false&qos.port=22310&release=2.7.3&retries=-1&side=consumer&sticky=false&timeout=3000&timestamp=1678089600940, dubbo version: 2.7.3, current host: 192.168.199.177
[${project.name}][${env:SERVER_PORT}] 2023‐03‐06
            16:00:34,323 [32mINFO[m [Thread-21][AbstractRegistry.java:320] ‐  [DUBBO] Unsubscribe: consumer://192.168.199.177/com.shanjupay.merchant.api.MerchantService?application=merchant-application&category=providers,configurators,routers&check=false&dubbo=2.0.2&generic=false&interface=com.shanjupay.merchant.api.MerchantService&lazy=false&methods=queryMerchantByID,createMerchant&pid=9919&qos.enable=false&qos.port=22310&release=2.7.3&retries=-1&side=consumer&sticky=false&timeout=3000&timestamp=1678089600940, dubbo version: 2.7.3, current host: 192.168.199.177
[${project.name}][${env:SERVER_PORT}] 2023‐03‐06
            16:00:34,323 [32mINFO[m [Thread-21][AbstractRegistry.java:483] ‐  [DUBBO] Destroy unsubscribe url consumer://192.168.199.177/com.shanjupay.merchant.api.MerchantService?application=merchant-application&category=providers,configurators,routers&check=false&dubbo=2.0.2&generic=false&interface=com.shanjupay.merchant.api.MerchantService&lazy=false&methods=queryMerchantByID,createMerchant&pid=9919&qos.enable=false&qos.port=22310&release=2.7.3&retries=-1&side=consumer&sticky=false&timeout=3000&timestamp=1678089600940, dubbo version: 2.7.3, current host: 192.168.199.177
[${project.name}][${env:SERVER_PORT}] 2023‐03‐06
            16:00:34,323 [32mINFO[m [Thread-21][AbstractRegistry.java:320] ‐  [DUBBO] Unsubscribe: consumer://192.168.199.177/org.apache.dubbo.rpc.service.GenericService?application=merchant-application&category=providers,configurators,routers&check=false&dubbo=2.0.2&generic=true&group=merchant-service&interface=com.alibaba.cloud.dubbo.service.DubboMetadataService&lazy=false&pid=9919&qos.enable=false&qos.port=22310&release=2.7.3&retries=-1&side=consumer&sticky=false&timeout=3000&timestamp=1678089601097&version=1.0.0, dubbo version: 2.7.3, current host: 192.168.199.177
[${project.name}][${env:SERVER_PORT}] 2023‐03‐06
            16:00:34,323 [32mINFO[m [Thread-21][AbstractRegistry.java:483] ‐  [DUBBO] Destroy unsubscribe url consumer://192.168.199.177/org.apache.dubbo.rpc.service.GenericService?application=merchant-application&category=providers,configurators,routers&check=false&dubbo=2.0.2&generic=true&group=merchant-service&interface=com.alibaba.cloud.dubbo.service.DubboMetadataService&lazy=false&pid=9919&qos.enable=false&qos.port=22310&release=2.7.3&retries=-1&side=consumer&sticky=false&timeout=3000&timestamp=1678089601097&version=1.0.0, dubbo version: 2.7.3, current host: 192.168.199.177
[${project.name}][${env:SERVER_PORT}] 2023‐03‐06
            16:00:34,324 [32mINFO[m [Thread-21][DubboProtocol.java:616] ‐  [DUBBO] Close dubbo server: /192.168.199.177:20891, dubbo version: 2.7.3, current host: 192.168.199.177
[${project.name}][${env:SERVER_PORT}] 2023‐03‐06
            16:00:34,324 [32mINFO[m [Thread-21][AbstractServer.java:153] ‐  [DUBBO] Close NettyServer bind /0.0.0.0:20891, export /192.168.199.177:20891, dubbo version: 2.7.3, current host: 192.168.199.177
[${project.name}][${env:SERVER_PORT}] 2023‐03‐06
            16:00:34,331 [32mINFO[m [Thread-21][DubboProtocol.java:654] ‐  [DUBBO] Close dubbo connect: /127.0.0.1:50983-->/127.0.0.1:7890, dubbo version: 2.7.3, current host: 192.168.199.177
[${project.name}][${env:SERVER_PORT}] 2023‐03‐06
            16:00:34,331 [32mINFO[m [Thread-21][AbstractProtocol.java:66] ‐  [DUBBO] Destroy reference: dubbo://192.168.199.177:20893/com.alibaba.cloud.dubbo.service.DubboMetadataService?anyhost=true&application=merchant-application&bind.ip=192.168.199.177&bind.port=20893&check=false&deprecated=false&dubbo=2.0.2&dynamic=true&generic=true&group=merchant-service&interface=com.alibaba.cloud.dubbo.service.DubboMetadataService&lazy=false&methods=getAllServiceKeys,getServiceRestMetadata,getExportedURLs,getAllExportedURLs&pid=9919&qos.enable=false&qos.port=22310&register=true&register.ip=192.168.199.177&release=2.7.3&remote.application=merchant-service&retries=-1&revision=2.1.0.RELEASE&side=consumer&sticky=false&timeout=3000&timestamp=1678079350202&version=1.0.0, dubbo version: 2.7.3, current host: 192.168.199.177
[${project.name}][${env:SERVER_PORT}] 2023‐03‐06
            16:00:34,331 [32mINFO[m [Thread-21][AbstractProtocol.java:66] ‐  [DUBBO] Destroy reference: dubbo://192.168.199.177:20893/com.shanjupay.merchant.api.MerchantService?anyhost=true&application=merchant-application&bean.name=ServiceBean:com.shanjupay.merchant.api.MerchantService&check=false&deprecated=false&dubbo=2.0.2&dynamic=true&generic=false&interface=com.shanjupay.merchant.api.MerchantService&lazy=false&methods=queryMerchantByID&pid=9919&qos.enable=false&qos.port=22310&register=true&register.ip=192.168.199.177&release=2.7.3&remote.application=merchant-service&retries=-1&side=consumer&sticky=false&timeout=3000&timestamp=1678079349303, dubbo version: 2.7.3, current host: 192.168.199.177
[${project.name}][${env:SERVER_PORT}] 2023‐03‐06
            16:00:34,332 [32mINFO[m [Thread-21][AbstractProtocol.java:66] ‐  [DUBBO] Destroy reference: dubbo://192.168.199.177:20893/com.shanjupay.merchant.api.MerchantService?anyhost=true&application=merchant-application&bean.name=ServiceBean:com.shanjupay.merchant.api.MerchantService&category=providers&check=false&deprecated=false&dubbo=2.0.2&dynamic=true&generic=false&interface=com.shanjupay.merchant.api.MerchantService&lazy=false&methods=queryMerchantByID&path=com.shanjupay.merchant.api.MerchantService&pid=9919&protocol=dubbo&qos.enable=false&qos.port=22310&register=true&register.ip=192.168.199.177&release=2.7.3&remote.application=merchant-service&retries=-1&side=consumer&sticky=false&timeout=3000&timestamp=1678079349303, dubbo version: 2.7.3, current host: 192.168.199.177
[${project.name}][${env:SERVER_PORT}] 2023‐03‐06
            16:00:34,333 [32mINFO[m [Thread-21][NettyChannel.java:172] ‐  [DUBBO] Close netty channel [id: 0xafa24ade, L:/127.0.0.1:50983 - R:/127.0.0.1:7890], dubbo version: 2.7.3, current host: 192.168.199.177
[${project.name}][${env:SERVER_PORT}] 2023‐03‐06
            16:00:34,334 [36mDEBUG[m [DubboSharedHandler-thread-1][DubboProtocol.java:174] ‐  [DUBBO] disconnected from /127.0.0.1:7890,url:dubbo://192.168.199.177:20893/com.alibaba.cloud.dubbo.service.DubboMetadataService?anyhost=true&application=merchant-application&bind.ip=192.168.199.177&bind.port=20893&check=false&codec=dubbo&deprecated=false&dubbo=2.0.2&dynamic=true&generic=true&group=merchant-service&heartbeat=60000&interface=com.alibaba.cloud.dubbo.service.DubboMetadataService&lazy=false&methods=getAllServiceKeys,getServiceRestMetadata,getExportedURLs,getAllExportedURLs&pid=9919&qos.enable=false&qos.port=22310&register=true&register.ip=192.168.199.177&release=2.7.3&remote.application=merchant-service&retries=-1&revision=2.1.0.RELEASE&side=consumer&sticky=false&timeout=3000&timestamp=1678079350202&version=1.0.0, dubbo version: 2.7.3, current host: 192.168.199.177
[${project.name}][${env:SERVER_PORT}] 2023‐03‐06
            16:00:34,338 [32mINFO[m [Thread-21][AbstractProtocol.java:66] ‐  [DUBBO] Destroy reference: dubbo://192.168.199.177:20893/com.alibaba.cloud.dubbo.service.DubboMetadataService?anyhost=true&application=merchant-application&category=providers&check=false&deprecated=false&dubbo=2.0.2&dynamic=true&generic=true&group=merchant-service&interface=com.alibaba.cloud.dubbo.service.DubboMetadataService&lazy=false&methods=getAllServiceKeys,getServiceRestMetadata,getExportedURLs,getAllExportedURLs&path=com.alibaba.cloud.dubbo.service.DubboMetadataService&pid=9919&protocol=dubbo&qos.enable=false&qos.port=22310&register=true&register.ip=192.168.199.177&release=2.7.3&remote.application=merchant-service&retries=-1&revision=2.1.0.RELEASE&side=consumer&sticky=false&timeout=3000&timestamp=1678079350202&version=1.0.0, dubbo version: 2.7.3, current host: 192.168.199.177
[${project.name}][${env:SERVER_PORT}] 2023‐03‐06
            16:00:34,338 [32mINFO[m [Thread-21][AbstractProtocol.java:79] ‐  [DUBBO] Unexport service: dubbo://192.168.199.177:20891/com.alibaba.cloud.dubbo.service.DubboMetadataService?anyhost=true&application=merchant-application&bind.ip=192.168.199.177&bind.port=20891&deprecated=false&dubbo=2.0.2&dynamic=true&generic=false&group=merchant-application&interface=com.alibaba.cloud.dubbo.service.DubboMetadataService&methods=getAllServiceKeys,getServiceRestMetadata,getExportedURLs,getAllExportedURLs&pid=9919&qos.enable=false&qos.port=22310&register=true&release=2.7.3&revision=2.1.0.RELEASE&side=provider&timestamp=1678089603537&version=1.0.0, dubbo version: 2.7.3, current host: 192.168.199.177
[${project.name}][${env:SERVER_PORT}] 2023‐03‐06
            16:00:34,341 [32mINFO[m [Thread-21][Server.java:112] ‐  [DUBBO] qos-server stopped., dubbo version: 2.7.3, current host: 192.168.199.177
[${project.name}][${env:SERVER_PORT}] 2023‐03‐06
            16:00:34,350 [32mINFO[m [Thread-21][NacosServiceRegistry.java:74] ‐ De-registering from Nacos Server now...
[${project.name}][${env:SERVER_PORT}] 2023‐03‐06
            16:00:34,353 [32mINFO[m [Thread-21][NacosServiceRegistry.java:93] ‐ De-registration finished.
[${project.name}][${env:SERVER_PORT}] 2023‐03‐06
            16:00:34,355 [32mINFO[m [Thread-21][ExecutorConfigurationSupport.java:208] ‐ Shutting down ExecutorService 'applicationTaskExecutor'
[${project.name}][${env:SERVER_PORT}] 2023‐03‐06
            16:00:34,366 [32mINFO[m [Thread-21][DubboGenericServiceFactory.java:159] ‐ The Dubbo GenericService ReferenceBeans are destroying...
[${project.name}][${env:SERVER_PORT}] 2023‐03‐06
            16:00:34,367 [32mINFO[m [Thread-21][DubboGenericServiceFactory.java:164] ‐ Destroyed the ReferenceBean  : <dubbo:reference singleton="true" interface="com.alibaba.cloud.dubbo.service.DubboMetadataService" prefix="dubbo.reference.com.alibaba.cloud.dubbo.service.DubboMetadataService" group="merchant-service" lazy="false" sticky="false" generic="true" generic="true" version="1.0.0" id="com.alibaba.cloud.dubbo.service.DubboMetadataService" valid="true" /> 
[${project.name}][${env:SERVER_PORT}] 2023‐03‐06
            16:00:34,382 [32mINFO[m [Thread-21][AnnotationInjectedBeanPostProcessor.java:293] ‐ org.apache.dubbo.common.bytecode.proxy1@692924df was destroying!
[${project.name}][${env:SERVER_PORT}] 2023‐03‐06
            16:00:34,382 [32mINFO[m [Thread-21][AnnotationInjectedBeanPostProcessor.java:305] ‐ class org.apache.dubbo.config.spring.beans.factory.annotation.ReferenceAnnotationBeanPostProcessor was destroying!
[${project.name}][${env:SERVER_PORT}] 2023‐03‐06
            16:00:34,765 [33mWARN[m [com.alibaba.nacos.naming.client.listener][AbstractRegistry.java:395] ‐  [DUBBO] Ignore empty notify urls for subscribe url provider://192.168.199.177:20891/com.alibaba.cloud.dubbo.service.DubboMetadataService?anyhost=true&application=merchant-application&bind.ip=192.168.199.177&bind.port=20891&category=configurators&check=false&deprecated=false&dubbo=2.0.2&dynamic=true&generic=false&group=merchant-application&interface=com.alibaba.cloud.dubbo.service.DubboMetadataService&methods=getAllServiceKeys,getServiceRestMetadata,getExportedURLs,getAllExportedURLs&pid=9919&qos.enable=false&qos.port=22310&register=true&release=2.7.3&revision=2.1.0.RELEASE&side=provider&timestamp=1678089603537&version=1.0.0, dubbo version: 2.7.3, current host: 192.168.199.177
