[${project.name}][${env:SERVER_PORT}] 2023‐03‐05
            21:06:48,995 [1;31mERROR[m [http-nio-57010-exec-1][DirectJDKLog.java:175] ‐ Servlet.service() for servlet [dispatcherServlet] in context with path [] threw exception [Request processing failed; nested exception is org.apache.dubbo.rpc.RpcException: Failed to invoke the method queryMerchantBuID in the service com.shanjupay.merchant.api.MerchantService. Tried 1 times of the providers [192.168.199.177:20890] (1/1) from the registry localhost:9090 on the consumer 192.168.199.177 using the dubbo version 2.7.3. Last error is: Failed to invoke remote method: queryMerchantBuID, provider: dubbo://192.168.199.177:20890/com.shanjupay.merchant.api.MerchantService?anyhost=true&application=merchant-application&bean.name=ServiceBean:com.shanjupay.merchant.api.MerchantService&check=false&deprecated=false&dubbo=2.0.2&dynamic=true&generic=false&interface=com.shanjupay.merchant.api.MerchantService&lazy=false&methods=queryMerchantBuID&pid=13489&qos.enable=false&qos.port=22310&register=true&register.ip=192.168.199.177&release=2.7.3&remote.application=merchant-service&retries=-1&side=consumer&sticky=false&timeout=3000&timestamp=1678021299046, cause: org.apache.dubbo.remoting.RemotingException: Failed to send response: Response [id=3, version=2.0.2, status=20, event=false, error=null, result=AppResponse [value=MerchantDTO(id=1, merchantName=测试商户, merchantNo=null, merchantAddress=null, merchantType=null, businessLicensesImg=null, idCardFrontImg=null, idCardAfterImg=null, username=null, mobile=null, contactsAddress=null, auditStatus=null, tenantId=null), exception=null]], cause: java.lang.IllegalStateException: Serialized class com.shanjupay.merchant.dto.MerchantDTO must implement java.io.Serializable
java.lang.IllegalStateException: Serialized class com.shanjupay.merchant.dto.MerchantDTO must implement java.io.Serializable
	at com.alibaba.com.caucho.hessian.io.SerializerFactory.getDefaultSerializer(SerializerFactory.java:401)
	at com.alibaba.com.caucho.hessian.io.SerializerFactory.getSerializer(SerializerFactory.java:375)
	at com.alibaba.com.caucho.hessian.io.Hessian2Output.writeObject(Hessian2Output.java:389)
	at org.apache.dubbo.common.serialize.hessian2.Hessian2ObjectOutput.writeObject(Hessian2ObjectOutput.java:89)
	at org.apache.dubbo.rpc.protocol.dubbo.DubboCodec.encodeResponseData(DubboCodec.java:203)
	at org.apache.dubbo.remoting.exchange.codec.ExchangeCodec.encodeResponse(ExchangeCodec.java:283)
	at org.apache.dubbo.remoting.exchange.codec.ExchangeCodec.encode(ExchangeCodec.java:71)
	at org.apache.dubbo.rpc.protocol.dubbo.DubboCountCodec.encode(DubboCountCodec.java:40)
	at org.apache.dubbo.remoting.transport.netty4.NettyCodecAdapter$InternalEncoder.encode(NettyCodecAdapter.java:70)
	at io.netty.handler.codec.MessageToByteEncoder.write(MessageToByteEncoder.java:107)
	at io.netty.channel.AbstractChannelHandlerContext.invokeWrite0(AbstractChannelHandlerContext.java:738)
	at io.netty.channel.AbstractChannelHandlerContext.invokeWrite(AbstractChannelHandlerContext.java:730)
	at io.netty.channel.AbstractChannelHandlerContext.write(AbstractChannelHandlerContext.java:816)
	at io.netty.channel.AbstractChannelHandlerContext.write(AbstractChannelHandlerContext.java:723)
	at io.netty.handler.timeout.IdleStateHandler.write(IdleStateHandler.java:302)
	at io.netty.channel.AbstractChannelHandlerContext.invokeWrite0(AbstractChannelHandlerContext.java:738)
	at io.netty.channel.AbstractChannelHandlerContext.invokeWrite(AbstractChannelHandlerContext.java:730)
	at io.netty.channel.AbstractChannelHandlerContext.write(AbstractChannelHandlerContext.java:816)
	at io.netty.channel.AbstractChannelHandlerContext.write(AbstractChannelHandlerContext.java:723)
	at io.netty.channel.ChannelDuplexHandler.write(ChannelDuplexHandler.java:106)
	at org.apache.dubbo.remoting.transport.netty4.NettyServerHandler.write(NettyServerHandler.java:103)
	at io.netty.channel.AbstractChannelHandlerContext.invokeWrite0(AbstractChannelHandlerContext.java:738)
	at io.netty.channel.AbstractChannelHandlerContext.invokeWrite(AbstractChannelHandlerContext.java:730)
	at io.netty.channel.AbstractChannelHandlerContext.access$1700(AbstractChannelHandlerContext.java:38)
	at io.netty.channel.AbstractChannelHandlerContext$AbstractWriteTask.write(AbstractChannelHandlerContext.java:1127)
	at io.netty.channel.AbstractChannelHandlerContext$WriteAndFlushTask.write(AbstractChannelHandlerContext.java:1174)
	at io.netty.channel.AbstractChannelHandlerContext$AbstractWriteTask.run(AbstractChannelHandlerContext.java:1098)
	at io.netty.util.concurrent.AbstractEventExecutor.safeExecute(AbstractEventExecutor.java:163)
	at io.netty.util.concurrent.SingleThreadEventExecutor.runAllTasks(SingleThreadEventExecutor.java:404)
	at io.netty.channel.nio.NioEventLoop.run(NioEventLoop.java:495)
	at io.netty.util.concurrent.SingleThreadEventExecutor$5.run(SingleThreadEventExecutor.java:905)
	at io.netty.util.concurrent.FastThreadLocalRunnable.run(FastThreadLocalRunnable.java:30)
	at java.lang.Thread.run(Thread.java:748)
] with root cause
org.apache.dubbo.remoting.RemotingException: Failed to send response: Response [id=3, version=2.0.2, status=20, event=false, error=null, result=AppResponse [value=MerchantDTO(id=1, merchantName=测试商户, merchantNo=null, merchantAddress=null, merchantType=null, businessLicensesImg=null, idCardFrontImg=null, idCardAfterImg=null, username=null, mobile=null, contactsAddress=null, auditStatus=null, tenantId=null), exception=null]], cause: java.lang.IllegalStateException: Serialized class com.shanjupay.merchant.dto.MerchantDTO must implement java.io.Serializable
java.lang.IllegalStateException: Serialized class com.shanjupay.merchant.dto.MerchantDTO must implement java.io.Serializable
	at com.alibaba.com.caucho.hessian.io.SerializerFactory.getDefaultSerializer(SerializerFactory.java:401)
	at com.alibaba.com.caucho.hessian.io.SerializerFactory.getSerializer(SerializerFactory.java:375)
	at com.alibaba.com.caucho.hessian.io.Hessian2Output.writeObject(Hessian2Output.java:389)
	at org.apache.dubbo.common.serialize.hessian2.Hessian2ObjectOutput.writeObject(Hessian2ObjectOutput.java:89)
	at org.apache.dubbo.rpc.protocol.dubbo.DubboCodec.encodeResponseData(DubboCodec.java:203)
	at org.apache.dubbo.remoting.exchange.codec.ExchangeCodec.encodeResponse(ExchangeCodec.java:283)
	at org.apache.dubbo.remoting.exchange.codec.ExchangeCodec.encode(ExchangeCodec.java:71)
	at org.apache.dubbo.rpc.protocol.dubbo.DubboCountCodec.encode(DubboCountCodec.java:40)
	at org.apache.dubbo.remoting.transport.netty4.NettyCodecAdapter$InternalEncoder.encode(NettyCodecAdapter.java:70)
	at io.netty.handler.codec.MessageToByteEncoder.write(MessageToByteEncoder.java:107)
	at io.netty.channel.AbstractChannelHandlerContext.invokeWrite0(AbstractChannelHandlerContext.java:738)
	at io.netty.channel.AbstractChannelHandlerContext.invokeWrite(AbstractChannelHandlerContext.java:730)
	at io.netty.channel.AbstractChannelHandlerContext.write(AbstractChannelHandlerContext.java:816)
	at io.netty.channel.AbstractChannelHandlerContext.write(AbstractChannelHandlerContext.java:723)
	at io.netty.handler.timeout.IdleStateHandler.write(IdleStateHandler.java:302)
	at io.netty.channel.AbstractChannelHandlerContext.invokeWrite0(AbstractChannelHandlerContext.java:738)
	at io.netty.channel.AbstractChannelHandlerContext.invokeWrite(AbstractChannelHandlerContext.java:730)
	at io.netty.channel.AbstractChannelHandlerContext.write(AbstractChannelHandlerContext.java:816)
	at io.netty.channel.AbstractChannelHandlerContext.write(AbstractChannelHandlerContext.java:723)
	at io.netty.channel.ChannelDuplexHandler.write(ChannelDuplexHandler.java:106)
	at org.apache.dubbo.remoting.transport.netty4.NettyServerHandler.write(NettyServerHandler.java:103)
	at io.netty.channel.AbstractChannelHandlerContext.invokeWrite0(AbstractChannelHandlerContext.java:738)
	at io.netty.channel.AbstractChannelHandlerContext.invokeWrite(AbstractChannelHandlerContext.java:730)
	at io.netty.channel.AbstractChannelHandlerContext.access$1700(AbstractChannelHandlerContext.java:38)
	at io.netty.channel.AbstractChannelHandlerContext$AbstractWriteTask.write(AbstractChannelHandlerContext.java:1127)
	at io.netty.channel.AbstractChannelHandlerContext$WriteAndFlushTask.write(AbstractChannelHandlerContext.java:1174)
	at io.netty.channel.AbstractChannelHandlerContext$AbstractWriteTask.run(AbstractChannelHandlerContext.java:1098)
	at io.netty.util.concurrent.AbstractEventExecutor.safeExecute(AbstractEventExecutor.java:163)
	at io.netty.util.concurrent.SingleThreadEventExecutor.runAllTasks(SingleThreadEventExecutor.java:404)
	at io.netty.channel.nio.NioEventLoop.run(NioEventLoop.java:495)
	at io.netty.util.concurrent.SingleThreadEventExecutor$5.run(SingleThreadEventExecutor.java:905)
	at io.netty.util.concurrent.FastThreadLocalRunnable.run(FastThreadLocalRunnable.java:30)
	at java.lang.Thread.run(Thread.java:748)

	at org.apache.dubbo.remoting.exchange.support.DefaultFuture.doReceived(DefaultFuture.java:191)
	at org.apache.dubbo.remoting.exchange.support.DefaultFuture.received(DefaultFuture.java:153)
	at org.apache.dubbo.remoting.exchange.support.DefaultFuture.received(DefaultFuture.java:141)
	at org.apache.dubbo.remoting.exchange.support.header.HeaderExchangeHandler.handleResponse(HeaderExchangeHandler.java:62)
	at org.apache.dubbo.remoting.exchange.support.header.HeaderExchangeHandler.received(HeaderExchangeHandler.java:199)
	at org.apache.dubbo.remoting.transport.DecodeHandler.received(DecodeHandler.java:51)
	at org.apache.dubbo.remoting.transport.dispatcher.ChannelEventRunnable.run(ChannelEventRunnable.java:57)
	at java.util.concurrent.ThreadPoolExecutor.runWorker(ThreadPoolExecutor.java:1149)
	at java.util.concurrent.ThreadPoolExecutor$Worker.run(ThreadPoolExecutor.java:624)
	at java.lang.Thread.run(Thread.java:748)
[${project.name}][${env:SERVER_PORT}] 2023‐03‐05
            21:10:19,147 [1;31mERROR[m [http-nio-57010-exec-1][DirectJDKLog.java:175] ‐ Servlet.service() for servlet [dispatcherServlet] in context with path [] threw exception [Request processing failed; nested exception is org.apache.dubbo.rpc.RpcException: Failed to invoke the method queryMerchantByID in the service com.shanjupay.merchant.api.MerchantService. Tried 1 times of the providers [192.168.199.177:20890] (1/1) from the registry 127.0.0.1:8848 on the consumer 192.168.199.177 using the dubbo version 2.7.3. Last error is: Failed to invoke remote method: queryMerchantByID, provider: dubbo://192.168.199.177:20890/com.shanjupay.merchant.api.MerchantService?anyhost=true&application=merchant-application&bean.name=ServiceBean:com.shanjupay.merchant.api.MerchantService&category=providers&check=false&deprecated=false&dubbo=2.0.2&dynamic=true&generic=false&interface=com.shanjupay.merchant.api.MerchantService&lazy=false&methods=queryMerchantByID&path=com.shanjupay.merchant.api.MerchantService&pid=13639&protocol=dubbo&qos.enable=false&qos.port=22310&register=true&register.ip=192.168.199.177&release=2.7.3&remote.application=merchant-service&retries=-1&side=consumer&sticky=false&timeout=3000&timestamp=1678021810711, cause: org.apache.dubbo.remoting.RemotingException: Failed to send response: Response [id=0, version=2.0.2, status=20, event=false, error=null, result=AppResponse [value=MerchantDTO(id=1, merchantName=测试商户, merchantNo=null, merchantAddress=null, merchantType=null, businessLicensesImg=null, idCardFrontImg=null, idCardAfterImg=null, username=null, mobile=null, contactsAddress=null, auditStatus=null, tenantId=null), exception=null]], cause: java.lang.IllegalStateException: Serialized class com.shanjupay.merchant.dto.MerchantDTO must implement java.io.Serializable
java.lang.IllegalStateException: Serialized class com.shanjupay.merchant.dto.MerchantDTO must implement java.io.Serializable
	at com.alibaba.com.caucho.hessian.io.SerializerFactory.getDefaultSerializer(SerializerFactory.java:401)
	at com.alibaba.com.caucho.hessian.io.SerializerFactory.getSerializer(SerializerFactory.java:375)
	at com.alibaba.com.caucho.hessian.io.Hessian2Output.writeObject(Hessian2Output.java:389)
	at org.apache.dubbo.common.serialize.hessian2.Hessian2ObjectOutput.writeObject(Hessian2ObjectOutput.java:89)
	at org.apache.dubbo.rpc.protocol.dubbo.DubboCodec.encodeResponseData(DubboCodec.java:203)
	at org.apache.dubbo.remoting.exchange.codec.ExchangeCodec.encodeResponse(ExchangeCodec.java:283)
	at org.apache.dubbo.remoting.exchange.codec.ExchangeCodec.encode(ExchangeCodec.java:71)
	at org.apache.dubbo.rpc.protocol.dubbo.DubboCountCodec.encode(DubboCountCodec.java:40)
	at org.apache.dubbo.remoting.transport.netty4.NettyCodecAdapter$InternalEncoder.encode(NettyCodecAdapter.java:70)
	at io.netty.handler.codec.MessageToByteEncoder.write(MessageToByteEncoder.java:107)
	at io.netty.channel.AbstractChannelHandlerContext.invokeWrite0(AbstractChannelHandlerContext.java:738)
	at io.netty.channel.AbstractChannelHandlerContext.invokeWrite(AbstractChannelHandlerContext.java:730)
	at io.netty.channel.AbstractChannelHandlerContext.write(AbstractChannelHandlerContext.java:816)
	at io.netty.channel.AbstractChannelHandlerContext.write(AbstractChannelHandlerContext.java:723)
	at io.netty.handler.timeout.IdleStateHandler.write(IdleStateHandler.java:302)
	at io.netty.channel.AbstractChannelHandlerContext.invokeWrite0(AbstractChannelHandlerContext.java:738)
	at io.netty.channel.AbstractChannelHandlerContext.invokeWrite(AbstractChannelHandlerContext.java:730)
	at io.netty.channel.AbstractChannelHandlerContext.write(AbstractChannelHandlerContext.java:816)
	at io.netty.channel.AbstractChannelHandlerContext.write(AbstractChannelHandlerContext.java:723)
	at io.netty.channel.ChannelDuplexHandler.write(ChannelDuplexHandler.java:106)
	at org.apache.dubbo.remoting.transport.netty4.NettyServerHandler.write(NettyServerHandler.java:103)
	at io.netty.channel.AbstractChannelHandlerContext.invokeWrite0(AbstractChannelHandlerContext.java:738)
	at io.netty.channel.AbstractChannelHandlerContext.invokeWrite(AbstractChannelHandlerContext.java:730)
	at io.netty.channel.AbstractChannelHandlerContext.access$1700(AbstractChannelHandlerContext.java:38)
	at io.netty.channel.AbstractChannelHandlerContext$AbstractWriteTask.write(AbstractChannelHandlerContext.java:1127)
	at io.netty.channel.AbstractChannelHandlerContext$WriteAndFlushTask.write(AbstractChannelHandlerContext.java:1174)
	at io.netty.channel.AbstractChannelHandlerContext$AbstractWriteTask.run(AbstractChannelHandlerContext.java:1098)
	at io.netty.util.concurrent.AbstractEventExecutor.safeExecute(AbstractEventExecutor.java:163)
	at io.netty.util.concurrent.SingleThreadEventExecutor.runAllTasks(SingleThreadEventExecutor.java:404)
	at io.netty.channel.nio.NioEventLoop.run(NioEventLoop.java:495)
	at io.netty.util.concurrent.SingleThreadEventExecutor$5.run(SingleThreadEventExecutor.java:905)
	at io.netty.util.concurrent.FastThreadLocalRunnable.run(FastThreadLocalRunnable.java:30)
	at java.lang.Thread.run(Thread.java:748)
] with root cause
org.apache.dubbo.remoting.RemotingException: Failed to send response: Response [id=0, version=2.0.2, status=20, event=false, error=null, result=AppResponse [value=MerchantDTO(id=1, merchantName=测试商户, merchantNo=null, merchantAddress=null, merchantType=null, businessLicensesImg=null, idCardFrontImg=null, idCardAfterImg=null, username=null, mobile=null, contactsAddress=null, auditStatus=null, tenantId=null), exception=null]], cause: java.lang.IllegalStateException: Serialized class com.shanjupay.merchant.dto.MerchantDTO must implement java.io.Serializable
java.lang.IllegalStateException: Serialized class com.shanjupay.merchant.dto.MerchantDTO must implement java.io.Serializable
	at com.alibaba.com.caucho.hessian.io.SerializerFactory.getDefaultSerializer(SerializerFactory.java:401)
	at com.alibaba.com.caucho.hessian.io.SerializerFactory.getSerializer(SerializerFactory.java:375)
	at com.alibaba.com.caucho.hessian.io.Hessian2Output.writeObject(Hessian2Output.java:389)
	at org.apache.dubbo.common.serialize.hessian2.Hessian2ObjectOutput.writeObject(Hessian2ObjectOutput.java:89)
	at org.apache.dubbo.rpc.protocol.dubbo.DubboCodec.encodeResponseData(DubboCodec.java:203)
	at org.apache.dubbo.remoting.exchange.codec.ExchangeCodec.encodeResponse(ExchangeCodec.java:283)
	at org.apache.dubbo.remoting.exchange.codec.ExchangeCodec.encode(ExchangeCodec.java:71)
	at org.apache.dubbo.rpc.protocol.dubbo.DubboCountCodec.encode(DubboCountCodec.java:40)
	at org.apache.dubbo.remoting.transport.netty4.NettyCodecAdapter$InternalEncoder.encode(NettyCodecAdapter.java:70)
	at io.netty.handler.codec.MessageToByteEncoder.write(MessageToByteEncoder.java:107)
	at io.netty.channel.AbstractChannelHandlerContext.invokeWrite0(AbstractChannelHandlerContext.java:738)
	at io.netty.channel.AbstractChannelHandlerContext.invokeWrite(AbstractChannelHandlerContext.java:730)
	at io.netty.channel.AbstractChannelHandlerContext.write(AbstractChannelHandlerContext.java:816)
	at io.netty.channel.AbstractChannelHandlerContext.write(AbstractChannelHandlerContext.java:723)
	at io.netty.handler.timeout.IdleStateHandler.write(IdleStateHandler.java:302)
	at io.netty.channel.AbstractChannelHandlerContext.invokeWrite0(AbstractChannelHandlerContext.java:738)
	at io.netty.channel.AbstractChannelHandlerContext.invokeWrite(AbstractChannelHandlerContext.java:730)
	at io.netty.channel.AbstractChannelHandlerContext.write(AbstractChannelHandlerContext.java:816)
	at io.netty.channel.AbstractChannelHandlerContext.write(AbstractChannelHandlerContext.java:723)
	at io.netty.channel.ChannelDuplexHandler.write(ChannelDuplexHandler.java:106)
	at org.apache.dubbo.remoting.transport.netty4.NettyServerHandler.write(NettyServerHandler.java:103)
	at io.netty.channel.AbstractChannelHandlerContext.invokeWrite0(AbstractChannelHandlerContext.java:738)
	at io.netty.channel.AbstractChannelHandlerContext.invokeWrite(AbstractChannelHandlerContext.java:730)
	at io.netty.channel.AbstractChannelHandlerContext.access$1700(AbstractChannelHandlerContext.java:38)
	at io.netty.channel.AbstractChannelHandlerContext$AbstractWriteTask.write(AbstractChannelHandlerContext.java:1127)
	at io.netty.channel.AbstractChannelHandlerContext$WriteAndFlushTask.write(AbstractChannelHandlerContext.java:1174)
	at io.netty.channel.AbstractChannelHandlerContext$AbstractWriteTask.run(AbstractChannelHandlerContext.java:1098)
	at io.netty.util.concurrent.AbstractEventExecutor.safeExecute(AbstractEventExecutor.java:163)
	at io.netty.util.concurrent.SingleThreadEventExecutor.runAllTasks(SingleThreadEventExecutor.java:404)
	at io.netty.channel.nio.NioEventLoop.run(NioEventLoop.java:495)
	at io.netty.util.concurrent.SingleThreadEventExecutor$5.run(SingleThreadEventExecutor.java:905)
	at io.netty.util.concurrent.FastThreadLocalRunnable.run(FastThreadLocalRunnable.java:30)
	at java.lang.Thread.run(Thread.java:748)

	at org.apache.dubbo.remoting.exchange.support.DefaultFuture.doReceived(DefaultFuture.java:191)
	at org.apache.dubbo.remoting.exchange.support.DefaultFuture.received(DefaultFuture.java:153)
	at org.apache.dubbo.remoting.exchange.support.DefaultFuture.received(DefaultFuture.java:141)
	at org.apache.dubbo.remoting.exchange.support.header.HeaderExchangeHandler.handleResponse(HeaderExchangeHandler.java:62)
	at org.apache.dubbo.remoting.exchange.support.header.HeaderExchangeHandler.received(HeaderExchangeHandler.java:199)
	at org.apache.dubbo.remoting.transport.DecodeHandler.received(DecodeHandler.java:51)
	at org.apache.dubbo.remoting.transport.dispatcher.ChannelEventRunnable.run(ChannelEventRunnable.java:57)
	at java.util.concurrent.ThreadPoolExecutor.runWorker(ThreadPoolExecutor.java:1149)
	at java.util.concurrent.ThreadPoolExecutor$Worker.run(ThreadPoolExecutor.java:624)
	at java.lang.Thread.run(Thread.java:748)
[${project.name}][${env:SERVER_PORT}] 2023‐03‐05
            21:14:27,998 [1;31mERROR[m [com.alibaba.nacos.naming.client.listener][DubboMetadataServiceInvocationHandler.java:54] ‐ No provider available in [invoker :interface org.apache.dubbo.rpc.service.GenericService -> spring-cloud://localhost:9090/org.apache.dubbo.registry.RegistryService?anyhost=true&application=merchant-service&bind.ip=192.168.199.177&bind.port=20891&check=false&deprecated=false&dubbo=2.0.2&dynamic=true&generic=true&group=merchant-application&interface=com.alibaba.cloud.dubbo.service.DubboMetadataService&lazy=false&methods=getAllServiceKeys,getServiceRestMetadata,getExportedURLs,getAllExportedURLs&pid=13745&qos.enable=false&qos.port=22310&register=true&register.ip=192.168.199.177&release=2.7.3&remote.application=merchant-application&retries=-1&revision=2.1.0.RELEASE&side=consumer&sticky=false&timeout=3000&timestamp=1678021929082&version=1.0.0,directory: org.apache.dubbo.registry.integration.RegistryDirectory@7757a37f, invoker :interface org.apache.dubbo.rpc.service.GenericService -> nacos://127.0.0.1:8848/org.apache.dubbo.registry.RegistryService?anyhost=true&application=merchant-service&category=providers&check=false&deprecated=false&dubbo=2.0.2&dynamic=true&generic=true&group=merchant-application&interface=com.alibaba.cloud.dubbo.service.DubboMetadataService&lazy=false&methods=getAllServiceKeys,getServiceRestMetadata,getExportedURLs,getAllExportedURLs&path=com.alibaba.cloud.dubbo.service.DubboMetadataService&pid=13745&protocol=dubbo&qos.enable=false&qos.port=22310&register=true&register.ip=192.168.199.177&release=2.7.3&remote.application=merchant-application&retries=-1&revision=2.1.0.RELEASE&side=consumer&sticky=false&timeout=3000&timestamp=1678021929082&version=1.0.0,directory: org.apache.dubbo.registry.integration.RegistryDirectory@7db162f2]
org.apache.dubbo.rpc.RpcException: No provider available in [invoker :interface org.apache.dubbo.rpc.service.GenericService -> spring-cloud://localhost:9090/org.apache.dubbo.registry.RegistryService?anyhost=true&application=merchant-service&bind.ip=192.168.199.177&bind.port=20891&check=false&deprecated=false&dubbo=2.0.2&dynamic=true&generic=true&group=merchant-application&interface=com.alibaba.cloud.dubbo.service.DubboMetadataService&lazy=false&methods=getAllServiceKeys,getServiceRestMetadata,getExportedURLs,getAllExportedURLs&pid=13745&qos.enable=false&qos.port=22310&register=true&register.ip=192.168.199.177&release=2.7.3&remote.application=merchant-application&retries=-1&revision=2.1.0.RELEASE&side=consumer&sticky=false&timeout=3000&timestamp=1678021929082&version=1.0.0,directory: org.apache.dubbo.registry.integration.RegistryDirectory@7757a37f, invoker :interface org.apache.dubbo.rpc.service.GenericService -> nacos://127.0.0.1:8848/org.apache.dubbo.registry.RegistryService?anyhost=true&application=merchant-service&category=providers&check=false&deprecated=false&dubbo=2.0.2&dynamic=true&generic=true&group=merchant-application&interface=com.alibaba.cloud.dubbo.service.DubboMetadataService&lazy=false&methods=getAllServiceKeys,getServiceRestMetadata,getExportedURLs,getAllExportedURLs&path=com.alibaba.cloud.dubbo.service.DubboMetadataService&pid=13745&protocol=dubbo&qos.enable=false&qos.port=22310&register=true&register.ip=192.168.199.177&release=2.7.3&remote.application=merchant-application&retries=-1&revision=2.1.0.RELEASE&side=consumer&sticky=false&timeout=3000&timestamp=1678021929082&version=1.0.0,directory: org.apache.dubbo.registry.integration.RegistryDirectory@7db162f2]
	at org.apache.dubbo.rpc.cluster.support.RegistryAwareClusterInvoker.doInvoke(RegistryAwareClusterInvoker.java:59)
	at org.apache.dubbo.rpc.cluster.support.AbstractClusterInvoker.invoke(AbstractClusterInvoker.java:248)
	at org.apache.dubbo.rpc.cluster.support.wrapper.MockClusterInvoker.invoke(MockClusterInvoker.java:78)
	at org.apache.dubbo.rpc.proxy.InvokerInvocationHandler.invoke(InvokerInvocationHandler.java:55)
	at org.apache.dubbo.common.bytecode.proxy0.$invoke(proxy0.java)
	at com.alibaba.cloud.dubbo.service.DubboMetadataServiceInvocationHandler.invoke(DubboMetadataServiceInvocationHandler.java:49)
	at com.sun.proxy.$Proxy140.getExportedURLs(Unknown Source)
	at com.alibaba.cloud.dubbo.registry.AbstractSpringCloudRegistry.getExportedURLs(AbstractSpringCloudRegistry.java:328)
	at com.alibaba.cloud.dubbo.registry.AbstractSpringCloudRegistry.subscribeDubboServiceURL(AbstractSpringCloudRegistry.java:260)
	at com.alibaba.cloud.dubbo.registry.AbstractSpringCloudRegistry$1.onApplicationEvent(AbstractSpringCloudRegistry.java:193)
	at com.alibaba.cloud.dubbo.registry.AbstractSpringCloudRegistry$1.onApplicationEvent(AbstractSpringCloudRegistry.java:186)
	at org.springframework.context.event.SimpleApplicationEventMulticaster.doInvokeListener(SimpleApplicationEventMulticaster.java:172)
	at org.springframework.context.event.SimpleApplicationEventMulticaster.invokeListener(SimpleApplicationEventMulticaster.java:165)
	at org.springframework.context.event.SimpleApplicationEventMulticaster.multicastEvent(SimpleApplicationEventMulticaster.java:139)
	at org.springframework.context.support.AbstractApplicationContext.publishEvent(AbstractApplicationContext.java:402)
	at org.springframework.context.support.AbstractApplicationContext.publishEvent(AbstractApplicationContext.java:359)
	at com.alibaba.cloud.dubbo.autoconfigure.DubboServiceDiscoveryAutoConfiguration.dispatchServiceInstancesChangedEvent(DubboServiceDiscoveryAutoConfiguration.java:161)
	at com.alibaba.cloud.dubbo.autoconfigure.DubboServiceDiscoveryAutoConfiguration.access$200(DubboServiceDiscoveryAutoConfiguration.java:107)
	at com.alibaba.cloud.dubbo.autoconfigure.DubboServiceDiscoveryAutoConfiguration$NacosConfiguration.lambda$subscribeEventListener$1(DubboServiceDiscoveryAutoConfiguration.java:541)
	at com.alibaba.nacos.client.naming.core.EventDispatcher$Notifier.run(EventDispatcher.java:128)
	at java.util.concurrent.ThreadPoolExecutor.runWorker(ThreadPoolExecutor.java:1149)
	at java.util.concurrent.ThreadPoolExecutor$Worker.run(ThreadPoolExecutor.java:624)
	at java.lang.Thread.run(Thread.java:748)
[${project.name}][${env:SERVER_PORT}] 2023‐03‐05
            21:36:00,823 [1;31mERROR[m [com.alibaba.nacos.naming.client.listener][DubboMetadataServiceInvocationHandler.java:54] ‐ No provider available in [invoker :interface org.apache.dubbo.rpc.service.GenericService -> spring-cloud://localhost:9090/org.apache.dubbo.registry.RegistryService?anyhost=true&application=merchant-service&bind.ip=192.168.199.177&bind.port=20891&check=false&deprecated=false&dubbo=2.0.2&dynamic=true&generic=true&group=merchant-application&interface=com.alibaba.cloud.dubbo.service.DubboMetadataService&lazy=false&methods=getAllServiceKeys,getServiceRestMetadata,getExportedURLs,getAllExportedURLs&pid=13745&qos.enable=false&qos.port=22310&register=true&register.ip=192.168.199.177&release=2.7.3&remote.application=merchant-application&retries=-1&revision=2.1.0.RELEASE&side=consumer&sticky=false&timeout=3000&timestamp=1678021929082&version=1.0.0,directory: org.apache.dubbo.registry.integration.RegistryDirectory@7757a37f, invoker :interface org.apache.dubbo.rpc.service.GenericService -> nacos://127.0.0.1:8848/org.apache.dubbo.registry.RegistryService?anyhost=true&application=merchant-service&category=providers&check=false&deprecated=false&dubbo=2.0.2&dynamic=true&generic=true&group=merchant-application&interface=com.alibaba.cloud.dubbo.service.DubboMetadataService&lazy=false&methods=getAllServiceKeys,getServiceRestMetadata,getExportedURLs,getAllExportedURLs&path=com.alibaba.cloud.dubbo.service.DubboMetadataService&pid=13745&protocol=dubbo&qos.enable=false&qos.port=22310&register=true&register.ip=192.168.199.177&release=2.7.3&remote.application=merchant-application&retries=-1&revision=2.1.0.RELEASE&side=consumer&sticky=false&timeout=3000&timestamp=1678021929082&version=1.0.0,directory: org.apache.dubbo.registry.integration.RegistryDirectory@7db162f2]
org.apache.dubbo.rpc.RpcException: No provider available in [invoker :interface org.apache.dubbo.rpc.service.GenericService -> spring-cloud://localhost:9090/org.apache.dubbo.registry.RegistryService?anyhost=true&application=merchant-service&bind.ip=192.168.199.177&bind.port=20891&check=false&deprecated=false&dubbo=2.0.2&dynamic=true&generic=true&group=merchant-application&interface=com.alibaba.cloud.dubbo.service.DubboMetadataService&lazy=false&methods=getAllServiceKeys,getServiceRestMetadata,getExportedURLs,getAllExportedURLs&pid=13745&qos.enable=false&qos.port=22310&register=true&register.ip=192.168.199.177&release=2.7.3&remote.application=merchant-application&retries=-1&revision=2.1.0.RELEASE&side=consumer&sticky=false&timeout=3000&timestamp=1678021929082&version=1.0.0,directory: org.apache.dubbo.registry.integration.RegistryDirectory@7757a37f, invoker :interface org.apache.dubbo.rpc.service.GenericService -> nacos://127.0.0.1:8848/org.apache.dubbo.registry.RegistryService?anyhost=true&application=merchant-service&category=providers&check=false&deprecated=false&dubbo=2.0.2&dynamic=true&generic=true&group=merchant-application&interface=com.alibaba.cloud.dubbo.service.DubboMetadataService&lazy=false&methods=getAllServiceKeys,getServiceRestMetadata,getExportedURLs,getAllExportedURLs&path=com.alibaba.cloud.dubbo.service.DubboMetadataService&pid=13745&protocol=dubbo&qos.enable=false&qos.port=22310&register=true&register.ip=192.168.199.177&release=2.7.3&remote.application=merchant-application&retries=-1&revision=2.1.0.RELEASE&side=consumer&sticky=false&timeout=3000&timestamp=1678021929082&version=1.0.0,directory: org.apache.dubbo.registry.integration.RegistryDirectory@7db162f2]
	at org.apache.dubbo.rpc.cluster.support.RegistryAwareClusterInvoker.doInvoke(RegistryAwareClusterInvoker.java:59)
	at org.apache.dubbo.rpc.cluster.support.AbstractClusterInvoker.invoke(AbstractClusterInvoker.java:248)
	at org.apache.dubbo.rpc.cluster.support.wrapper.MockClusterInvoker.invoke(MockClusterInvoker.java:78)
	at org.apache.dubbo.rpc.proxy.InvokerInvocationHandler.invoke(InvokerInvocationHandler.java:55)
	at org.apache.dubbo.common.bytecode.proxy0.$invoke(proxy0.java)
	at com.alibaba.cloud.dubbo.service.DubboMetadataServiceInvocationHandler.invoke(DubboMetadataServiceInvocationHandler.java:49)
	at com.sun.proxy.$Proxy140.getExportedURLs(Unknown Source)
	at com.alibaba.cloud.dubbo.registry.AbstractSpringCloudRegistry.getExportedURLs(AbstractSpringCloudRegistry.java:328)
	at com.alibaba.cloud.dubbo.registry.AbstractSpringCloudRegistry.subscribeDubboServiceURL(AbstractSpringCloudRegistry.java:260)
	at com.alibaba.cloud.dubbo.registry.AbstractSpringCloudRegistry$1.onApplicationEvent(AbstractSpringCloudRegistry.java:193)
	at com.alibaba.cloud.dubbo.registry.AbstractSpringCloudRegistry$1.onApplicationEvent(AbstractSpringCloudRegistry.java:186)
	at org.springframework.context.event.SimpleApplicationEventMulticaster.doInvokeListener(SimpleApplicationEventMulticaster.java:172)
	at org.springframework.context.event.SimpleApplicationEventMulticaster.invokeListener(SimpleApplicationEventMulticaster.java:165)
	at org.springframework.context.event.SimpleApplicationEventMulticaster.multicastEvent(SimpleApplicationEventMulticaster.java:139)
	at org.springframework.context.support.AbstractApplicationContext.publishEvent(AbstractApplicationContext.java:402)
	at org.springframework.context.support.AbstractApplicationContext.publishEvent(AbstractApplicationContext.java:359)
	at com.alibaba.cloud.dubbo.autoconfigure.DubboServiceDiscoveryAutoConfiguration.dispatchServiceInstancesChangedEvent(DubboServiceDiscoveryAutoConfiguration.java:161)
	at com.alibaba.cloud.dubbo.autoconfigure.DubboServiceDiscoveryAutoConfiguration.access$200(DubboServiceDiscoveryAutoConfiguration.java:107)
	at com.alibaba.cloud.dubbo.autoconfigure.DubboServiceDiscoveryAutoConfiguration$NacosConfiguration.lambda$subscribeEventListener$1(DubboServiceDiscoveryAutoConfiguration.java:541)
	at com.alibaba.nacos.client.naming.core.EventDispatcher$Notifier.run(EventDispatcher.java:128)
	at java.util.concurrent.ThreadPoolExecutor.runWorker(ThreadPoolExecutor.java:1149)
	at java.util.concurrent.ThreadPoolExecutor$Worker.run(ThreadPoolExecutor.java:624)
	at java.lang.Thread.run(Thread.java:748)
[${project.name}][${env:SERVER_PORT}] 2023‐03‐05
            21:45:37,476 [1;31mERROR[m [com.alibaba.nacos.naming.client.listener][DubboMetadataServiceInvocationHandler.java:54] ‐ No provider available in [invoker :interface org.apache.dubbo.rpc.service.GenericService -> spring-cloud://localhost:9090/org.apache.dubbo.registry.RegistryService?anyhost=true&application=merchant-service&bind.ip=192.168.199.177&bind.port=20891&check=false&deprecated=false&dubbo=2.0.2&dynamic=true&generic=true&group=merchant-application&interface=com.alibaba.cloud.dubbo.service.DubboMetadataService&lazy=false&methods=getAllServiceKeys,getServiceRestMetadata,getExportedURLs,getAllExportedURLs&pid=13745&qos.enable=false&qos.port=22310&register=true&register.ip=192.168.199.177&release=2.7.3&remote.application=merchant-application&retries=-1&revision=2.1.0.RELEASE&side=consumer&sticky=false&timeout=3000&timestamp=1678021929082&version=1.0.0,directory: org.apache.dubbo.registry.integration.RegistryDirectory@7757a37f, invoker :interface org.apache.dubbo.rpc.service.GenericService -> nacos://127.0.0.1:8848/org.apache.dubbo.registry.RegistryService?anyhost=true&application=merchant-service&category=providers&check=false&deprecated=false&dubbo=2.0.2&dynamic=true&generic=true&group=merchant-application&interface=com.alibaba.cloud.dubbo.service.DubboMetadataService&lazy=false&methods=getAllServiceKeys,getServiceRestMetadata,getExportedURLs,getAllExportedURLs&path=com.alibaba.cloud.dubbo.service.DubboMetadataService&pid=13745&protocol=dubbo&qos.enable=false&qos.port=22310&register=true&register.ip=192.168.199.177&release=2.7.3&remote.application=merchant-application&retries=-1&revision=2.1.0.RELEASE&side=consumer&sticky=false&timeout=3000&timestamp=1678021929082&version=1.0.0,directory: org.apache.dubbo.registry.integration.RegistryDirectory@7db162f2]
org.apache.dubbo.rpc.RpcException: No provider available in [invoker :interface org.apache.dubbo.rpc.service.GenericService -> spring-cloud://localhost:9090/org.apache.dubbo.registry.RegistryService?anyhost=true&application=merchant-service&bind.ip=192.168.199.177&bind.port=20891&check=false&deprecated=false&dubbo=2.0.2&dynamic=true&generic=true&group=merchant-application&interface=com.alibaba.cloud.dubbo.service.DubboMetadataService&lazy=false&methods=getAllServiceKeys,getServiceRestMetadata,getExportedURLs,getAllExportedURLs&pid=13745&qos.enable=false&qos.port=22310&register=true&register.ip=192.168.199.177&release=2.7.3&remote.application=merchant-application&retries=-1&revision=2.1.0.RELEASE&side=consumer&sticky=false&timeout=3000&timestamp=1678021929082&version=1.0.0,directory: org.apache.dubbo.registry.integration.RegistryDirectory@7757a37f, invoker :interface org.apache.dubbo.rpc.service.GenericService -> nacos://127.0.0.1:8848/org.apache.dubbo.registry.RegistryService?anyhost=true&application=merchant-service&category=providers&check=false&deprecated=false&dubbo=2.0.2&dynamic=true&generic=true&group=merchant-application&interface=com.alibaba.cloud.dubbo.service.DubboMetadataService&lazy=false&methods=getAllServiceKeys,getServiceRestMetadata,getExportedURLs,getAllExportedURLs&path=com.alibaba.cloud.dubbo.service.DubboMetadataService&pid=13745&protocol=dubbo&qos.enable=false&qos.port=22310&register=true&register.ip=192.168.199.177&release=2.7.3&remote.application=merchant-application&retries=-1&revision=2.1.0.RELEASE&side=consumer&sticky=false&timeout=3000&timestamp=1678021929082&version=1.0.0,directory: org.apache.dubbo.registry.integration.RegistryDirectory@7db162f2]
	at org.apache.dubbo.rpc.cluster.support.RegistryAwareClusterInvoker.doInvoke(RegistryAwareClusterInvoker.java:59)
	at org.apache.dubbo.rpc.cluster.support.AbstractClusterInvoker.invoke(AbstractClusterInvoker.java:248)
	at org.apache.dubbo.rpc.cluster.support.wrapper.MockClusterInvoker.invoke(MockClusterInvoker.java:78)
	at org.apache.dubbo.rpc.proxy.InvokerInvocationHandler.invoke(InvokerInvocationHandler.java:55)
	at org.apache.dubbo.common.bytecode.proxy0.$invoke(proxy0.java)
	at com.alibaba.cloud.dubbo.service.DubboMetadataServiceInvocationHandler.invoke(DubboMetadataServiceInvocationHandler.java:49)
	at com.sun.proxy.$Proxy140.getExportedURLs(Unknown Source)
	at com.alibaba.cloud.dubbo.registry.AbstractSpringCloudRegistry.getExportedURLs(AbstractSpringCloudRegistry.java:328)
	at com.alibaba.cloud.dubbo.registry.AbstractSpringCloudRegistry.subscribeDubboServiceURL(AbstractSpringCloudRegistry.java:260)
	at com.alibaba.cloud.dubbo.registry.AbstractSpringCloudRegistry$1.onApplicationEvent(AbstractSpringCloudRegistry.java:193)
	at com.alibaba.cloud.dubbo.registry.AbstractSpringCloudRegistry$1.onApplicationEvent(AbstractSpringCloudRegistry.java:186)
	at org.springframework.context.event.SimpleApplicationEventMulticaster.doInvokeListener(SimpleApplicationEventMulticaster.java:172)
	at org.springframework.context.event.SimpleApplicationEventMulticaster.invokeListener(SimpleApplicationEventMulticaster.java:165)
	at org.springframework.context.event.SimpleApplicationEventMulticaster.multicastEvent(SimpleApplicationEventMulticaster.java:139)
	at org.springframework.context.support.AbstractApplicationContext.publishEvent(AbstractApplicationContext.java:402)
	at org.springframework.context.support.AbstractApplicationContext.publishEvent(AbstractApplicationContext.java:359)
	at com.alibaba.cloud.dubbo.autoconfigure.DubboServiceDiscoveryAutoConfiguration.dispatchServiceInstancesChangedEvent(DubboServiceDiscoveryAutoConfiguration.java:161)
	at com.alibaba.cloud.dubbo.autoconfigure.DubboServiceDiscoveryAutoConfiguration.access$200(DubboServiceDiscoveryAutoConfiguration.java:107)
	at com.alibaba.cloud.dubbo.autoconfigure.DubboServiceDiscoveryAutoConfiguration$NacosConfiguration.lambda$subscribeEventListener$1(DubboServiceDiscoveryAutoConfiguration.java:541)
	at com.alibaba.nacos.client.naming.core.EventDispatcher$Notifier.run(EventDispatcher.java:128)
	at java.util.concurrent.ThreadPoolExecutor.runWorker(ThreadPoolExecutor.java:1149)
	at java.util.concurrent.ThreadPoolExecutor$Worker.run(ThreadPoolExecutor.java:624)
	at java.lang.Thread.run(Thread.java:748)
[${project.name}][${env:SERVER_PORT}] 2023‐03‐05
            21:46:46,726 [1;31mERROR[m [com.alibaba.nacos.naming.client.listener][DubboMetadataServiceInvocationHandler.java:54] ‐ No provider available in [invoker :interface org.apache.dubbo.rpc.service.GenericService -> spring-cloud://localhost:9090/org.apache.dubbo.registry.RegistryService?anyhost=true&application=merchant-service&bind.ip=192.168.199.177&bind.port=20891&check=false&deprecated=false&dubbo=2.0.2&dynamic=true&generic=true&group=merchant-application&interface=com.alibaba.cloud.dubbo.service.DubboMetadataService&lazy=false&methods=getAllServiceKeys,getServiceRestMetadata,getExportedURLs,getAllExportedURLs&pid=13745&qos.enable=false&qos.port=22310&register=true&register.ip=192.168.199.177&release=2.7.3&remote.application=merchant-application&retries=-1&revision=2.1.0.RELEASE&side=consumer&sticky=false&timeout=3000&timestamp=1678021929082&version=1.0.0,directory: org.apache.dubbo.registry.integration.RegistryDirectory@7757a37f, invoker :interface org.apache.dubbo.rpc.service.GenericService -> nacos://127.0.0.1:8848/org.apache.dubbo.registry.RegistryService?anyhost=true&application=merchant-service&category=providers&check=false&deprecated=false&dubbo=2.0.2&dynamic=true&generic=true&group=merchant-application&interface=com.alibaba.cloud.dubbo.service.DubboMetadataService&lazy=false&methods=getAllServiceKeys,getServiceRestMetadata,getExportedURLs,getAllExportedURLs&path=com.alibaba.cloud.dubbo.service.DubboMetadataService&pid=13745&protocol=dubbo&qos.enable=false&qos.port=22310&register=true&register.ip=192.168.199.177&release=2.7.3&remote.application=merchant-application&retries=-1&revision=2.1.0.RELEASE&side=consumer&sticky=false&timeout=3000&timestamp=1678021929082&version=1.0.0,directory: org.apache.dubbo.registry.integration.RegistryDirectory@7db162f2]
org.apache.dubbo.rpc.RpcException: No provider available in [invoker :interface org.apache.dubbo.rpc.service.GenericService -> spring-cloud://localhost:9090/org.apache.dubbo.registry.RegistryService?anyhost=true&application=merchant-service&bind.ip=192.168.199.177&bind.port=20891&check=false&deprecated=false&dubbo=2.0.2&dynamic=true&generic=true&group=merchant-application&interface=com.alibaba.cloud.dubbo.service.DubboMetadataService&lazy=false&methods=getAllServiceKeys,getServiceRestMetadata,getExportedURLs,getAllExportedURLs&pid=13745&qos.enable=false&qos.port=22310&register=true&register.ip=192.168.199.177&release=2.7.3&remote.application=merchant-application&retries=-1&revision=2.1.0.RELEASE&side=consumer&sticky=false&timeout=3000&timestamp=1678021929082&version=1.0.0,directory: org.apache.dubbo.registry.integration.RegistryDirectory@7757a37f, invoker :interface org.apache.dubbo.rpc.service.GenericService -> nacos://127.0.0.1:8848/org.apache.dubbo.registry.RegistryService?anyhost=true&application=merchant-service&category=providers&check=false&deprecated=false&dubbo=2.0.2&dynamic=true&generic=true&group=merchant-application&interface=com.alibaba.cloud.dubbo.service.DubboMetadataService&lazy=false&methods=getAllServiceKeys,getServiceRestMetadata,getExportedURLs,getAllExportedURLs&path=com.alibaba.cloud.dubbo.service.DubboMetadataService&pid=13745&protocol=dubbo&qos.enable=false&qos.port=22310&register=true&register.ip=192.168.199.177&release=2.7.3&remote.application=merchant-application&retries=-1&revision=2.1.0.RELEASE&side=consumer&sticky=false&timeout=3000&timestamp=1678021929082&version=1.0.0,directory: org.apache.dubbo.registry.integration.RegistryDirectory@7db162f2]
	at org.apache.dubbo.rpc.cluster.support.RegistryAwareClusterInvoker.doInvoke(RegistryAwareClusterInvoker.java:59)
	at org.apache.dubbo.rpc.cluster.support.AbstractClusterInvoker.invoke(AbstractClusterInvoker.java:248)
	at org.apache.dubbo.rpc.cluster.support.wrapper.MockClusterInvoker.invoke(MockClusterInvoker.java:78)
	at org.apache.dubbo.rpc.proxy.InvokerInvocationHandler.invoke(InvokerInvocationHandler.java:55)
	at org.apache.dubbo.common.bytecode.proxy0.$invoke(proxy0.java)
	at com.alibaba.cloud.dubbo.service.DubboMetadataServiceInvocationHandler.invoke(DubboMetadataServiceInvocationHandler.java:49)
	at com.sun.proxy.$Proxy140.getExportedURLs(Unknown Source)
	at com.alibaba.cloud.dubbo.registry.AbstractSpringCloudRegistry.getExportedURLs(AbstractSpringCloudRegistry.java:328)
	at com.alibaba.cloud.dubbo.registry.AbstractSpringCloudRegistry.subscribeDubboServiceURL(AbstractSpringCloudRegistry.java:260)
	at com.alibaba.cloud.dubbo.registry.AbstractSpringCloudRegistry$1.onApplicationEvent(AbstractSpringCloudRegistry.java:193)
	at com.alibaba.cloud.dubbo.registry.AbstractSpringCloudRegistry$1.onApplicationEvent(AbstractSpringCloudRegistry.java:186)
	at org.springframework.context.event.SimpleApplicationEventMulticaster.doInvokeListener(SimpleApplicationEventMulticaster.java:172)
	at org.springframework.context.event.SimpleApplicationEventMulticaster.invokeListener(SimpleApplicationEventMulticaster.java:165)
	at org.springframework.context.event.SimpleApplicationEventMulticaster.multicastEvent(SimpleApplicationEventMulticaster.java:139)
	at org.springframework.context.support.AbstractApplicationContext.publishEvent(AbstractApplicationContext.java:402)
	at org.springframework.context.support.AbstractApplicationContext.publishEvent(AbstractApplicationContext.java:359)
	at com.alibaba.cloud.dubbo.autoconfigure.DubboServiceDiscoveryAutoConfiguration.dispatchServiceInstancesChangedEvent(DubboServiceDiscoveryAutoConfiguration.java:161)
	at com.alibaba.cloud.dubbo.autoconfigure.DubboServiceDiscoveryAutoConfiguration.access$200(DubboServiceDiscoveryAutoConfiguration.java:107)
	at com.alibaba.cloud.dubbo.autoconfigure.DubboServiceDiscoveryAutoConfiguration$NacosConfiguration.lambda$subscribeEventListener$1(DubboServiceDiscoveryAutoConfiguration.java:541)
	at com.alibaba.nacos.client.naming.core.EventDispatcher$Notifier.run(EventDispatcher.java:128)
	at java.util.concurrent.ThreadPoolExecutor.runWorker(ThreadPoolExecutor.java:1149)
	at java.util.concurrent.ThreadPoolExecutor$Worker.run(ThreadPoolExecutor.java:624)
	at java.lang.Thread.run(Thread.java:748)
[${project.name}][${env:SERVER_PORT}] 2023‐03‐05
            21:50:42,883 [1;31mERROR[m [main][SpringApplication.java:858] ‐ Application run failed
org.springframework.beans.factory.BeanDefinitionStoreException: Failed to read candidate component class: URL [jar:file:/Users/hsk/.m2/repository/io/springfox/springfox-spring-webmvc/3.0.0/springfox-spring-webmvc-3.0.0.jar!/springfox/documentation/spring/web/plugins/WebMvcRequestHandlerProvider.class]; nested exception is java.lang.IllegalArgumentException: Unresolvable class definition for class [springfox.documentation.spring.web.OnServletBasedWebApplication]
	at org.springframework.context.annotation.ClassPathScanningCandidateComponentProvider.scanCandidateComponents(ClassPathScanningCandidateComponentProvider.java:454)
	at org.springframework.context.annotation.ClassPathScanningCandidateComponentProvider.findCandidateComponents(ClassPathScanningCandidateComponentProvider.java:316)
	at org.springframework.context.annotation.ClassPathBeanDefinitionScanner.doScan(ClassPathBeanDefinitionScanner.java:275)
	at org.springframework.context.annotation.ComponentScanAnnotationParser.parse(ComponentScanAnnotationParser.java:132)
	at org.springframework.context.annotation.ConfigurationClassParser.doProcessConfigurationClass(ConfigurationClassParser.java:287)
	at org.springframework.context.annotation.ConfigurationClassParser.processConfigurationClass(ConfigurationClassParser.java:242)
	at org.springframework.context.annotation.ConfigurationClassParser.processImports(ConfigurationClassParser.java:589)
	at org.springframework.context.annotation.ConfigurationClassParser.doProcessConfigurationClass(ConfigurationClassParser.java:302)
	at org.springframework.context.annotation.ConfigurationClassParser.processConfigurationClass(ConfigurationClassParser.java:242)
	at org.springframework.context.annotation.ConfigurationClassParser.processImports(ConfigurationClassParser.java:589)
	at org.springframework.context.annotation.ConfigurationClassParser.doProcessConfigurationClass(ConfigurationClassParser.java:302)
	at org.springframework.context.annotation.ConfigurationClassParser.processConfigurationClass(ConfigurationClassParser.java:242)
	at org.springframework.context.annotation.ConfigurationClassParser.parse(ConfigurationClassParser.java:199)
	at org.springframework.context.annotation.ConfigurationClassParser.parse(ConfigurationClassParser.java:167)
	at org.springframework.context.annotation.ConfigurationClassPostProcessor.processConfigBeanDefinitions(ConfigurationClassPostProcessor.java:315)
	at org.springframework.context.annotation.ConfigurationClassPostProcessor.postProcessBeanDefinitionRegistry(ConfigurationClassPostProcessor.java:232)
	at org.springframework.context.support.PostProcessorRegistrationDelegate.invokeBeanDefinitionRegistryPostProcessors(PostProcessorRegistrationDelegate.java:275)
	at org.springframework.context.support.PostProcessorRegistrationDelegate.invokeBeanFactoryPostProcessors(PostProcessorRegistrationDelegate.java:95)
	at org.springframework.context.support.AbstractApplicationContext.invokeBeanFactoryPostProcessors(AbstractApplicationContext.java:705)
	at org.springframework.context.support.AbstractApplicationContext.refresh(AbstractApplicationContext.java:531)
	at org.springframework.boot.web.servlet.context.ServletWebServerApplicationContext.refresh(ServletWebServerApplicationContext.java:142)
	at org.springframework.boot.SpringApplication.refresh(SpringApplication.java:775)
	at org.springframework.boot.SpringApplication.refreshContext(SpringApplication.java:397)
	at org.springframework.boot.SpringApplication.run(SpringApplication.java:316)
	at org.springframework.boot.SpringApplication.run(SpringApplication.java:1260)
	at org.springframework.boot.SpringApplication.run(SpringApplication.java:1248)
	at com.jim.shanjupay.merchant.MerchantApplicationBootstrap.main(MerchantApplicationBootstrap.java:16)
Caused by: java.lang.IllegalArgumentException: Unresolvable class definition for class [springfox.documentation.spring.web.OnServletBasedWebApplication]
	at org.springframework.util.ClassUtils.resolveClassName(ClassUtils.java:322)
	at org.springframework.context.annotation.ConditionEvaluator.getCondition(ConditionEvaluator.java:124)
	at org.springframework.context.annotation.ConditionEvaluator.shouldSkip(ConditionEvaluator.java:96)
	at org.springframework.context.annotation.ConditionEvaluator.shouldSkip(ConditionEvaluator.java:88)
	at org.springframework.context.annotation.ConditionEvaluator.shouldSkip(ConditionEvaluator.java:71)
	at org.springframework.context.annotation.ClassPathScanningCandidateComponentProvider.isConditionMatch(ClassPathScanningCandidateComponentProvider.java:515)
	at org.springframework.context.annotation.ClassPathScanningCandidateComponentProvider.isCandidateComponent(ClassPathScanningCandidateComponentProvider.java:498)
	at org.springframework.context.annotation.ClassPathScanningCandidateComponentProvider.scanCandidateComponents(ClassPathScanningCandidateComponentProvider.java:431)
	... 26 more
Caused by: java.lang.NoClassDefFoundError: springfox/documentation/common/ClassPresentInClassPathCondition
	at java.lang.ClassLoader.defineClass1(Native Method)
	at java.lang.ClassLoader.defineClass(ClassLoader.java:763)
	at java.security.SecureClassLoader.defineClass(SecureClassLoader.java:142)
	at java.net.URLClassLoader.defineClass(URLClassLoader.java:468)
	at java.net.URLClassLoader.access$100(URLClassLoader.java:74)
	at java.net.URLClassLoader$1.run(URLClassLoader.java:369)
	at java.net.URLClassLoader$1.run(URLClassLoader.java:363)
	at java.security.AccessController.doPrivileged(Native Method)
	at java.net.URLClassLoader.findClass(URLClassLoader.java:362)
	at java.lang.ClassLoader.loadClass(ClassLoader.java:424)
	at sun.misc.Launcher$AppClassLoader.loadClass(Launcher.java:349)
	at java.lang.ClassLoader.loadClass(ClassLoader.java:357)
	at java.lang.Class.forName0(Native Method)
	at java.lang.Class.forName(Class.java:348)
	at org.springframework.util.ClassUtils.forName(ClassUtils.java:275)
	at org.springframework.util.ClassUtils.resolveClassName(ClassUtils.java:315)
	... 33 more
Caused by: java.lang.ClassNotFoundException: springfox.documentation.common.ClassPresentInClassPathCondition
	at java.net.URLClassLoader.findClass(URLClassLoader.java:382)
	at java.lang.ClassLoader.loadClass(ClassLoader.java:424)
	at sun.misc.Launcher$AppClassLoader.loadClass(Launcher.java:349)
	at java.lang.ClassLoader.loadClass(ClassLoader.java:357)
	... 49 more
[${project.name}][${env:SERVER_PORT}] 2023‐03‐05
            21:51:05,246 [1;31mERROR[m [main][SpringApplication.java:858] ‐ Application run failed
org.springframework.beans.factory.BeanDefinitionStoreException: Failed to read candidate component class: URL [jar:file:/Users/hsk/.m2/repository/io/springfox/springfox-spring-webmvc/3.0.0/springfox-spring-webmvc-3.0.0.jar!/springfox/documentation/spring/web/plugins/WebMvcRequestHandlerProvider.class]; nested exception is java.lang.IllegalArgumentException: Unresolvable class definition for class [springfox.documentation.spring.web.OnServletBasedWebApplication]
	at org.springframework.context.annotation.ClassPathScanningCandidateComponentProvider.scanCandidateComponents(ClassPathScanningCandidateComponentProvider.java:454)
	at org.springframework.context.annotation.ClassPathScanningCandidateComponentProvider.findCandidateComponents(ClassPathScanningCandidateComponentProvider.java:316)
	at org.springframework.context.annotation.ClassPathBeanDefinitionScanner.doScan(ClassPathBeanDefinitionScanner.java:275)
	at org.springframework.context.annotation.ComponentScanAnnotationParser.parse(ComponentScanAnnotationParser.java:132)
	at org.springframework.context.annotation.ConfigurationClassParser.doProcessConfigurationClass(ConfigurationClassParser.java:287)
	at org.springframework.context.annotation.ConfigurationClassParser.processConfigurationClass(ConfigurationClassParser.java:242)
	at org.springframework.context.annotation.ConfigurationClassParser.processImports(ConfigurationClassParser.java:589)
	at org.springframework.context.annotation.ConfigurationClassParser.doProcessConfigurationClass(ConfigurationClassParser.java:302)
	at org.springframework.context.annotation.ConfigurationClassParser.processConfigurationClass(ConfigurationClassParser.java:242)
	at org.springframework.context.annotation.ConfigurationClassParser.processImports(ConfigurationClassParser.java:589)
	at org.springframework.context.annotation.ConfigurationClassParser.doProcessConfigurationClass(ConfigurationClassParser.java:302)
	at org.springframework.context.annotation.ConfigurationClassParser.processConfigurationClass(ConfigurationClassParser.java:242)
	at org.springframework.context.annotation.ConfigurationClassParser.parse(ConfigurationClassParser.java:199)
	at org.springframework.context.annotation.ConfigurationClassParser.parse(ConfigurationClassParser.java:167)
	at org.springframework.context.annotation.ConfigurationClassPostProcessor.processConfigBeanDefinitions(ConfigurationClassPostProcessor.java:315)
	at org.springframework.context.annotation.ConfigurationClassPostProcessor.postProcessBeanDefinitionRegistry(ConfigurationClassPostProcessor.java:232)
	at org.springframework.context.support.PostProcessorRegistrationDelegate.invokeBeanDefinitionRegistryPostProcessors(PostProcessorRegistrationDelegate.java:275)
	at org.springframework.context.support.PostProcessorRegistrationDelegate.invokeBeanFactoryPostProcessors(PostProcessorRegistrationDelegate.java:95)
	at org.springframework.context.support.AbstractApplicationContext.invokeBeanFactoryPostProcessors(AbstractApplicationContext.java:705)
	at org.springframework.context.support.AbstractApplicationContext.refresh(AbstractApplicationContext.java:531)
	at org.springframework.boot.web.servlet.context.ServletWebServerApplicationContext.refresh(ServletWebServerApplicationContext.java:142)
	at org.springframework.boot.SpringApplication.refresh(SpringApplication.java:775)
	at org.springframework.boot.SpringApplication.refreshContext(SpringApplication.java:397)
	at org.springframework.boot.SpringApplication.run(SpringApplication.java:316)
	at org.springframework.boot.SpringApplication.run(SpringApplication.java:1260)
	at org.springframework.boot.SpringApplication.run(SpringApplication.java:1248)
	at com.jim.shanjupay.merchant.MerchantApplicationBootstrap.main(MerchantApplicationBootstrap.java:16)
Caused by: java.lang.IllegalArgumentException: Unresolvable class definition for class [springfox.documentation.spring.web.OnServletBasedWebApplication]
	at org.springframework.util.ClassUtils.resolveClassName(ClassUtils.java:322)
	at org.springframework.context.annotation.ConditionEvaluator.getCondition(ConditionEvaluator.java:124)
	at org.springframework.context.annotation.ConditionEvaluator.shouldSkip(ConditionEvaluator.java:96)
	at org.springframework.context.annotation.ConditionEvaluator.shouldSkip(ConditionEvaluator.java:88)
	at org.springframework.context.annotation.ConditionEvaluator.shouldSkip(ConditionEvaluator.java:71)
	at org.springframework.context.annotation.ClassPathScanningCandidateComponentProvider.isConditionMatch(ClassPathScanningCandidateComponentProvider.java:515)
	at org.springframework.context.annotation.ClassPathScanningCandidateComponentProvider.isCandidateComponent(ClassPathScanningCandidateComponentProvider.java:498)
	at org.springframework.context.annotation.ClassPathScanningCandidateComponentProvider.scanCandidateComponents(ClassPathScanningCandidateComponentProvider.java:431)
	... 26 more
Caused by: java.lang.NoClassDefFoundError: springfox/documentation/common/ClassPresentInClassPathCondition
	at java.lang.ClassLoader.defineClass1(Native Method)
	at java.lang.ClassLoader.defineClass(ClassLoader.java:763)
	at java.security.SecureClassLoader.defineClass(SecureClassLoader.java:142)
	at java.net.URLClassLoader.defineClass(URLClassLoader.java:468)
	at java.net.URLClassLoader.access$100(URLClassLoader.java:74)
	at java.net.URLClassLoader$1.run(URLClassLoader.java:369)
	at java.net.URLClassLoader$1.run(URLClassLoader.java:363)
	at java.security.AccessController.doPrivileged(Native Method)
	at java.net.URLClassLoader.findClass(URLClassLoader.java:362)
	at java.lang.ClassLoader.loadClass(ClassLoader.java:424)
	at sun.misc.Launcher$AppClassLoader.loadClass(Launcher.java:349)
	at java.lang.ClassLoader.loadClass(ClassLoader.java:357)
	at java.lang.Class.forName0(Native Method)
	at java.lang.Class.forName(Class.java:348)
	at org.springframework.util.ClassUtils.forName(ClassUtils.java:275)
	at org.springframework.util.ClassUtils.resolveClassName(ClassUtils.java:315)
	... 33 more
Caused by: java.lang.ClassNotFoundException: springfox.documentation.common.ClassPresentInClassPathCondition
	at java.net.URLClassLoader.findClass(URLClassLoader.java:382)
	at java.lang.ClassLoader.loadClass(ClassLoader.java:424)
	at sun.misc.Launcher$AppClassLoader.loadClass(Launcher.java:349)
	at java.lang.ClassLoader.loadClass(ClassLoader.java:357)
	... 49 more
[${project.name}][${env:SERVER_PORT}] 2023‐03‐05
            21:51:20,833 [1;31mERROR[m [main][SpringApplication.java:858] ‐ Application run failed
org.springframework.beans.factory.BeanDefinitionStoreException: Failed to read candidate component class: URL [jar:file:/Users/hsk/.m2/repository/io/springfox/springfox-spring-webmvc/3.0.0/springfox-spring-webmvc-3.0.0.jar!/springfox/documentation/spring/web/plugins/WebMvcRequestHandlerProvider.class]; nested exception is java.lang.IllegalArgumentException: Unresolvable class definition for class [springfox.documentation.spring.web.OnServletBasedWebApplication]
	at org.springframework.context.annotation.ClassPathScanningCandidateComponentProvider.scanCandidateComponents(ClassPathScanningCandidateComponentProvider.java:454)
	at org.springframework.context.annotation.ClassPathScanningCandidateComponentProvider.findCandidateComponents(ClassPathScanningCandidateComponentProvider.java:316)
	at org.springframework.context.annotation.ClassPathBeanDefinitionScanner.doScan(ClassPathBeanDefinitionScanner.java:275)
	at org.springframework.context.annotation.ComponentScanAnnotationParser.parse(ComponentScanAnnotationParser.java:132)
	at org.springframework.context.annotation.ConfigurationClassParser.doProcessConfigurationClass(ConfigurationClassParser.java:287)
	at org.springframework.context.annotation.ConfigurationClassParser.processConfigurationClass(ConfigurationClassParser.java:242)
	at org.springframework.context.annotation.ConfigurationClassParser.processImports(ConfigurationClassParser.java:589)
	at org.springframework.context.annotation.ConfigurationClassParser.doProcessConfigurationClass(ConfigurationClassParser.java:302)
	at org.springframework.context.annotation.ConfigurationClassParser.processConfigurationClass(ConfigurationClassParser.java:242)
	at org.springframework.context.annotation.ConfigurationClassParser.processImports(ConfigurationClassParser.java:589)
	at org.springframework.context.annotation.ConfigurationClassParser.doProcessConfigurationClass(ConfigurationClassParser.java:302)
	at org.springframework.context.annotation.ConfigurationClassParser.processConfigurationClass(ConfigurationClassParser.java:242)
	at org.springframework.context.annotation.ConfigurationClassParser.parse(ConfigurationClassParser.java:199)
	at org.springframework.context.annotation.ConfigurationClassParser.parse(ConfigurationClassParser.java:167)
	at org.springframework.context.annotation.ConfigurationClassPostProcessor.processConfigBeanDefinitions(ConfigurationClassPostProcessor.java:315)
	at org.springframework.context.annotation.ConfigurationClassPostProcessor.postProcessBeanDefinitionRegistry(ConfigurationClassPostProcessor.java:232)
	at org.springframework.context.support.PostProcessorRegistrationDelegate.invokeBeanDefinitionRegistryPostProcessors(PostProcessorRegistrationDelegate.java:275)
	at org.springframework.context.support.PostProcessorRegistrationDelegate.invokeBeanFactoryPostProcessors(PostProcessorRegistrationDelegate.java:95)
	at org.springframework.context.support.AbstractApplicationContext.invokeBeanFactoryPostProcessors(AbstractApplicationContext.java:705)
	at org.springframework.context.support.AbstractApplicationContext.refresh(AbstractApplicationContext.java:531)
	at org.springframework.boot.web.servlet.context.ServletWebServerApplicationContext.refresh(ServletWebServerApplicationContext.java:142)
	at org.springframework.boot.SpringApplication.refresh(SpringApplication.java:775)
	at org.springframework.boot.SpringApplication.refreshContext(SpringApplication.java:397)
	at org.springframework.boot.SpringApplication.run(SpringApplication.java:316)
	at org.springframework.boot.SpringApplication.run(SpringApplication.java:1260)
	at org.springframework.boot.SpringApplication.run(SpringApplication.java:1248)
	at com.jim.shanjupay.merchant.MerchantApplicationBootstrap.main(MerchantApplicationBootstrap.java:16)
Caused by: java.lang.IllegalArgumentException: Unresolvable class definition for class [springfox.documentation.spring.web.OnServletBasedWebApplication]
	at org.springframework.util.ClassUtils.resolveClassName(ClassUtils.java:322)
	at org.springframework.context.annotation.ConditionEvaluator.getCondition(ConditionEvaluator.java:124)
	at org.springframework.context.annotation.ConditionEvaluator.shouldSkip(ConditionEvaluator.java:96)
	at org.springframework.context.annotation.ConditionEvaluator.shouldSkip(ConditionEvaluator.java:88)
	at org.springframework.context.annotation.ConditionEvaluator.shouldSkip(ConditionEvaluator.java:71)
	at org.springframework.context.annotation.ClassPathScanningCandidateComponentProvider.isConditionMatch(ClassPathScanningCandidateComponentProvider.java:515)
	at org.springframework.context.annotation.ClassPathScanningCandidateComponentProvider.isCandidateComponent(ClassPathScanningCandidateComponentProvider.java:498)
	at org.springframework.context.annotation.ClassPathScanningCandidateComponentProvider.scanCandidateComponents(ClassPathScanningCandidateComponentProvider.java:431)
	... 26 more
Caused by: java.lang.NoClassDefFoundError: springfox/documentation/common/ClassPresentInClassPathCondition
	at java.lang.ClassLoader.defineClass1(Native Method)
	at java.lang.ClassLoader.defineClass(ClassLoader.java:763)
	at java.security.SecureClassLoader.defineClass(SecureClassLoader.java:142)
	at java.net.URLClassLoader.defineClass(URLClassLoader.java:468)
	at java.net.URLClassLoader.access$100(URLClassLoader.java:74)
	at java.net.URLClassLoader$1.run(URLClassLoader.java:369)
	at java.net.URLClassLoader$1.run(URLClassLoader.java:363)
	at java.security.AccessController.doPrivileged(Native Method)
	at java.net.URLClassLoader.findClass(URLClassLoader.java:362)
	at java.lang.ClassLoader.loadClass(ClassLoader.java:424)
	at sun.misc.Launcher$AppClassLoader.loadClass(Launcher.java:349)
	at java.lang.ClassLoader.loadClass(ClassLoader.java:357)
	at java.lang.Class.forName0(Native Method)
	at java.lang.Class.forName(Class.java:348)
	at org.springframework.util.ClassUtils.forName(ClassUtils.java:275)
	at org.springframework.util.ClassUtils.resolveClassName(ClassUtils.java:315)
	... 33 more
Caused by: java.lang.ClassNotFoundException: springfox.documentation.common.ClassPresentInClassPathCondition
	at java.net.URLClassLoader.findClass(URLClassLoader.java:382)
	at java.lang.ClassLoader.loadClass(ClassLoader.java:424)
	at sun.misc.Launcher$AppClassLoader.loadClass(Launcher.java:349)
	at java.lang.ClassLoader.loadClass(ClassLoader.java:357)
	... 49 more
[${project.name}][${env:SERVER_PORT}] 2023‐03‐05
            21:51:53,755 [1;31mERROR[m [com.alibaba.nacos.naming.client.listener][DubboMetadataServiceInvocationHandler.java:54] ‐ No provider available in [invoker :interface org.apache.dubbo.rpc.service.GenericService -> spring-cloud://localhost:9090/org.apache.dubbo.registry.RegistryService?anyhost=true&application=merchant-service&bind.ip=192.168.199.177&bind.port=20891&check=false&deprecated=false&dubbo=2.0.2&dynamic=true&generic=true&group=merchant-application&interface=com.alibaba.cloud.dubbo.service.DubboMetadataService&lazy=false&methods=getAllServiceKeys,getServiceRestMetadata,getExportedURLs,getAllExportedURLs&pid=13745&qos.enable=false&qos.port=22310&register=true&register.ip=192.168.199.177&release=2.7.3&remote.application=merchant-application&retries=-1&revision=2.1.0.RELEASE&side=consumer&sticky=false&timeout=3000&timestamp=1678021929082&version=1.0.0,directory: org.apache.dubbo.registry.integration.RegistryDirectory@7757a37f, invoker :interface org.apache.dubbo.rpc.service.GenericService -> nacos://127.0.0.1:8848/org.apache.dubbo.registry.RegistryService?anyhost=true&application=merchant-service&category=providers&check=false&deprecated=false&dubbo=2.0.2&dynamic=true&generic=true&group=merchant-application&interface=com.alibaba.cloud.dubbo.service.DubboMetadataService&lazy=false&methods=getAllServiceKeys,getServiceRestMetadata,getExportedURLs,getAllExportedURLs&path=com.alibaba.cloud.dubbo.service.DubboMetadataService&pid=13745&protocol=dubbo&qos.enable=false&qos.port=22310&register=true&register.ip=192.168.199.177&release=2.7.3&remote.application=merchant-application&retries=-1&revision=2.1.0.RELEASE&side=consumer&sticky=false&timeout=3000&timestamp=1678021929082&version=1.0.0,directory: org.apache.dubbo.registry.integration.RegistryDirectory@7db162f2]
org.apache.dubbo.rpc.RpcException: No provider available in [invoker :interface org.apache.dubbo.rpc.service.GenericService -> spring-cloud://localhost:9090/org.apache.dubbo.registry.RegistryService?anyhost=true&application=merchant-service&bind.ip=192.168.199.177&bind.port=20891&check=false&deprecated=false&dubbo=2.0.2&dynamic=true&generic=true&group=merchant-application&interface=com.alibaba.cloud.dubbo.service.DubboMetadataService&lazy=false&methods=getAllServiceKeys,getServiceRestMetadata,getExportedURLs,getAllExportedURLs&pid=13745&qos.enable=false&qos.port=22310&register=true&register.ip=192.168.199.177&release=2.7.3&remote.application=merchant-application&retries=-1&revision=2.1.0.RELEASE&side=consumer&sticky=false&timeout=3000&timestamp=1678021929082&version=1.0.0,directory: org.apache.dubbo.registry.integration.RegistryDirectory@7757a37f, invoker :interface org.apache.dubbo.rpc.service.GenericService -> nacos://127.0.0.1:8848/org.apache.dubbo.registry.RegistryService?anyhost=true&application=merchant-service&category=providers&check=false&deprecated=false&dubbo=2.0.2&dynamic=true&generic=true&group=merchant-application&interface=com.alibaba.cloud.dubbo.service.DubboMetadataService&lazy=false&methods=getAllServiceKeys,getServiceRestMetadata,getExportedURLs,getAllExportedURLs&path=com.alibaba.cloud.dubbo.service.DubboMetadataService&pid=13745&protocol=dubbo&qos.enable=false&qos.port=22310&register=true&register.ip=192.168.199.177&release=2.7.3&remote.application=merchant-application&retries=-1&revision=2.1.0.RELEASE&side=consumer&sticky=false&timeout=3000&timestamp=1678021929082&version=1.0.0,directory: org.apache.dubbo.registry.integration.RegistryDirectory@7db162f2]
	at org.apache.dubbo.rpc.cluster.support.RegistryAwareClusterInvoker.doInvoke(RegistryAwareClusterInvoker.java:59)
	at org.apache.dubbo.rpc.cluster.support.AbstractClusterInvoker.invoke(AbstractClusterInvoker.java:248)
	at org.apache.dubbo.rpc.cluster.support.wrapper.MockClusterInvoker.invoke(MockClusterInvoker.java:78)
	at org.apache.dubbo.rpc.proxy.InvokerInvocationHandler.invoke(InvokerInvocationHandler.java:55)
	at org.apache.dubbo.common.bytecode.proxy0.$invoke(proxy0.java)
	at com.alibaba.cloud.dubbo.service.DubboMetadataServiceInvocationHandler.invoke(DubboMetadataServiceInvocationHandler.java:49)
	at com.sun.proxy.$Proxy140.getExportedURLs(Unknown Source)
	at com.alibaba.cloud.dubbo.registry.AbstractSpringCloudRegistry.getExportedURLs(AbstractSpringCloudRegistry.java:328)
	at com.alibaba.cloud.dubbo.registry.AbstractSpringCloudRegistry.subscribeDubboServiceURL(AbstractSpringCloudRegistry.java:260)
	at com.alibaba.cloud.dubbo.registry.AbstractSpringCloudRegistry$1.onApplicationEvent(AbstractSpringCloudRegistry.java:193)
	at com.alibaba.cloud.dubbo.registry.AbstractSpringCloudRegistry$1.onApplicationEvent(AbstractSpringCloudRegistry.java:186)
	at org.springframework.context.event.SimpleApplicationEventMulticaster.doInvokeListener(SimpleApplicationEventMulticaster.java:172)
	at org.springframework.context.event.SimpleApplicationEventMulticaster.invokeListener(SimpleApplicationEventMulticaster.java:165)
	at org.springframework.context.event.SimpleApplicationEventMulticaster.multicastEvent(SimpleApplicationEventMulticaster.java:139)
	at org.springframework.context.support.AbstractApplicationContext.publishEvent(AbstractApplicationContext.java:402)
	at org.springframework.context.support.AbstractApplicationContext.publishEvent(AbstractApplicationContext.java:359)
	at com.alibaba.cloud.dubbo.autoconfigure.DubboServiceDiscoveryAutoConfiguration.dispatchServiceInstancesChangedEvent(DubboServiceDiscoveryAutoConfiguration.java:161)
	at com.alibaba.cloud.dubbo.autoconfigure.DubboServiceDiscoveryAutoConfiguration.access$200(DubboServiceDiscoveryAutoConfiguration.java:107)
	at com.alibaba.cloud.dubbo.autoconfigure.DubboServiceDiscoveryAutoConfiguration$NacosConfiguration.lambda$subscribeEventListener$1(DubboServiceDiscoveryAutoConfiguration.java:541)
	at com.alibaba.nacos.client.naming.core.EventDispatcher$Notifier.run(EventDispatcher.java:128)
	at java.util.concurrent.ThreadPoolExecutor.runWorker(ThreadPoolExecutor.java:1149)
	at java.util.concurrent.ThreadPoolExecutor$Worker.run(ThreadPoolExecutor.java:624)
	at java.lang.Thread.run(Thread.java:748)
[${project.name}][${env:SERVER_PORT}] 2023‐03‐05
            21:53:23,938 [1;31mERROR[m [main][LoggingFailureAnalysisReporter.java:42] ‐ 

***************************
APPLICATION FAILED TO START
***************************

Description:

An attempt was made to call the method org.springframework.plugin.core.PluginRegistry.getPluginFor(Ljava/lang/Object;)Ljava/util/Optional; but it does not exist. Its class, org.springframework.plugin.core.PluginRegistry, is available from the following locations:

    jar:file:/Users/hsk/.m2/repository/org/springframework/plugin/spring-plugin-core/1.2.0.RELEASE/spring-plugin-core-1.2.0.RELEASE.jar!/org/springframework/plugin/core/PluginRegistry.class

It was loaded from the following location:

    file:/Users/hsk/.m2/repository/org/springframework/plugin/spring-plugin-core/1.2.0.RELEASE/spring-plugin-core-1.2.0.RELEASE.jar


Action:

Correct the classpath of your application so that it contains a single, compatible version of org.springframework.plugin.core.PluginRegistry

[${project.name}][${env:SERVER_PORT}] 2023‐03‐05
            21:53:53,855 [1;31mERROR[m [ThreadPoolTaskScheduler-1][TaskUtils.java:96] ‐ Unexpected error occurred in scheduled task.
java.lang.IllegalStateException: org.springframework.boot.web.servlet.context.AnnotationConfigServletWebServerApplicationContext@12bfd80d has not been refreshed yet
	at org.springframework.context.support.AbstractApplicationContext.assertBeanFactoryActive(AbstractApplicationContext.java:1092)
	at org.springframework.context.support.AbstractApplicationContext.getBean(AbstractApplicationContext.java:1104)
	at org.springframework.context.event.ApplicationListenerMethodAdapter.getTargetBean(ApplicationListenerMethodAdapter.java:286)
	at org.springframework.context.event.ApplicationListenerMethodAdapter.doInvoke(ApplicationListenerMethodAdapter.java:256)
	at org.springframework.context.event.ApplicationListenerMethodAdapter.processEvent(ApplicationListenerMethodAdapter.java:179)
	at org.springframework.context.event.ApplicationListenerMethodAdapter.onApplicationEvent(ApplicationListenerMethodAdapter.java:142)
	at org.springframework.context.event.SimpleApplicationEventMulticaster.doInvokeListener(SimpleApplicationEventMulticaster.java:172)
	at org.springframework.context.event.SimpleApplicationEventMulticaster.invokeListener(SimpleApplicationEventMulticaster.java:165)
	at org.springframework.context.event.SimpleApplicationEventMulticaster.multicastEvent(SimpleApplicationEventMulticaster.java:139)
	at org.springframework.context.support.AbstractApplicationContext.publishEvent(AbstractApplicationContext.java:402)
	at org.springframework.context.support.AbstractApplicationContext.publishEvent(AbstractApplicationContext.java:359)
	at com.alibaba.cloud.nacos.discovery.NacosWatch.nacosServicesWatch(NacosWatch.java:120)
	at org.springframework.scheduling.support.DelegatingErrorHandlingRunnable.run(DelegatingErrorHandlingRunnable.java:54)
	at java.util.concurrent.Executors$RunnableAdapter.call(Executors.java:511)
	at java.util.concurrent.FutureTask.runAndReset(FutureTask.java:308)
	at java.util.concurrent.ScheduledThreadPoolExecutor$ScheduledFutureTask.access$301(ScheduledThreadPoolExecutor.java:180)
	at java.util.concurrent.ScheduledThreadPoolExecutor$ScheduledFutureTask.run(ScheduledThreadPoolExecutor.java:294)
	at java.util.concurrent.ThreadPoolExecutor.runWorker(ThreadPoolExecutor.java:1149)
	at java.util.concurrent.ThreadPoolExecutor$Worker.run(ThreadPoolExecutor.java:624)
	at java.lang.Thread.run(Thread.java:748)
[${project.name}][${env:SERVER_PORT}] 2023‐03‐05
            21:54:35,420 [1;31mERROR[m [main][LoggingFailureAnalysisReporter.java:42] ‐ 

***************************
APPLICATION FAILED TO START
***************************

Description:

An attempt was made to call the method org.springframework.plugin.core.PluginRegistry.getPluginFor(Ljava/lang/Object;)Ljava/util/Optional; but it does not exist. Its class, org.springframework.plugin.core.PluginRegistry, is available from the following locations:

    jar:file:/Users/hsk/.m2/repository/org/springframework/plugin/spring-plugin-core/1.2.0.RELEASE/spring-plugin-core-1.2.0.RELEASE.jar!/org/springframework/plugin/core/PluginRegistry.class

It was loaded from the following location:

    file:/Users/hsk/.m2/repository/org/springframework/plugin/spring-plugin-core/1.2.0.RELEASE/spring-plugin-core-1.2.0.RELEASE.jar


Action:

Correct the classpath of your application so that it contains a single, compatible version of org.springframework.plugin.core.PluginRegistry

[${project.name}][${env:SERVER_PORT}] 2023‐03‐05
            21:55:05,311 [1;31mERROR[m [ThreadPoolTaskScheduler-1][TaskUtils.java:96] ‐ Unexpected error occurred in scheduled task.
java.lang.IllegalStateException: org.springframework.boot.web.servlet.context.AnnotationConfigServletWebServerApplicationContext@2b95e48b has not been refreshed yet
	at org.springframework.context.support.AbstractApplicationContext.assertBeanFactoryActive(AbstractApplicationContext.java:1092)
	at org.springframework.context.support.AbstractApplicationContext.getBean(AbstractApplicationContext.java:1104)
	at org.springframework.context.event.ApplicationListenerMethodAdapter.getTargetBean(ApplicationListenerMethodAdapter.java:286)
	at org.springframework.context.event.ApplicationListenerMethodAdapter.doInvoke(ApplicationListenerMethodAdapter.java:256)
	at org.springframework.context.event.ApplicationListenerMethodAdapter.processEvent(ApplicationListenerMethodAdapter.java:179)
	at org.springframework.context.event.ApplicationListenerMethodAdapter.onApplicationEvent(ApplicationListenerMethodAdapter.java:142)
	at org.springframework.context.event.SimpleApplicationEventMulticaster.doInvokeListener(SimpleApplicationEventMulticaster.java:172)
	at org.springframework.context.event.SimpleApplicationEventMulticaster.invokeListener(SimpleApplicationEventMulticaster.java:165)
	at org.springframework.context.event.SimpleApplicationEventMulticaster.multicastEvent(SimpleApplicationEventMulticaster.java:139)
	at org.springframework.context.support.AbstractApplicationContext.publishEvent(AbstractApplicationContext.java:402)
	at org.springframework.context.support.AbstractApplicationContext.publishEvent(AbstractApplicationContext.java:359)
	at com.alibaba.cloud.nacos.discovery.NacosWatch.nacosServicesWatch(NacosWatch.java:120)
	at org.springframework.scheduling.support.DelegatingErrorHandlingRunnable.run(DelegatingErrorHandlingRunnable.java:54)
	at java.util.concurrent.Executors$RunnableAdapter.call(Executors.java:511)
	at java.util.concurrent.FutureTask.runAndReset(FutureTask.java:308)
	at java.util.concurrent.ScheduledThreadPoolExecutor$ScheduledFutureTask.access$301(ScheduledThreadPoolExecutor.java:180)
	at java.util.concurrent.ScheduledThreadPoolExecutor$ScheduledFutureTask.run(ScheduledThreadPoolExecutor.java:294)
	at java.util.concurrent.ThreadPoolExecutor.runWorker(ThreadPoolExecutor.java:1149)
	at java.util.concurrent.ThreadPoolExecutor$Worker.run(ThreadPoolExecutor.java:624)
	at java.lang.Thread.run(Thread.java:748)
[${project.name}][${env:SERVER_PORT}] 2023‐03‐05
            21:55:47,314 [1;31mERROR[m [com.alibaba.nacos.naming.client.listener][DubboMetadataServiceInvocationHandler.java:54] ‐ No provider available in [invoker :interface org.apache.dubbo.rpc.service.GenericService -> spring-cloud://localhost:9090/org.apache.dubbo.registry.RegistryService?anyhost=true&application=merchant-service&bind.ip=192.168.199.177&bind.port=20891&check=false&deprecated=false&dubbo=2.0.2&dynamic=true&generic=true&group=merchant-application&interface=com.alibaba.cloud.dubbo.service.DubboMetadataService&lazy=false&methods=getAllServiceKeys,getServiceRestMetadata,getExportedURLs,getAllExportedURLs&pid=13745&qos.enable=false&qos.port=22310&register=true&register.ip=192.168.199.177&release=2.7.3&remote.application=merchant-application&retries=-1&revision=2.1.0.RELEASE&side=consumer&sticky=false&timeout=3000&timestamp=1678021929082&version=1.0.0,directory: org.apache.dubbo.registry.integration.RegistryDirectory@7757a37f, invoker :interface org.apache.dubbo.rpc.service.GenericService -> nacos://127.0.0.1:8848/org.apache.dubbo.registry.RegistryService?anyhost=true&application=merchant-service&category=providers&check=false&deprecated=false&dubbo=2.0.2&dynamic=true&generic=true&group=merchant-application&interface=com.alibaba.cloud.dubbo.service.DubboMetadataService&lazy=false&methods=getAllServiceKeys,getServiceRestMetadata,getExportedURLs,getAllExportedURLs&path=com.alibaba.cloud.dubbo.service.DubboMetadataService&pid=13745&protocol=dubbo&qos.enable=false&qos.port=22310&register=true&register.ip=192.168.199.177&release=2.7.3&remote.application=merchant-application&retries=-1&revision=2.1.0.RELEASE&side=consumer&sticky=false&timeout=3000&timestamp=1678021929082&version=1.0.0,directory: org.apache.dubbo.registry.integration.RegistryDirectory@7db162f2]
org.apache.dubbo.rpc.RpcException: No provider available in [invoker :interface org.apache.dubbo.rpc.service.GenericService -> spring-cloud://localhost:9090/org.apache.dubbo.registry.RegistryService?anyhost=true&application=merchant-service&bind.ip=192.168.199.177&bind.port=20891&check=false&deprecated=false&dubbo=2.0.2&dynamic=true&generic=true&group=merchant-application&interface=com.alibaba.cloud.dubbo.service.DubboMetadataService&lazy=false&methods=getAllServiceKeys,getServiceRestMetadata,getExportedURLs,getAllExportedURLs&pid=13745&qos.enable=false&qos.port=22310&register=true&register.ip=192.168.199.177&release=2.7.3&remote.application=merchant-application&retries=-1&revision=2.1.0.RELEASE&side=consumer&sticky=false&timeout=3000&timestamp=1678021929082&version=1.0.0,directory: org.apache.dubbo.registry.integration.RegistryDirectory@7757a37f, invoker :interface org.apache.dubbo.rpc.service.GenericService -> nacos://127.0.0.1:8848/org.apache.dubbo.registry.RegistryService?anyhost=true&application=merchant-service&category=providers&check=false&deprecated=false&dubbo=2.0.2&dynamic=true&generic=true&group=merchant-application&interface=com.alibaba.cloud.dubbo.service.DubboMetadataService&lazy=false&methods=getAllServiceKeys,getServiceRestMetadata,getExportedURLs,getAllExportedURLs&path=com.alibaba.cloud.dubbo.service.DubboMetadataService&pid=13745&protocol=dubbo&qos.enable=false&qos.port=22310&register=true&register.ip=192.168.199.177&release=2.7.3&remote.application=merchant-application&retries=-1&revision=2.1.0.RELEASE&side=consumer&sticky=false&timeout=3000&timestamp=1678021929082&version=1.0.0,directory: org.apache.dubbo.registry.integration.RegistryDirectory@7db162f2]
	at org.apache.dubbo.rpc.cluster.support.RegistryAwareClusterInvoker.doInvoke(RegistryAwareClusterInvoker.java:59)
	at org.apache.dubbo.rpc.cluster.support.AbstractClusterInvoker.invoke(AbstractClusterInvoker.java:248)
	at org.apache.dubbo.rpc.cluster.support.wrapper.MockClusterInvoker.invoke(MockClusterInvoker.java:78)
	at org.apache.dubbo.rpc.proxy.InvokerInvocationHandler.invoke(InvokerInvocationHandler.java:55)
	at org.apache.dubbo.common.bytecode.proxy0.$invoke(proxy0.java)
	at com.alibaba.cloud.dubbo.service.DubboMetadataServiceInvocationHandler.invoke(DubboMetadataServiceInvocationHandler.java:49)
	at com.sun.proxy.$Proxy140.getExportedURLs(Unknown Source)
	at com.alibaba.cloud.dubbo.registry.AbstractSpringCloudRegistry.getExportedURLs(AbstractSpringCloudRegistry.java:328)
	at com.alibaba.cloud.dubbo.registry.AbstractSpringCloudRegistry.subscribeDubboServiceURL(AbstractSpringCloudRegistry.java:260)
	at com.alibaba.cloud.dubbo.registry.AbstractSpringCloudRegistry$1.onApplicationEvent(AbstractSpringCloudRegistry.java:193)
	at com.alibaba.cloud.dubbo.registry.AbstractSpringCloudRegistry$1.onApplicationEvent(AbstractSpringCloudRegistry.java:186)
	at org.springframework.context.event.SimpleApplicationEventMulticaster.doInvokeListener(SimpleApplicationEventMulticaster.java:172)
	at org.springframework.context.event.SimpleApplicationEventMulticaster.invokeListener(SimpleApplicationEventMulticaster.java:165)
	at org.springframework.context.event.SimpleApplicationEventMulticaster.multicastEvent(SimpleApplicationEventMulticaster.java:139)
	at org.springframework.context.support.AbstractApplicationContext.publishEvent(AbstractApplicationContext.java:402)
	at org.springframework.context.support.AbstractApplicationContext.publishEvent(AbstractApplicationContext.java:359)
	at com.alibaba.cloud.dubbo.autoconfigure.DubboServiceDiscoveryAutoConfiguration.dispatchServiceInstancesChangedEvent(DubboServiceDiscoveryAutoConfiguration.java:161)
	at com.alibaba.cloud.dubbo.autoconfigure.DubboServiceDiscoveryAutoConfiguration.access$200(DubboServiceDiscoveryAutoConfiguration.java:107)
	at com.alibaba.cloud.dubbo.autoconfigure.DubboServiceDiscoveryAutoConfiguration$NacosConfiguration.lambda$subscribeEventListener$1(DubboServiceDiscoveryAutoConfiguration.java:541)
	at com.alibaba.nacos.client.naming.core.EventDispatcher$Notifier.run(EventDispatcher.java:128)
	at java.util.concurrent.ThreadPoolExecutor.runWorker(ThreadPoolExecutor.java:1149)
	at java.util.concurrent.ThreadPoolExecutor$Worker.run(ThreadPoolExecutor.java:624)
	at java.lang.Thread.run(Thread.java:748)
[${project.name}][${env:SERVER_PORT}] 2023‐03‐05
            21:59:21,782 [1;31mERROR[m [com.alibaba.nacos.naming.client.listener][DubboMetadataServiceInvocationHandler.java:54] ‐ No provider available in [invoker :interface org.apache.dubbo.rpc.service.GenericService -> spring-cloud://localhost:9090/org.apache.dubbo.registry.RegistryService?anyhost=true&application=merchant-service&bind.ip=192.168.199.177&bind.port=20891&check=false&deprecated=false&dubbo=2.0.2&dynamic=true&generic=true&group=merchant-application&interface=com.alibaba.cloud.dubbo.service.DubboMetadataService&lazy=false&methods=getAllServiceKeys,getServiceRestMetadata,getExportedURLs,getAllExportedURLs&pid=13745&qos.enable=false&qos.port=22310&register=true&register.ip=192.168.199.177&release=2.7.3&remote.application=merchant-application&retries=-1&revision=2.1.0.RELEASE&side=consumer&sticky=false&timeout=3000&timestamp=1678021929082&version=1.0.0,directory: org.apache.dubbo.registry.integration.RegistryDirectory@7757a37f, invoker :interface org.apache.dubbo.rpc.service.GenericService -> nacos://127.0.0.1:8848/org.apache.dubbo.registry.RegistryService?application=merchant-service&check=false&dubbo=2.0.2&generic=true&group=merchant-application&interface=com.alibaba.cloud.dubbo.service.DubboMetadataService&lazy=false&pid=13745&qos.enable=false&qos.port=22310&register.ip=192.168.199.177&release=2.7.3&retries=-1&side=consumer&sticky=false&timeout=3000&timestamp=1678021929082&version=1.0.0,directory: org.apache.dubbo.registry.integration.RegistryDirectory@7db162f2]
org.apache.dubbo.rpc.RpcException: No provider available in [invoker :interface org.apache.dubbo.rpc.service.GenericService -> spring-cloud://localhost:9090/org.apache.dubbo.registry.RegistryService?anyhost=true&application=merchant-service&bind.ip=192.168.199.177&bind.port=20891&check=false&deprecated=false&dubbo=2.0.2&dynamic=true&generic=true&group=merchant-application&interface=com.alibaba.cloud.dubbo.service.DubboMetadataService&lazy=false&methods=getAllServiceKeys,getServiceRestMetadata,getExportedURLs,getAllExportedURLs&pid=13745&qos.enable=false&qos.port=22310&register=true&register.ip=192.168.199.177&release=2.7.3&remote.application=merchant-application&retries=-1&revision=2.1.0.RELEASE&side=consumer&sticky=false&timeout=3000&timestamp=1678021929082&version=1.0.0,directory: org.apache.dubbo.registry.integration.RegistryDirectory@7757a37f, invoker :interface org.apache.dubbo.rpc.service.GenericService -> nacos://127.0.0.1:8848/org.apache.dubbo.registry.RegistryService?application=merchant-service&check=false&dubbo=2.0.2&generic=true&group=merchant-application&interface=com.alibaba.cloud.dubbo.service.DubboMetadataService&lazy=false&pid=13745&qos.enable=false&qos.port=22310&register.ip=192.168.199.177&release=2.7.3&retries=-1&side=consumer&sticky=false&timeout=3000&timestamp=1678021929082&version=1.0.0,directory: org.apache.dubbo.registry.integration.RegistryDirectory@7db162f2]
	at org.apache.dubbo.rpc.cluster.support.RegistryAwareClusterInvoker.doInvoke(RegistryAwareClusterInvoker.java:59)
	at org.apache.dubbo.rpc.cluster.support.AbstractClusterInvoker.invoke(AbstractClusterInvoker.java:248)
	at org.apache.dubbo.rpc.cluster.support.wrapper.MockClusterInvoker.invoke(MockClusterInvoker.java:78)
	at org.apache.dubbo.rpc.proxy.InvokerInvocationHandler.invoke(InvokerInvocationHandler.java:55)
	at org.apache.dubbo.common.bytecode.proxy0.$invoke(proxy0.java)
	at com.alibaba.cloud.dubbo.service.DubboMetadataServiceInvocationHandler.invoke(DubboMetadataServiceInvocationHandler.java:49)
	at com.sun.proxy.$Proxy140.getExportedURLs(Unknown Source)
	at com.alibaba.cloud.dubbo.registry.AbstractSpringCloudRegistry.getExportedURLs(AbstractSpringCloudRegistry.java:328)
	at com.alibaba.cloud.dubbo.registry.AbstractSpringCloudRegistry.subscribeDubboServiceURL(AbstractSpringCloudRegistry.java:260)
	at com.alibaba.cloud.dubbo.registry.AbstractSpringCloudRegistry$1.onApplicationEvent(AbstractSpringCloudRegistry.java:193)
	at com.alibaba.cloud.dubbo.registry.AbstractSpringCloudRegistry$1.onApplicationEvent(AbstractSpringCloudRegistry.java:186)
	at org.springframework.context.event.SimpleApplicationEventMulticaster.doInvokeListener(SimpleApplicationEventMulticaster.java:172)
	at org.springframework.context.event.SimpleApplicationEventMulticaster.invokeListener(SimpleApplicationEventMulticaster.java:165)
	at org.springframework.context.event.SimpleApplicationEventMulticaster.multicastEvent(SimpleApplicationEventMulticaster.java:139)
	at org.springframework.context.support.AbstractApplicationContext.publishEvent(AbstractApplicationContext.java:402)
	at org.springframework.context.support.AbstractApplicationContext.publishEvent(AbstractApplicationContext.java:359)
	at com.alibaba.cloud.dubbo.autoconfigure.DubboServiceDiscoveryAutoConfiguration.dispatchServiceInstancesChangedEvent(DubboServiceDiscoveryAutoConfiguration.java:161)
	at com.alibaba.cloud.dubbo.autoconfigure.DubboServiceDiscoveryAutoConfiguration.access$200(DubboServiceDiscoveryAutoConfiguration.java:107)
	at com.alibaba.cloud.dubbo.autoconfigure.DubboServiceDiscoveryAutoConfiguration$NacosConfiguration.lambda$subscribeEventListener$1(DubboServiceDiscoveryAutoConfiguration.java:541)
	at com.alibaba.nacos.client.naming.core.EventDispatcher$Notifier.run(EventDispatcher.java:128)
	at java.util.concurrent.ThreadPoolExecutor.runWorker(ThreadPoolExecutor.java:1149)
	at java.util.concurrent.ThreadPoolExecutor$Worker.run(ThreadPoolExecutor.java:624)
	at java.lang.Thread.run(Thread.java:748)
