[${project.name}][${env:SERVER_PORT}] 2023-03-11 13:38:12,344 INFO [main][StartupInfoLogger.java:50] - Starting SailingBootstrap on jim.lan with PID 23471 (/Users/hsk/Documents/GitHub/Learn/Demos/SpringCloud_SaaS/sailing/target/classes started by hsk in /Users/hsk/Documents/GitHub/Learn/Demos/SpringCloud_SaaS)
[${project.name}][${env:SERVER_PORT}] 2023-03-11 13:38:12,350 INFO [main][SpringApplication.java:675] - No active profile set, falling back to default profiles: default
[${project.name}][${env:SERVER_PORT}] 2023-03-11 13:38:13,941 INFO [main][RepositoryConfigurationDelegate.java:244] - Multiple Spring Data modules found, entering strict repository configuration mode!
[${project.name}][${env:SERVER_PORT}] 2023-03-11 13:38:13,945 INFO [main][RepositoryConfigurationDelegate.java:126] - Bootstrapping Spring Data repositories in DEFAULT mode.
[${project.name}][${env:SERVER_PORT}] 2023-03-11 13:38:13,985 INFO [main][RepositoryConfigurationDelegate.java:182] - Finished Spring Data repository scanning in 27ms. Found 0 repository interfaces.
[${project.name}][${env:SERVER_PORT}] 2023-03-11 13:38:14,745 INFO [main][TomcatWebServer.java:90] - Tomcat initialized with port(s): 56085 (http)
[${project.name}][${env:SERVER_PORT}] 2023-03-11 13:38:14,771 INFO [main][DirectJDKLog.java:173] - Initializing ProtocolHandler ["http-nio-56085"]
[${project.name}][${env:SERVER_PORT}] 2023-03-11 13:38:14,783 INFO [main][DirectJDKLog.java:173] - Starting service [Tomcat]
[${project.name}][${env:SERVER_PORT}] 2023-03-11 13:38:14,783 INFO [main][DirectJDKLog.java:173] - Starting Servlet engine: [Apache Tomcat/9.0.16]
[${project.name}][${env:SERVER_PORT}] 2023-03-11 13:38:14,891 INFO [main][DirectJDKLog.java:173] - The APR based Apache Tomcat Native library which allows optimal performance in production environments was not found on the java.library.path: [/Users/hsk/Library/Java/Extensions:/Library/Java/Extensions:/Network/Library/Java/Extensions:/System/Library/Java/Extensions:/usr/lib/java:.]
[${project.name}][${env:SERVER_PORT}] 2023-03-11 13:38:15,036 INFO [main][DirectJDKLog.java:173] - Initializing Spring embedded WebApplicationContext
[${project.name}][${env:SERVER_PORT}] 2023-03-11 13:38:15,039 INFO [main][ServletWebServerApplicationContext.java:296] - Root WebApplicationContext: initialization completed in 2644 ms
[${project.name}][${env:SERVER_PORT}] 2023-03-11 13:38:16,173 INFO [main][EndpointLinksResolver.java:59] - Exposing 2 endpoint(s) beneath base path '/actuator'
[${project.name}][${env:SERVER_PORT}] 2023-03-11 13:38:16,316 INFO [main][PropertySourcedRequestMappingHandlerMapping.java:69] - Mapped URL path [/v2/api-docs] onto method [public org.springframework.http.ResponseEntity<springfox.documentation.spring.web.json.Json> springfox.documentation.swagger2.web.Swagger2Controller.getDocumentation(java.lang.String,javax.servlet.http.HttpServletRequest)]
[${project.name}][${env:SERVER_PORT}] 2023-03-11 13:38:16,455 INFO [main][ExecutorConfigurationSupport.java:171] - Initializing ExecutorService 'applicationTaskExecutor'
[${project.name}][${env:SERVER_PORT}] 2023-03-11 13:38:17,146 INFO [main][DocumentationPluginsBootstrapper.java:160] - Context refreshed
[${project.name}][${env:SERVER_PORT}] 2023-03-11 13:38:17,168 INFO [main][DocumentationPluginsBootstrapper.java:163] - Found 1 custom documentation plugin(s)
[${project.name}][${env:SERVER_PORT}] 2023-03-11 13:38:17,197 INFO [main][ApiListingReferenceScanner.java:41] - Scanning for api listing references
[${project.name}][${env:SERVER_PORT}] 2023-03-11 13:38:17,367 INFO [main][DirectJDKLog.java:173] - Starting ProtocolHandler ["http-nio-56085"]
[${project.name}][${env:SERVER_PORT}] 2023-03-11 13:38:17,464 INFO [main][TomcatWebServer.java:204] - Tomcat started on port(s): 56085 (http) with context path '/sailing'
[${project.name}][${env:SERVER_PORT}] 2023-03-11 13:38:17,478 INFO [main][StartupInfoLogger.java:59] - Started SailingBootstrap in 5.579 seconds (JVM running for 6.761)
[${project.name}][${env:SERVER_PORT}] 2023-03-11 13:38:18,125 INFO [RMI TCP Connection(18)-192.168.200.176][DirectJDKLog.java:173] - Initializing Spring DispatcherServlet 'dispatcherServlet'
[${project.name}][${env:SERVER_PORT}] 2023-03-11 13:38:18,135 INFO [RMI TCP Connection(18)-192.168.200.176][FrameworkServlet.java:524] - Initializing Servlet 'dispatcherServlet'
[${project.name}][${env:SERVER_PORT}] 2023-03-11 13:38:18,203 INFO [RMI TCP Connection(18)-192.168.200.176][FrameworkServlet.java:546] - Completed initialization in 66 ms
[${project.name}][${env:SERVER_PORT}] 2023-03-11 13:38:18,304 INFO [RMI TCP Connection(17)-192.168.200.176][EpollProvider.java:68] - Starting without optional epoll library
[${project.name}][${env:SERVER_PORT}] 2023-03-11 13:38:18,307 INFO [RMI TCP Connection(17)-192.168.200.176][KqueueProvider.java:70] - Starting without optional kqueue library
