2022-12-12 01:10:13.106  INFO 1961 --- [ForkJoinPool.commonPool-worker-1] o.s.boot.SpringApplication               : Starting application using Java 1.8.0_202 on jim.lan with PID 1961 (started by hsk in /Users/hsk/Project/JavaFX/Class)
2022-12-12 01:10:13.152  INFO 1961 --- [ForkJoinPool.commonPool-worker-1] o.s.boot.SpringApplication               : No active profile set, falling back to default profiles: default
2022-12-12 01:10:13.229  INFO 1961 --- [ForkJoinPool.commonPool-worker-1] .e.DevToolsPropertyDefaultsPostProcessor : For additional web related logging consider setting the 'logging.level.web' property to 'DEBUG'
2022-12-12 01:10:13.917  INFO 1961 --- [ForkJoinPool.commonPool-worker-1] .s.d.r.c.RepositoryConfigurationDelegate : Multiple Spring Data modules found, entering strict repository configuration mode!
2022-12-12 01:10:13.919  INFO 1961 --- [ForkJoinPool.commonPool-worker-1] .s.d.r.c.RepositoryConfigurationDelegate : Bootstrapping Spring Data Redis repositories in DEFAULT mode.
2022-12-12 01:10:13.947  INFO 1961 --- [ForkJoinPool.commonPool-worker-1] .s.d.r.c.RepositoryConfigurationDelegate : Finished Spring Data repository scanning in 19 ms. Found 0 Redis repository interfaces.
2022-12-12 01:10:14.279  INFO 1961 --- [ForkJoinPool.commonPool-worker-1] trationDelegate$BeanPostProcessorChecker : Bean 'org.springframework.ws.config.annotation.DelegatingWsConfiguration' of type [org.springframework.ws.config.annotation.DelegatingWsConfiguration$$EnhancerBySpringCGLIB$$1379b03e] is not eligible for getting processed by all BeanPostProcessors (for example: not eligible for auto-proxying)
2022-12-12 01:10:14.326  INFO 1961 --- [ForkJoinPool.commonPool-worker-1] .w.s.a.s.AnnotationActionEndpointMapping : Supporting [WS-Addressing August 2004, WS-Addressing 1.0]
2022-12-12 01:10:14.653  INFO 1961 --- [ForkJoinPool.commonPool-worker-1] o.s.b.w.embedded.tomcat.TomcatWebServer  : Tomcat initialized with port(s): 8080 (http)
2022-12-12 01:10:14.661  INFO 1961 --- [ForkJoinPool.commonPool-worker-1] o.apache.catalina.core.StandardService   : Starting service [Tomcat]
2022-12-12 01:10:14.662  INFO 1961 --- [ForkJoinPool.commonPool-worker-1] org.apache.catalina.core.StandardEngine  : Starting Servlet engine: [Apache Tomcat/9.0.56]
2022-12-12 01:10:14.728  INFO 1961 --- [ForkJoinPool.commonPool-worker-1] o.a.c.c.C.[Tomcat].[localhost].[/]       : Initializing Spring embedded WebApplicationContext
2022-12-12 01:10:14.730  INFO 1961 --- [ForkJoinPool.commonPool-worker-1] w.s.c.ServletWebServerApplicationContext : Root WebApplicationContext: initialization completed in 1500 ms
2022-12-12 01:10:15.782  INFO 1961 --- [ForkJoinPool.commonPool-worker-1] o.s.b.w.embedded.tomcat.TomcatWebServer  : Tomcat started on port(s): 8080 (http) with context path ''
2022-12-12 01:10:15.796  INFO 1961 --- [ForkJoinPool.commonPool-worker-1] o.s.boot.SpringApplication               : Started application in 3.292 seconds (JVM running for 4.924)
2022-12-12 01:10:15.871  WARN 1961 --- [JavaFX Application Thread] javafx                                   : Loading FXML document with JavaFX API of version 19 by JavaFX runtime of version 8.0.202
2022-12-12 01:10:21.056  WARN 1961 --- [JavaFX Application Thread] javafx                                   : Loading FXML document with JavaFX API of version 19 by JavaFX runtime of version 8.0.202
2022-12-12 01:10:23.626  INFO 1961 --- [JavaFX Application Thread] com.alibaba.druid.pool.DruidDataSource   : {dataSource-1} inited
2022-12-12 01:10:24.232  WARN 1961 --- [JavaFX Application Thread] javafx                                   : Loading FXML document with JavaFX API of version 19 by JavaFX runtime of version 8.0.202
2022-12-12 01:13:39.473  WARN 1961 --- [JavaFX Application Thread] c.a.druid.pool.DruidAbstractDataSource   : discard long time none received connection. , jdbcUrl : jdbc:mysql://127.0.0.1:3306/cclass?useUnicode=true&characterEncoding=utf-8&serverTimezone=GMT%2B8, version : 1.2.4, lastPacketReceivedIdleMillis : 195270
2022-12-12 01:19:17.571  WARN 1961 --- [JavaFX Application Thread] c.a.druid.pool.DruidAbstractDataSource   : discard long time none received connection. , jdbcUrl : jdbc:mysql://127.0.0.1:3306/cclass?useUnicode=true&characterEncoding=utf-8&serverTimezone=GMT%2B8, version : 1.2.4, lastPacketReceivedIdleMillis : 334381
2022-12-12 01:19:17.697  WARN 1961 --- [JavaFX Application Thread] javafx                                   : Loading FXML document with JavaFX API of version 19 by JavaFX runtime of version 8.0.202
2022-12-12 10:57:11.119  INFO 1961 --- [JavaFX Application Thread] com.alibaba.druid.pool.DruidDataSource   : {dataSource-1} closing ...
2022-12-12 10:57:11.128  INFO 1961 --- [JavaFX Application Thread] com.alibaba.druid.pool.DruidDataSource   : {dataSource-1} closed
